<?xml version="1.0" encoding="UTF-8"?>
<testsuite xmlns:xsi="http://www.w3.org/2001/XMLSchema-instance" xsi:noNamespaceSchemaLocation="https://maven.apache.org/surefire/maven-surefire-plugin/xsd/surefire-test-report-3.0.xsd" version="3.0" name="TestSuite" time="32.592" tests="15" errors="0" skipped="0" failures="1">
  <properties>
    <property name="sun.desktop" value="windows"/>
    <property name="awt.toolkit" value="sun.awt.windows.WToolkit"/>
    <property name="file.encoding.pkg" value="sun.io"/>
    <property name="java.specification.version" value="1.8"/>
    <property name="sun.cpu.isalist" value="amd64"/>
    <property name="sun.jnu.encoding" value="Cp1252"/>
    <property name="java.class.path" value="C:\Users\chowd\eclipse-workspace\Maven_Automating_Dropdowns\target\test-classes;C:\Users\chowd\eclipse-workspace\Maven_Automating_Dropdowns\target\classes;C:\Users\chowd\.m2\repository\com\github\ralfstuckert\pdfbox-layout\pdfbox2-layout\1.0.1\pdfbox2-layout-1.0.1.jar;C:\Users\chowd\.m2\repository\org\apache\pdfbox\pdfbox\2.0.4\pdfbox-2.0.4.jar;C:\Users\chowd\.m2\repository\org\apache\pdfbox\fontbox\2.0.4\fontbox-2.0.4.jar;C:\Program Files\Java\jdk1.8.0_333\lib\tools.jar;C:\Users\chowd\.m2\repository\org\seleniumhq\selenium\selenium-java\4.8.1\selenium-java-4.8.1.jar;C:\Users\chowd\.m2\repository\org\seleniumhq\selenium\selenium-api\4.8.1\selenium-api-4.8.1.jar;C:\Users\chowd\.m2\repository\org\seleniumhq\selenium\selenium-chrome-driver\4.8.1\selenium-chrome-driver-4.8.1.jar;C:\Users\chowd\.m2\repository\com\google\auto\service\auto-service-annotations\1.0.1\auto-service-annotations-1.0.1.jar;C:\Users\chowd\.m2\repository\com\google\auto\service\auto-service\1.0.1\auto-service-1.0.1.jar;C:\Users\chowd\.m2\repository\com\google\auto\auto-common\1.2\auto-common-1.2.jar;C:\Users\chowd\.m2\repository\com\google\guava\guava\31.1-jre\guava-31.1-jre.jar;C:\Users\chowd\.m2\repository\com\google\guava\failureaccess\1.0.1\failureaccess-1.0.1.jar;C:\Users\chowd\.m2\repository\com\google\guava\listenablefuture\9999.0-empty-to-avoid-conflict-with-guava\listenablefuture-9999.0-empty-to-avoid-conflict-with-guava.jar;C:\Users\chowd\.m2\repository\com\google\code\findbugs\jsr305\3.0.2\jsr305-3.0.2.jar;C:\Users\chowd\.m2\repository\org\checkerframework\checker-qual\3.12.0\checker-qual-3.12.0.jar;C:\Users\chowd\.m2\repository\com\google\errorprone\error_prone_annotations\2.11.0\error_prone_annotations-2.11.0.jar;C:\Users\chowd\.m2\repository\com\google\j2objc\j2objc-annotations\1.3\j2objc-annotations-1.3.jar;C:\Users\chowd\.m2\repository\org\seleniumhq\selenium\selenium-chromium-driver\4.8.1\selenium-chromium-driver-4.8.1.jar;C:\Users\chowd\.m2\repository\org\seleniumhq\selenium\selenium-json\4.8.1\selenium-json-4.8.1.jar;C:\Users\chowd\.m2\repository\org\seleniumhq\selenium\selenium-devtools-v108\4.8.1\selenium-devtools-v108-4.8.1.jar;C:\Users\chowd\.m2\repository\org\seleniumhq\selenium\selenium-devtools-v109\4.8.1\selenium-devtools-v109-4.8.1.jar;C:\Users\chowd\.m2\repository\org\seleniumhq\selenium\selenium-devtools-v110\4.8.1\selenium-devtools-v110-4.8.1.jar;C:\Users\chowd\.m2\repository\org\seleniumhq\selenium\selenium-devtools-v85\4.8.1\selenium-devtools-v85-4.8.1.jar;C:\Users\chowd\.m2\repository\org\seleniumhq\selenium\selenium-edge-driver\4.8.1\selenium-edge-driver-4.8.1.jar;C:\Users\chowd\.m2\repository\org\seleniumhq\selenium\selenium-firefox-driver\4.8.1\selenium-firefox-driver-4.8.1.jar;C:\Users\chowd\.m2\repository\org\seleniumhq\selenium\selenium-http\4.8.1\selenium-http-4.8.1.jar;C:\Users\chowd\.m2\repository\dev\failsafe\failsafe\3.3.0\failsafe-3.3.0.jar;C:\Users\chowd\.m2\repository\org\seleniumhq\selenium\selenium-ie-driver\4.8.1\selenium-ie-driver-4.8.1.jar;C:\Users\chowd\.m2\repository\org\seleniumhq\selenium\selenium-remote-driver\4.8.1\selenium-remote-driver-4.8.1.jar;C:\Users\chowd\.m2\repository\io\netty\netty-buffer\4.1.87.Final\netty-buffer-4.1.87.Final.jar;C:\Users\chowd\.m2\repository\io\netty\netty-codec-http\4.1.87.Final\netty-codec-http-4.1.87.Final.jar;C:\Users\chowd\.m2\repository\io\netty\netty-codec\4.1.87.Final\netty-codec-4.1.87.Final.jar;C:\Users\chowd\.m2\repository\io\netty\netty-handler\4.1.87.Final\netty-handler-4.1.87.Final.jar;C:\Users\chowd\.m2\repository\io\netty\netty-common\4.1.87.Final\netty-common-4.1.87.Final.jar;C:\Users\chowd\.m2\repository\io\netty\netty-transport-classes-epoll\4.1.87.Final\netty-transport-classes-epoll-4.1.87.Final.jar;C:\Users\chowd\.m2\repository\io\netty\netty-transport-classes-kqueue\4.1.87.Final\netty-transport-classes-kqueue-4.1.87.Final.jar;C:\Users\chowd\.m2\repository\io\netty\netty-transport-native-epoll\4.1.87.Final\netty-transport-native-epoll-4.1.87.Final.jar;C:\Users\chowd\.m2\repository\io\netty\netty-transport-native-kqueue\4.1.87.Final\netty-transport-native-kqueue-4.1.87.Final.jar;C:\Users\chowd\.m2\repository\io\netty\netty-transport-native-unix-common\4.1.87.Final\netty-transport-native-unix-common-4.1.87.Final.jar;C:\Users\chowd\.m2\repository\io\netty\netty-transport\4.1.87.Final\netty-transport-4.1.87.Final.jar;C:\Users\chowd\.m2\repository\io\netty\netty-resolver\4.1.87.Final\netty-resolver-4.1.87.Final.jar;C:\Users\chowd\.m2\repository\io\opentelemetry\opentelemetry-api\1.22.0\opentelemetry-api-1.22.0.jar;C:\Users\chowd\.m2\repository\io\opentelemetry\opentelemetry-context\1.22.0\opentelemetry-context-1.22.0.jar;C:\Users\chowd\.m2\repository\io\opentelemetry\opentelemetry-exporter-logging\1.22.0\opentelemetry-exporter-logging-1.22.0.jar;C:\Users\chowd\.m2\repository\io\opentelemetry\opentelemetry-sdk-metrics\1.22.0\opentelemetry-sdk-metrics-1.22.0.jar;C:\Users\chowd\.m2\repository\io\opentelemetry\opentelemetry-sdk-logs\1.22.0-alpha\opentelemetry-sdk-logs-1.22.0-alpha.jar;C:\Users\chowd\.m2\repository\io\opentelemetry\opentelemetry-api-logs\1.22.0-alpha\opentelemetry-api-logs-1.22.0-alpha.jar;C:\Users\chowd\.m2\repository\io\opentelemetry\opentelemetry-sdk-common\1.22.0\opentelemetry-sdk-common-1.22.0.jar;C:\Users\chowd\.m2\repository\io\opentelemetry\opentelemetry-sdk-extension-autoconfigure-spi\1.22.0\opentelemetry-sdk-extension-autoconfigure-spi-1.22.0.jar;C:\Users\chowd\.m2\repository\io\opentelemetry\opentelemetry-sdk-extension-autoconfigure\1.22.0-alpha\opentelemetry-sdk-extension-autoconfigure-1.22.0-alpha.jar;C:\Users\chowd\.m2\repository\io\opentelemetry\opentelemetry-sdk-trace\1.22.0\opentelemetry-sdk-trace-1.22.0.jar;C:\Users\chowd\.m2\repository\io\opentelemetry\opentelemetry-sdk\1.22.0\opentelemetry-sdk-1.22.0.jar;C:\Users\chowd\.m2\repository\io\opentelemetry\opentelemetry-semconv\1.22.0-alpha\opentelemetry-semconv-1.22.0-alpha.jar;C:\Users\chowd\.m2\repository\io\ous\jtoml\2.0.0\jtoml-2.0.0.jar;C:\Users\chowd\.m2\repository\net\bytebuddy\byte-buddy\1.12.22\byte-buddy-1.12.22.jar;C:\Users\chowd\.m2\repository\org\apache\commons\commons-exec\1.3\commons-exec-1.3.jar;C:\Users\chowd\.m2\repository\org\asynchttpclient\async-http-client\2.12.3\async-http-client-2.12.3.jar;C:\Users\chowd\.m2\repository\org\asynchttpclient\async-http-client-netty-utils\2.12.3\async-http-client-netty-utils-2.12.3.jar;C:\Users\chowd\.m2\repository\io\netty\netty-codec-socks\4.1.60.Final\netty-codec-socks-4.1.60.Final.jar;C:\Users\chowd\.m2\repository\io\netty\netty-handler-proxy\4.1.60.Final\netty-handler-proxy-4.1.60.Final.jar;C:\Users\chowd\.m2\repository\io\netty\netty-transport-native-epoll\4.1.60.Final\netty-transport-native-epoll-4.1.60.Final-linux-x86_64.jar;C:\Users\chowd\.m2\repository\io\netty\netty-transport-native-kqueue\4.1.60.Final\netty-transport-native-kqueue-4.1.60.Final-osx-x86_64.jar;C:\Users\chowd\.m2\repository\org\reactivestreams\reactive-streams\1.0.3\reactive-streams-1.0.3.jar;C:\Users\chowd\.m2\repository\com\typesafe\netty\netty-reactive-streams\2.0.4\netty-reactive-streams-2.0.4.jar;C:\Users\chowd\.m2\repository\com\sun\activation\jakarta.activation\1.2.2\jakarta.activation-1.2.2.jar;C:\Users\chowd\.m2\repository\org\seleniumhq\selenium\selenium-manager\4.8.1\selenium-manager-4.8.1.jar;C:\Users\chowd\.m2\repository\org\seleniumhq\selenium\selenium-safari-driver\4.8.1\selenium-safari-driver-4.8.1.jar;C:\Users\chowd\.m2\repository\org\seleniumhq\selenium\selenium-support\4.8.1\selenium-support-4.8.1.jar;C:\Users\chowd\.m2\repository\org\testng\testng\6.14.3\testng-6.14.3.jar;C:\Users\chowd\.m2\repository\com\beust\jcommander\1.72\jcommander-1.72.jar;C:\Users\chowd\.m2\repository\org\apache-extras\beanshell\bsh\2.0b6\bsh-2.0b6.jar;C:\Users\chowd\.m2\repository\io\appium\java-client\7.5.1\java-client-7.5.1.jar;C:\Users\chowd\.m2\repository\com\google\code\gson\gson\2.8.6\gson-2.8.6.jar;C:\Users\chowd\.m2\repository\org\apache\httpcomponents\httpclient\4.5.13\httpclient-4.5.13.jar;C:\Users\chowd\.m2\repository\org\apache\httpcomponents\httpcore\4.4.13\httpcore-4.4.13.jar;C:\Users\chowd\.m2\repository\cglib\cglib\3.3.0\cglib-3.3.0.jar;C:\Users\chowd\.m2\repository\commons-validator\commons-validator\1.7\commons-validator-1.7.jar;C:\Users\chowd\.m2\repository\commons-beanutils\commons-beanutils\1.9.4\commons-beanutils-1.9.4.jar;C:\Users\chowd\.m2\repository\commons-digester\commons-digester\2.1\commons-digester-2.1.jar;C:\Users\chowd\.m2\repository\org\apache\commons\commons-lang3\3.12.0\commons-lang3-3.12.0.jar;C:\Users\chowd\.m2\repository\org\springframework\spring-context\5.3.4\spring-context-5.3.4.jar;C:\Users\chowd\.m2\repository\org\springframework\spring-aop\5.3.4\spring-aop-5.3.4.jar;C:\Users\chowd\.m2\repository\org\springframework\spring-beans\5.3.4\spring-beans-5.3.4.jar;C:\Users\chowd\.m2\repository\org\springframework\spring-core\5.3.4\spring-core-5.3.4.jar;C:\Users\chowd\.m2\repository\org\springframework\spring-jcl\5.3.4\spring-jcl-5.3.4.jar;C:\Users\chowd\.m2\repository\org\springframework\spring-expression\5.3.4\spring-expression-5.3.4.jar;C:\Users\chowd\.m2\repository\org\aspectj\aspectjweaver\1.9.6\aspectjweaver-1.9.6.jar;C:\Users\chowd\.m2\repository\org\slf4j\slf4j-api\1.7.30\slf4j-api-1.7.30.jar;C:\Users\chowd\.m2\repository\io\github\bonigarcia\webdrivermanager\5.2.1\webdrivermanager-5.2.1.jar;C:\Users\chowd\.m2\repository\com\github\docker-java\docker-java\3.2.13\docker-java-3.2.13.jar;C:\Users\chowd\.m2\repository\com\github\docker-java\docker-java-core\3.2.13\docker-java-core-3.2.13.jar;C:\Users\chowd\.m2\repository\com\github\docker-java\docker-java-api\3.2.13\docker-java-api-3.2.13.jar;C:\Users\chowd\.m2\repository\org\bouncycastle\bcpkix-jdk15on\1.64\bcpkix-jdk15on-1.64.jar;C:\Users\chowd\.m2\repository\org\bouncycastle\bcprov-jdk15on\1.64\bcprov-jdk15on-1.64.jar;C:\Users\chowd\.m2\repository\org\slf4j\jcl-over-slf4j\1.7.30\jcl-over-slf4j-1.7.30.jar;C:\Users\chowd\.m2\repository\com\github\docker-java\docker-java-transport-httpclient5\3.2.13\docker-java-transport-httpclient5-3.2.13.jar;C:\Users\chowd\.m2\repository\com\github\docker-java\docker-java-transport\3.2.13\docker-java-transport-3.2.13.jar;C:\Users\chowd\.m2\repository\net\java\dev\jna\jna\5.8.0\jna-5.8.0.jar;C:\Users\chowd\.m2\repository\org\brotli\dec\0.1.2\dec-0.1.2.jar;C:\Users\chowd\.m2\repository\org\apache\httpcomponents\client5\httpclient5\5.1.3\httpclient5-5.1.3.jar;C:\Users\chowd\.m2\repository\org\apache\httpcomponents\core5\httpcore5\5.1.3\httpcore5-5.1.3.jar;C:\Users\chowd\.m2\repository\org\apache\httpcomponents\core5\httpcore5-h2\5.1.3\httpcore5-h2-5.1.3.jar;C:\Users\chowd\.m2\repository\io\cucumber\cucumber-core\6.10.4\cucumber-core-6.10.4.jar;C:\Users\chowd\.m2\repository\io\cucumber\cucumber-gherkin\6.10.4\cucumber-gherkin-6.10.4.jar;C:\Users\chowd\.m2\repository\io\cucumber\cucumber-gherkin-messages\6.10.4\cucumber-gherkin-messages-6.10.4.jar;C:\Users\chowd\.m2\repository\io\cucumber\messages\15.0.0\messages-15.0.0.jar;C:\Users\chowd\.m2\repository\io\cucumber\tag-expressions\3.0.1\tag-expressions-3.0.1.jar;C:\Users\chowd\.m2\repository\io\cucumber\cucumber-expressions\10.3.0\cucumber-expressions-10.3.0.jar;C:\Users\chowd\.m2\repository\io\cucumber\datatable\3.5.0\datatable-3.5.0.jar;C:\Users\chowd\.m2\repository\io\cucumber\cucumber-plugin\6.10.4\cucumber-plugin-6.10.4.jar;C:\Users\chowd\.m2\repository\io\cucumber\docstring\6.10.4\docstring-6.10.4.jar;C:\Users\chowd\.m2\repository\io\cucumber\html-formatter\13.0.0\html-formatter-13.0.0.jar;C:\Users\chowd\.m2\repository\io\cucumber\create-meta\4.0.0\create-meta-4.0.0.jar;C:\Users\chowd\.m2\repository\org\apiguardian\apiguardian-api\1.1.1\apiguardian-api-1.1.1.jar;C:\Users\chowd\.m2\repository\io\cucumber\cucumber-java\6.10.4\cucumber-java-6.10.4.jar;C:\Users\chowd\.m2\repository\io\cucumber\cucumber-junit\6.10.4\cucumber-junit-6.10.4.jar;C:\Users\chowd\.m2\repository\io\cucumber\cucumber-testng\6.10.4\cucumber-testng-6.10.4.jar;C:\Users\chowd\.m2\repository\io\cucumber\cucumber-jvm-deps\1.0.6\cucumber-jvm-deps-1.0.6.jar;C:\Users\chowd\.m2\repository\net\masterthought\cucumber-reporting\5.5.3\cucumber-reporting-5.5.3.jar;C:\Users\chowd\.m2\repository\com\fasterxml\jackson\core\jackson-databind\2.12.1\jackson-databind-2.12.1.jar;C:\Users\chowd\.m2\repository\com\fasterxml\jackson\core\jackson-annotations\2.12.1\jackson-annotations-2.12.1.jar;C:\Users\chowd\.m2\repository\com\fasterxml\jackson\core\jackson-core\2.12.1\jackson-core-2.12.1.jar;C:\Users\chowd\.m2\repository\com\fasterxml\jackson\datatype\jackson-datatype-jsr310\2.12.1\jackson-datatype-jsr310-2.12.1.jar;C:\Users\chowd\.m2\repository\org\apache\velocity\velocity-engine-core\2.2\velocity-engine-core-2.2.jar;C:\Users\chowd\.m2\repository\commons-collections\commons-collections\3.2.2\commons-collections-3.2.2.jar;C:\Users\chowd\.m2\repository\joda-time\joda-time\2.10.9\joda-time-2.10.9.jar;C:\Users\chowd\.m2\repository\org\codehaus\plexus\plexus-utils\3.3.0\plexus-utils-3.3.0.jar;C:\Users\chowd\.m2\repository\org\jsoup\jsoup\1.13.1\jsoup-1.13.1.jar;C:\Users\chowd\.m2\repository\com\googlecode\owasp-java-html-sanitizer\owasp-java-html-sanitizer\20200713.1\owasp-java-html-sanitizer-20200713.1.jar;C:\Users\chowd\.m2\repository\commons-configuration\commons-configuration\1.10\commons-configuration-1.10.jar;C:\Users\chowd\.m2\repository\commons-lang\commons-lang\2.6\commons-lang-2.6.jar;C:\Users\chowd\.m2\repository\org\hamcrest\hamcrest-core\2.2\hamcrest-core-2.2.jar;C:\Users\chowd\.m2\repository\org\hamcrest\hamcrest\2.2\hamcrest-2.2.jar;C:\Users\chowd\.m2\repository\io\cucumber\gherkin\5.1.0\gherkin-5.1.0.jar;C:\Users\chowd\.m2\repository\io\cucumber\gherkin-jvm-deps\1.0.4\gherkin-jvm-deps-1.0.4.jar;C:\Users\chowd\.m2\repository\net\sourceforge\cobertura\cobertura\2.1.1\cobertura-2.1.1.jar;C:\Users\chowd\.m2\repository\org\ow2\asm\asm\5.0.1\asm-5.0.1.jar;C:\Users\chowd\.m2\repository\org\ow2\asm\asm-tree\5.0.1\asm-tree-5.0.1.jar;C:\Users\chowd\.m2\repository\org\ow2\asm\asm-commons\5.0.1\asm-commons-5.0.1.jar;C:\Users\chowd\.m2\repository\org\ow2\asm\asm-util\5.0.1\asm-util-5.0.1.jar;C:\Users\chowd\.m2\repository\org\ow2\asm\asm-analysis\5.0.1\asm-analysis-5.0.1.jar;C:\Users\chowd\.m2\repository\oro\oro\2.0.8\oro-2.0.8.jar;C:\Users\chowd\.m2\repository\jaxen\jaxen\1.1.4\jaxen-1.1.4.jar;C:\Users\chowd\.m2\repository\org\apache\ant\ant\1.8.3\ant-1.8.3.jar;C:\Users\chowd\.m2\repository\org\apache\ant\ant-launcher\1.8.3\ant-launcher-1.8.3.jar;C:\Users\chowd\.m2\repository\org\apache\ant\ant-junit\1.8.3\ant-junit-1.8.3.jar;C:\Users\chowd\.m2\repository\org\mortbay\jetty\servlet-api-2.5\6.1.14\servlet-api-2.5-6.1.14.jar;C:\Users\chowd\.m2\repository\org\mortbay\jetty\jetty\6.1.14\jetty-6.1.14.jar;C:\Users\chowd\.m2\repository\org\mortbay\jetty\jetty-util\6.1.14\jetty-util-6.1.14.jar;C:\Users\chowd\.m2\repository\ch\qos\logback\logback-classic\1.0.13\logback-classic-1.0.13.jar;C:\Users\chowd\.m2\repository\ch\qos\logback\logback-core\1.0.13\logback-core-1.0.13.jar;C:\Users\chowd\.m2\repository\junit\junit\4.11\junit-4.11.jar;C:\Users\chowd\.m2\repository\org\apache\poi\poi-ooxml\4.1.1\poi-ooxml-4.1.1.jar;C:\Users\chowd\.m2\repository\org\apache\commons\commons-compress\1.19\commons-compress-1.19.jar;C:\Users\chowd\.m2\repository\com\github\virtuald\curvesapi\1.06\curvesapi-1.06.jar;C:\Users\chowd\.m2\repository\org\apache\poi\poi\4.1.1\poi-4.1.1.jar;C:\Users\chowd\.m2\repository\commons-codec\commons-codec\1.13\commons-codec-1.13.jar;C:\Users\chowd\.m2\repository\org\apache\commons\commons-collections4\4.4\commons-collections4-4.4.jar;C:\Users\chowd\.m2\repository\org\apache\commons\commons-math3\3.6.1\commons-math3-3.6.1.jar;C:\Users\chowd\.m2\repository\org\apache\poi\poi-ooxml-schemas\4.1.1\poi-ooxml-schemas-4.1.1.jar;C:\Users\chowd\.m2\repository\org\apache\xmlbeans\xmlbeans\3.1.0\xmlbeans-3.1.0.jar;C:\Users\chowd\.m2\repository\commons-io\commons-io\2.6\commons-io-2.6.jar;C:\Users\chowd\.m2\repository\org\apache\httpcomponents\fluent-hc\4.5.13\fluent-hc-4.5.13.jar;C:\Users\chowd\.m2\repository\commons-logging\commons-logging\1.2\commons-logging-1.2.jar;C:\Users\chowd\.m2\repository\org\apache\poi\poi-scratchpad\4.1.1\poi-scratchpad-4.1.1.jar;C:\Users\chowd\.m2\repository\org\apache\poi\openxml4j\1.0-beta\openxml4j-1.0-beta.jar;C:\Users\chowd\.m2\repository\dom4j\dom4j\1.6.1\dom4j-1.6.1.jar;C:\Users\chowd\.m2\repository\xml-apis\xml-apis\1.0.b2\xml-apis-1.0.b2.jar;C:\Users\chowd\.m2\repository\log4j\log4j\1.2.8\log4j-1.2.8.jar;C:\Users\chowd\.m2\repository\com\googlecode\json-simple\json-simple\1.1.1\json-simple-1.1.1.jar;C:\Users\chowd\.m2\repository\tech\grasshopper\extentreports-cucumber6-adapter\2.6.0\extentreports-cucumber6-adapter-2.6.0.jar;C:\Users\chowd\.m2\repository\com\aventstack\extentreports\5.0.5\extentreports-5.0.5.jar;C:\Users\chowd\.m2\repository\io\reactivex\rxjava3\rxjava\3.0.4\rxjava-3.0.4.jar;C:\Users\chowd\.m2\repository\org\freemarker\freemarker\2.3.30\freemarker-2.3.30.jar;C:\Users\chowd\.m2\repository\org\projectlombok\lombok\1.18.12\lombok-1.18.12.jar;C:\Users\chowd\.m2\repository\tech\grasshopper\extent-pdf-report\1.5.0\extent-pdf-report-1.5.0.jar;C:\Users\chowd\.m2\repository\tech\grasshopper\cucumber-pdf-report\1.7.0\cucumber-pdf-report-1.7.0.jar;C:\Users\chowd\.m2\repository\org\knowm\xchart\xchart\3.6.5\xchart-3.6.5.jar;C:\Users\chowd\.m2\repository\de\erichseifert\vectorgraphics2d\VectorGraphics2D\0.13\VectorGraphics2D-0.13.jar;C:\Users\chowd\.m2\repository\de\rototor\pdfbox\graphics2d\0.27\graphics2d-0.27.jar;C:\Users\chowd\.m2\repository\com\madgag\animated-gif-lib\1.4\animated-gif-lib-1.4.jar;C:\Users\chowd\.m2\repository\com\github\vandeseer\easytable\0.7.1\easytable-0.7.1.jar;C:\Users\chowd\.m2\repository\org\yaml\snakeyaml\1.27\snakeyaml-1.27.jar;C:\Users\chowd\.m2\repository\com\aventstack\klov-reporter\5.0.5\klov-reporter-5.0.5.jar;C:\Users\chowd\.m2\repository\org\mongodb\bson\3.6.4\bson-3.6.4.jar;C:\Users\chowd\.m2\repository\org\apache\httpcomponents\httpmime\4.5.2\httpmime-4.5.2.jar;C:\Users\chowd\.m2\repository\org\mongodb\mongodb-driver\3.3.0\mongodb-driver-3.3.0.jar;C:\Users\chowd\.m2\repository\org\mongodb\mongodb-driver-core\3.3.0\mongodb-driver-core-3.3.0.jar;"/>
    <property name="java.vm.vendor" value="Oracle Corporation"/>
    <property name="sun.arch.data.model" value="64"/>
    <property name="user.variant" value=""/>
    <property name="java.vendor.url" value="http://java.oracle.com/"/>
    <property name="user.timezone" value="America/Los_Angeles"/>
    <property name="java.vm.specification.version" value="1.8"/>
    <property name="os.name" value="Windows 11"/>
    <property name="user.country" value="US"/>
    <property name="sun.java.launcher" value="SUN_STANDARD"/>
    <property name="sun.boot.library.path" value="C:\Program Files\Java\jdk1.8.0_333\jre\bin"/>
    <property name="sun.java.command" value="C:\Users\chowd\AppData\Local\Temp\surefire6597681671860246049\surefirebooter-20230321222956011_3.jar C:\Users\chowd\AppData\Local\Temp\surefire6597681671860246049 2023-03-21T22-29-55_554-jvmRun1 surefire-20230321222956011_1tmp surefire_0-20230321222956011_2tmp"/>
    <property name="surefire.test.class.path" value="C:\Users\chowd\eclipse-workspace\Maven_Automating_Dropdowns\target\test-classes;C:\Users\chowd\eclipse-workspace\Maven_Automating_Dropdowns\target\classes;C:\Users\chowd\.m2\repository\com\github\ralfstuckert\pdfbox-layout\pdfbox2-layout\1.0.1\pdfbox2-layout-1.0.1.jar;C:\Users\chowd\.m2\repository\org\apache\pdfbox\pdfbox\2.0.4\pdfbox-2.0.4.jar;C:\Users\chowd\.m2\repository\org\apache\pdfbox\fontbox\2.0.4\fontbox-2.0.4.jar;C:\Program Files\Java\jdk1.8.0_333\lib\tools.jar;C:\Users\chowd\.m2\repository\org\seleniumhq\selenium\selenium-java\4.8.1\selenium-java-4.8.1.jar;C:\Users\chowd\.m2\repository\org\seleniumhq\selenium\selenium-api\4.8.1\selenium-api-4.8.1.jar;C:\Users\chowd\.m2\repository\org\seleniumhq\selenium\selenium-chrome-driver\4.8.1\selenium-chrome-driver-4.8.1.jar;C:\Users\chowd\.m2\repository\com\google\auto\service\auto-service-annotations\1.0.1\auto-service-annotations-1.0.1.jar;C:\Users\chowd\.m2\repository\com\google\auto\service\auto-service\1.0.1\auto-service-1.0.1.jar;C:\Users\chowd\.m2\repository\com\google\auto\auto-common\1.2\auto-common-1.2.jar;C:\Users\chowd\.m2\repository\com\google\guava\guava\31.1-jre\guava-31.1-jre.jar;C:\Users\chowd\.m2\repository\com\google\guava\failureaccess\1.0.1\failureaccess-1.0.1.jar;C:\Users\chowd\.m2\repository\com\google\guava\listenablefuture\9999.0-empty-to-avoid-conflict-with-guava\listenablefuture-9999.0-empty-to-avoid-conflict-with-guava.jar;C:\Users\chowd\.m2\repository\com\google\code\findbugs\jsr305\3.0.2\jsr305-3.0.2.jar;C:\Users\chowd\.m2\repository\org\checkerframework\checker-qual\3.12.0\checker-qual-3.12.0.jar;C:\Users\chowd\.m2\repository\com\google\errorprone\error_prone_annotations\2.11.0\error_prone_annotations-2.11.0.jar;C:\Users\chowd\.m2\repository\com\google\j2objc\j2objc-annotations\1.3\j2objc-annotations-1.3.jar;C:\Users\chowd\.m2\repository\org\seleniumhq\selenium\selenium-chromium-driver\4.8.1\selenium-chromium-driver-4.8.1.jar;C:\Users\chowd\.m2\repository\org\seleniumhq\selenium\selenium-json\4.8.1\selenium-json-4.8.1.jar;C:\Users\chowd\.m2\repository\org\seleniumhq\selenium\selenium-devtools-v108\4.8.1\selenium-devtools-v108-4.8.1.jar;C:\Users\chowd\.m2\repository\org\seleniumhq\selenium\selenium-devtools-v109\4.8.1\selenium-devtools-v109-4.8.1.jar;C:\Users\chowd\.m2\repository\org\seleniumhq\selenium\selenium-devtools-v110\4.8.1\selenium-devtools-v110-4.8.1.jar;C:\Users\chowd\.m2\repository\org\seleniumhq\selenium\selenium-devtools-v85\4.8.1\selenium-devtools-v85-4.8.1.jar;C:\Users\chowd\.m2\repository\org\seleniumhq\selenium\selenium-edge-driver\4.8.1\selenium-edge-driver-4.8.1.jar;C:\Users\chowd\.m2\repository\org\seleniumhq\selenium\selenium-firefox-driver\4.8.1\selenium-firefox-driver-4.8.1.jar;C:\Users\chowd\.m2\repository\org\seleniumhq\selenium\selenium-http\4.8.1\selenium-http-4.8.1.jar;C:\Users\chowd\.m2\repository\dev\failsafe\failsafe\3.3.0\failsafe-3.3.0.jar;C:\Users\chowd\.m2\repository\org\seleniumhq\selenium\selenium-ie-driver\4.8.1\selenium-ie-driver-4.8.1.jar;C:\Users\chowd\.m2\repository\org\seleniumhq\selenium\selenium-remote-driver\4.8.1\selenium-remote-driver-4.8.1.jar;C:\Users\chowd\.m2\repository\io\netty\netty-buffer\4.1.87.Final\netty-buffer-4.1.87.Final.jar;C:\Users\chowd\.m2\repository\io\netty\netty-codec-http\4.1.87.Final\netty-codec-http-4.1.87.Final.jar;C:\Users\chowd\.m2\repository\io\netty\netty-codec\4.1.87.Final\netty-codec-4.1.87.Final.jar;C:\Users\chowd\.m2\repository\io\netty\netty-handler\4.1.87.Final\netty-handler-4.1.87.Final.jar;C:\Users\chowd\.m2\repository\io\netty\netty-common\4.1.87.Final\netty-common-4.1.87.Final.jar;C:\Users\chowd\.m2\repository\io\netty\netty-transport-classes-epoll\4.1.87.Final\netty-transport-classes-epoll-4.1.87.Final.jar;C:\Users\chowd\.m2\repository\io\netty\netty-transport-classes-kqueue\4.1.87.Final\netty-transport-classes-kqueue-4.1.87.Final.jar;C:\Users\chowd\.m2\repository\io\netty\netty-transport-native-epoll\4.1.87.Final\netty-transport-native-epoll-4.1.87.Final.jar;C:\Users\chowd\.m2\repository\io\netty\netty-transport-native-kqueue\4.1.87.Final\netty-transport-native-kqueue-4.1.87.Final.jar;C:\Users\chowd\.m2\repository\io\netty\netty-transport-native-unix-common\4.1.87.Final\netty-transport-native-unix-common-4.1.87.Final.jar;C:\Users\chowd\.m2\repository\io\netty\netty-transport\4.1.87.Final\netty-transport-4.1.87.Final.jar;C:\Users\chowd\.m2\repository\io\netty\netty-resolver\4.1.87.Final\netty-resolver-4.1.87.Final.jar;C:\Users\chowd\.m2\repository\io\opentelemetry\opentelemetry-api\1.22.0\opentelemetry-api-1.22.0.jar;C:\Users\chowd\.m2\repository\io\opentelemetry\opentelemetry-context\1.22.0\opentelemetry-context-1.22.0.jar;C:\Users\chowd\.m2\repository\io\opentelemetry\opentelemetry-exporter-logging\1.22.0\opentelemetry-exporter-logging-1.22.0.jar;C:\Users\chowd\.m2\repository\io\opentelemetry\opentelemetry-sdk-metrics\1.22.0\opentelemetry-sdk-metrics-1.22.0.jar;C:\Users\chowd\.m2\repository\io\opentelemetry\opentelemetry-sdk-logs\1.22.0-alpha\opentelemetry-sdk-logs-1.22.0-alpha.jar;C:\Users\chowd\.m2\repository\io\opentelemetry\opentelemetry-api-logs\1.22.0-alpha\opentelemetry-api-logs-1.22.0-alpha.jar;C:\Users\chowd\.m2\repository\io\opentelemetry\opentelemetry-sdk-common\1.22.0\opentelemetry-sdk-common-1.22.0.jar;C:\Users\chowd\.m2\repository\io\opentelemetry\opentelemetry-sdk-extension-autoconfigure-spi\1.22.0\opentelemetry-sdk-extension-autoconfigure-spi-1.22.0.jar;C:\Users\chowd\.m2\repository\io\opentelemetry\opentelemetry-sdk-extension-autoconfigure\1.22.0-alpha\opentelemetry-sdk-extension-autoconfigure-1.22.0-alpha.jar;C:\Users\chowd\.m2\repository\io\opentelemetry\opentelemetry-sdk-trace\1.22.0\opentelemetry-sdk-trace-1.22.0.jar;C:\Users\chowd\.m2\repository\io\opentelemetry\opentelemetry-sdk\1.22.0\opentelemetry-sdk-1.22.0.jar;C:\Users\chowd\.m2\repository\io\opentelemetry\opentelemetry-semconv\1.22.0-alpha\opentelemetry-semconv-1.22.0-alpha.jar;C:\Users\chowd\.m2\repository\io\ous\jtoml\2.0.0\jtoml-2.0.0.jar;C:\Users\chowd\.m2\repository\net\bytebuddy\byte-buddy\1.12.22\byte-buddy-1.12.22.jar;C:\Users\chowd\.m2\repository\org\apache\commons\commons-exec\1.3\commons-exec-1.3.jar;C:\Users\chowd\.m2\repository\org\asynchttpclient\async-http-client\2.12.3\async-http-client-2.12.3.jar;C:\Users\chowd\.m2\repository\org\asynchttpclient\async-http-client-netty-utils\2.12.3\async-http-client-netty-utils-2.12.3.jar;C:\Users\chowd\.m2\repository\io\netty\netty-codec-socks\4.1.60.Final\netty-codec-socks-4.1.60.Final.jar;C:\Users\chowd\.m2\repository\io\netty\netty-handler-proxy\4.1.60.Final\netty-handler-proxy-4.1.60.Final.jar;C:\Users\chowd\.m2\repository\io\netty\netty-transport-native-epoll\4.1.60.Final\netty-transport-native-epoll-4.1.60.Final-linux-x86_64.jar;C:\Users\chowd\.m2\repository\io\netty\netty-transport-native-kqueue\4.1.60.Final\netty-transport-native-kqueue-4.1.60.Final-osx-x86_64.jar;C:\Users\chowd\.m2\repository\org\reactivestreams\reactive-streams\1.0.3\reactive-streams-1.0.3.jar;C:\Users\chowd\.m2\repository\com\typesafe\netty\netty-reactive-streams\2.0.4\netty-reactive-streams-2.0.4.jar;C:\Users\chowd\.m2\repository\com\sun\activation\jakarta.activation\1.2.2\jakarta.activation-1.2.2.jar;C:\Users\chowd\.m2\repository\org\seleniumhq\selenium\selenium-manager\4.8.1\selenium-manager-4.8.1.jar;C:\Users\chowd\.m2\repository\org\seleniumhq\selenium\selenium-safari-driver\4.8.1\selenium-safari-driver-4.8.1.jar;C:\Users\chowd\.m2\repository\org\seleniumhq\selenium\selenium-support\4.8.1\selenium-support-4.8.1.jar;C:\Users\chowd\.m2\repository\org\testng\testng\6.14.3\testng-6.14.3.jar;C:\Users\chowd\.m2\repository\com\beust\jcommander\1.72\jcommander-1.72.jar;C:\Users\chowd\.m2\repository\org\apache-extras\beanshell\bsh\2.0b6\bsh-2.0b6.jar;C:\Users\chowd\.m2\repository\io\appium\java-client\7.5.1\java-client-7.5.1.jar;C:\Users\chowd\.m2\repository\com\google\code\gson\gson\2.8.6\gson-2.8.6.jar;C:\Users\chowd\.m2\repository\org\apache\httpcomponents\httpclient\4.5.13\httpclient-4.5.13.jar;C:\Users\chowd\.m2\repository\org\apache\httpcomponents\httpcore\4.4.13\httpcore-4.4.13.jar;C:\Users\chowd\.m2\repository\cglib\cglib\3.3.0\cglib-3.3.0.jar;C:\Users\chowd\.m2\repository\commons-validator\commons-validator\1.7\commons-validator-1.7.jar;C:\Users\chowd\.m2\repository\commons-beanutils\commons-beanutils\1.9.4\commons-beanutils-1.9.4.jar;C:\Users\chowd\.m2\repository\commons-digester\commons-digester\2.1\commons-digester-2.1.jar;C:\Users\chowd\.m2\repository\org\apache\commons\commons-lang3\3.12.0\commons-lang3-3.12.0.jar;C:\Users\chowd\.m2\repository\org\springframework\spring-context\5.3.4\spring-context-5.3.4.jar;C:\Users\chowd\.m2\repository\org\springframework\spring-aop\5.3.4\spring-aop-5.3.4.jar;C:\Users\chowd\.m2\repository\org\springframework\spring-beans\5.3.4\spring-beans-5.3.4.jar;C:\Users\chowd\.m2\repository\org\springframework\spring-core\5.3.4\spring-core-5.3.4.jar;C:\Users\chowd\.m2\repository\org\springframework\spring-jcl\5.3.4\spring-jcl-5.3.4.jar;C:\Users\chowd\.m2\repository\org\springframework\spring-expression\5.3.4\spring-expression-5.3.4.jar;C:\Users\chowd\.m2\repository\org\aspectj\aspectjweaver\1.9.6\aspectjweaver-1.9.6.jar;C:\Users\chowd\.m2\repository\org\slf4j\slf4j-api\1.7.30\slf4j-api-1.7.30.jar;C:\Users\chowd\.m2\repository\io\github\bonigarcia\webdrivermanager\5.2.1\webdrivermanager-5.2.1.jar;C:\Users\chowd\.m2\repository\com\github\docker-java\docker-java\3.2.13\docker-java-3.2.13.jar;C:\Users\chowd\.m2\repository\com\github\docker-java\docker-java-core\3.2.13\docker-java-core-3.2.13.jar;C:\Users\chowd\.m2\repository\com\github\docker-java\docker-java-api\3.2.13\docker-java-api-3.2.13.jar;C:\Users\chowd\.m2\repository\org\bouncycastle\bcpkix-jdk15on\1.64\bcpkix-jdk15on-1.64.jar;C:\Users\chowd\.m2\repository\org\bouncycastle\bcprov-jdk15on\1.64\bcprov-jdk15on-1.64.jar;C:\Users\chowd\.m2\repository\org\slf4j\jcl-over-slf4j\1.7.30\jcl-over-slf4j-1.7.30.jar;C:\Users\chowd\.m2\repository\com\github\docker-java\docker-java-transport-httpclient5\3.2.13\docker-java-transport-httpclient5-3.2.13.jar;C:\Users\chowd\.m2\repository\com\github\docker-java\docker-java-transport\3.2.13\docker-java-transport-3.2.13.jar;C:\Users\chowd\.m2\repository\net\java\dev\jna\jna\5.8.0\jna-5.8.0.jar;C:\Users\chowd\.m2\repository\org\brotli\dec\0.1.2\dec-0.1.2.jar;C:\Users\chowd\.m2\repository\org\apache\httpcomponents\client5\httpclient5\5.1.3\httpclient5-5.1.3.jar;C:\Users\chowd\.m2\repository\org\apache\httpcomponents\core5\httpcore5\5.1.3\httpcore5-5.1.3.jar;C:\Users\chowd\.m2\repository\org\apache\httpcomponents\core5\httpcore5-h2\5.1.3\httpcore5-h2-5.1.3.jar;C:\Users\chowd\.m2\repository\io\cucumber\cucumber-core\6.10.4\cucumber-core-6.10.4.jar;C:\Users\chowd\.m2\repository\io\cucumber\cucumber-gherkin\6.10.4\cucumber-gherkin-6.10.4.jar;C:\Users\chowd\.m2\repository\io\cucumber\cucumber-gherkin-messages\6.10.4\cucumber-gherkin-messages-6.10.4.jar;C:\Users\chowd\.m2\repository\io\cucumber\messages\15.0.0\messages-15.0.0.jar;C:\Users\chowd\.m2\repository\io\cucumber\tag-expressions\3.0.1\tag-expressions-3.0.1.jar;C:\Users\chowd\.m2\repository\io\cucumber\cucumber-expressions\10.3.0\cucumber-expressions-10.3.0.jar;C:\Users\chowd\.m2\repository\io\cucumber\datatable\3.5.0\datatable-3.5.0.jar;C:\Users\chowd\.m2\repository\io\cucumber\cucumber-plugin\6.10.4\cucumber-plugin-6.10.4.jar;C:\Users\chowd\.m2\repository\io\cucumber\docstring\6.10.4\docstring-6.10.4.jar;C:\Users\chowd\.m2\repository\io\cucumber\html-formatter\13.0.0\html-formatter-13.0.0.jar;C:\Users\chowd\.m2\repository\io\cucumber\create-meta\4.0.0\create-meta-4.0.0.jar;C:\Users\chowd\.m2\repository\org\apiguardian\apiguardian-api\1.1.1\apiguardian-api-1.1.1.jar;C:\Users\chowd\.m2\repository\io\cucumber\cucumber-java\6.10.4\cucumber-java-6.10.4.jar;C:\Users\chowd\.m2\repository\io\cucumber\cucumber-junit\6.10.4\cucumber-junit-6.10.4.jar;C:\Users\chowd\.m2\repository\io\cucumber\cucumber-testng\6.10.4\cucumber-testng-6.10.4.jar;C:\Users\chowd\.m2\repository\io\cucumber\cucumber-jvm-deps\1.0.6\cucumber-jvm-deps-1.0.6.jar;C:\Users\chowd\.m2\repository\net\masterthought\cucumber-reporting\5.5.3\cucumber-reporting-5.5.3.jar;C:\Users\chowd\.m2\repository\com\fasterxml\jackson\core\jackson-databind\2.12.1\jackson-databind-2.12.1.jar;C:\Users\chowd\.m2\repository\com\fasterxml\jackson\core\jackson-annotations\2.12.1\jackson-annotations-2.12.1.jar;C:\Users\chowd\.m2\repository\com\fasterxml\jackson\core\jackson-core\2.12.1\jackson-core-2.12.1.jar;C:\Users\chowd\.m2\repository\com\fasterxml\jackson\datatype\jackson-datatype-jsr310\2.12.1\jackson-datatype-jsr310-2.12.1.jar;C:\Users\chowd\.m2\repository\org\apache\velocity\velocity-engine-core\2.2\velocity-engine-core-2.2.jar;C:\Users\chowd\.m2\repository\commons-collections\commons-collections\3.2.2\commons-collections-3.2.2.jar;C:\Users\chowd\.m2\repository\joda-time\joda-time\2.10.9\joda-time-2.10.9.jar;C:\Users\chowd\.m2\repository\org\codehaus\plexus\plexus-utils\3.3.0\plexus-utils-3.3.0.jar;C:\Users\chowd\.m2\repository\org\jsoup\jsoup\1.13.1\jsoup-1.13.1.jar;C:\Users\chowd\.m2\repository\com\googlecode\owasp-java-html-sanitizer\owasp-java-html-sanitizer\20200713.1\owasp-java-html-sanitizer-20200713.1.jar;C:\Users\chowd\.m2\repository\commons-configuration\commons-configuration\1.10\commons-configuration-1.10.jar;C:\Users\chowd\.m2\repository\commons-lang\commons-lang\2.6\commons-lang-2.6.jar;C:\Users\chowd\.m2\repository\org\hamcrest\hamcrest-core\2.2\hamcrest-core-2.2.jar;C:\Users\chowd\.m2\repository\org\hamcrest\hamcrest\2.2\hamcrest-2.2.jar;C:\Users\chowd\.m2\repository\io\cucumber\gherkin\5.1.0\gherkin-5.1.0.jar;C:\Users\chowd\.m2\repository\io\cucumber\gherkin-jvm-deps\1.0.4\gherkin-jvm-deps-1.0.4.jar;C:\Users\chowd\.m2\repository\net\sourceforge\cobertura\cobertura\2.1.1\cobertura-2.1.1.jar;C:\Users\chowd\.m2\repository\org\ow2\asm\asm\5.0.1\asm-5.0.1.jar;C:\Users\chowd\.m2\repository\org\ow2\asm\asm-tree\5.0.1\asm-tree-5.0.1.jar;C:\Users\chowd\.m2\repository\org\ow2\asm\asm-commons\5.0.1\asm-commons-5.0.1.jar;C:\Users\chowd\.m2\repository\org\ow2\asm\asm-util\5.0.1\asm-util-5.0.1.jar;C:\Users\chowd\.m2\repository\org\ow2\asm\asm-analysis\5.0.1\asm-analysis-5.0.1.jar;C:\Users\chowd\.m2\repository\oro\oro\2.0.8\oro-2.0.8.jar;C:\Users\chowd\.m2\repository\jaxen\jaxen\1.1.4\jaxen-1.1.4.jar;C:\Users\chowd\.m2\repository\org\apache\ant\ant\1.8.3\ant-1.8.3.jar;C:\Users\chowd\.m2\repository\org\apache\ant\ant-launcher\1.8.3\ant-launcher-1.8.3.jar;C:\Users\chowd\.m2\repository\org\apache\ant\ant-junit\1.8.3\ant-junit-1.8.3.jar;C:\Users\chowd\.m2\repository\org\mortbay\jetty\servlet-api-2.5\6.1.14\servlet-api-2.5-6.1.14.jar;C:\Users\chowd\.m2\repository\org\mortbay\jetty\jetty\6.1.14\jetty-6.1.14.jar;C:\Users\chowd\.m2\repository\org\mortbay\jetty\jetty-util\6.1.14\jetty-util-6.1.14.jar;C:\Users\chowd\.m2\repository\ch\qos\logback\logback-classic\1.0.13\logback-classic-1.0.13.jar;C:\Users\chowd\.m2\repository\ch\qos\logback\logback-core\1.0.13\logback-core-1.0.13.jar;C:\Users\chowd\.m2\repository\junit\junit\4.11\junit-4.11.jar;C:\Users\chowd\.m2\repository\org\apache\poi\poi-ooxml\4.1.1\poi-ooxml-4.1.1.jar;C:\Users\chowd\.m2\repository\org\apache\commons\commons-compress\1.19\commons-compress-1.19.jar;C:\Users\chowd\.m2\repository\com\github\virtuald\curvesapi\1.06\curvesapi-1.06.jar;C:\Users\chowd\.m2\repository\org\apache\poi\poi\4.1.1\poi-4.1.1.jar;C:\Users\chowd\.m2\repository\commons-codec\commons-codec\1.13\commons-codec-1.13.jar;C:\Users\chowd\.m2\repository\org\apache\commons\commons-collections4\4.4\commons-collections4-4.4.jar;C:\Users\chowd\.m2\repository\org\apache\commons\commons-math3\3.6.1\commons-math3-3.6.1.jar;C:\Users\chowd\.m2\repository\org\apache\poi\poi-ooxml-schemas\4.1.1\poi-ooxml-schemas-4.1.1.jar;C:\Users\chowd\.m2\repository\org\apache\xmlbeans\xmlbeans\3.1.0\xmlbeans-3.1.0.jar;C:\Users\chowd\.m2\repository\commons-io\commons-io\2.6\commons-io-2.6.jar;C:\Users\chowd\.m2\repository\org\apache\httpcomponents\fluent-hc\4.5.13\fluent-hc-4.5.13.jar;C:\Users\chowd\.m2\repository\commons-logging\commons-logging\1.2\commons-logging-1.2.jar;C:\Users\chowd\.m2\repository\org\apache\poi\poi-scratchpad\4.1.1\poi-scratchpad-4.1.1.jar;C:\Users\chowd\.m2\repository\org\apache\poi\openxml4j\1.0-beta\openxml4j-1.0-beta.jar;C:\Users\chowd\.m2\repository\dom4j\dom4j\1.6.1\dom4j-1.6.1.jar;C:\Users\chowd\.m2\repository\xml-apis\xml-apis\1.0.b2\xml-apis-1.0.b2.jar;C:\Users\chowd\.m2\repository\log4j\log4j\1.2.8\log4j-1.2.8.jar;C:\Users\chowd\.m2\repository\com\googlecode\json-simple\json-simple\1.1.1\json-simple-1.1.1.jar;C:\Users\chowd\.m2\repository\tech\grasshopper\extentreports-cucumber6-adapter\2.6.0\extentreports-cucumber6-adapter-2.6.0.jar;C:\Users\chowd\.m2\repository\com\aventstack\extentreports\5.0.5\extentreports-5.0.5.jar;C:\Users\chowd\.m2\repository\io\reactivex\rxjava3\rxjava\3.0.4\rxjava-3.0.4.jar;C:\Users\chowd\.m2\repository\org\freemarker\freemarker\2.3.30\freemarker-2.3.30.jar;C:\Users\chowd\.m2\repository\org\projectlombok\lombok\1.18.12\lombok-1.18.12.jar;C:\Users\chowd\.m2\repository\tech\grasshopper\extent-pdf-report\1.5.0\extent-pdf-report-1.5.0.jar;C:\Users\chowd\.m2\repository\tech\grasshopper\cucumber-pdf-report\1.7.0\cucumber-pdf-report-1.7.0.jar;C:\Users\chowd\.m2\repository\org\knowm\xchart\xchart\3.6.5\xchart-3.6.5.jar;C:\Users\chowd\.m2\repository\de\erichseifert\vectorgraphics2d\VectorGraphics2D\0.13\VectorGraphics2D-0.13.jar;C:\Users\chowd\.m2\repository\de\rototor\pdfbox\graphics2d\0.27\graphics2d-0.27.jar;C:\Users\chowd\.m2\repository\com\madgag\animated-gif-lib\1.4\animated-gif-lib-1.4.jar;C:\Users\chowd\.m2\repository\com\github\vandeseer\easytable\0.7.1\easytable-0.7.1.jar;C:\Users\chowd\.m2\repository\org\yaml\snakeyaml\1.27\snakeyaml-1.27.jar;C:\Users\chowd\.m2\repository\com\aventstack\klov-reporter\5.0.5\klov-reporter-5.0.5.jar;C:\Users\chowd\.m2\repository\org\mongodb\bson\3.6.4\bson-3.6.4.jar;C:\Users\chowd\.m2\repository\org\apache\httpcomponents\httpmime\4.5.2\httpmime-4.5.2.jar;C:\Users\chowd\.m2\repository\org\mongodb\mongodb-driver\3.3.0\mongodb-driver-3.3.0.jar;C:\Users\chowd\.m2\repository\org\mongodb\mongodb-driver-core\3.3.0\mongodb-driver-core-3.3.0.jar;"/>
    <property name="sun.cpu.endian" value="little"/>
    <property name="user.home" value="C:\Users\chowd"/>
    <property name="user.language" value="en"/>
    <property name="java.specification.vendor" value="Oracle Corporation"/>
    <property name="java.home" value="C:\Program Files\Java\jdk1.8.0_333\jre"/>
    <property name="basedir" value="C:\Users\chowd\eclipse-workspace\Maven_Automating_Dropdowns"/>
    <property name="file.separator" value="\"/>
    <property name="line.separator" value="&#10;"/>
    <property name="java.vm.specification.vendor" value="Oracle Corporation"/>
    <property name="java.specification.name" value="Java Platform API Specification"/>
    <property name="java.awt.graphicsenv" value="sun.awt.Win32GraphicsEnvironment"/>
    <property name="surefire.real.class.path" value="C:\Users\chowd\AppData\Local\Temp\surefire6597681671860246049\surefirebooter-20230321222956011_3.jar"/>
    <property name="sun.boot.class.path" value="C:\Program Files\Java\jdk1.8.0_333\jre\lib\resources.jar;C:\Program Files\Java\jdk1.8.0_333\jre\lib\rt.jar;C:\Program Files\Java\jdk1.8.0_333\jre\lib\sunrsasign.jar;C:\Program Files\Java\jdk1.8.0_333\jre\lib\jsse.jar;C:\Program Files\Java\jdk1.8.0_333\jre\lib\jce.jar;C:\Program Files\Java\jdk1.8.0_333\jre\lib\charsets.jar;C:\Program Files\Java\jdk1.8.0_333\jre\lib\jfr.jar;C:\Program Files\Java\jdk1.8.0_333\jre\classes"/>
    <property name="user.script" value=""/>
    <property name="sun.management.compiler" value="HotSpot 64-Bit Tiered Compilers"/>
    <property name="java.runtime.version" value="1.8.0_333-b02"/>
    <property name="user.name" value="chowd"/>
    <property name="path.separator" value=";"/>
    <property name="os.version" value="10.0"/>
    <property name="java.endorsed.dirs" value="C:\Program Files\Java\jdk1.8.0_333\jre\lib\endorsed"/>
    <property name="java.runtime.name" value="Java(TM) SE Runtime Environment"/>
    <property name="file.encoding" value="Cp1252"/>
    <property name="java.vm.name" value="Java HotSpot(TM) 64-Bit Server VM"/>
    <property name="localRepository" value="C:\Users\chowd\.m2\repository"/>
    <property name="java.vendor.url.bug" value="http://bugreport.sun.com/bugreport/"/>
    <property name="java.io.tmpdir" value="C:\Users\chowd\AppData\Local\Temp\"/>
    <property name="java.version" value="1.8.0_333"/>
    <property name="user.dir" value="C:\Users\chowd\eclipse-workspace\Maven_Automating_Dropdowns"/>
    <property name="os.arch" value="amd64"/>
    <property name="java.vm.specification.name" value="Java Virtual Machine Specification"/>
    <property name="java.awt.printerjob" value="sun.awt.windows.WPrinterJob"/>
    <property name="sun.os.patch.level" value=""/>
    <property name="java.library.path" value="C:\Program Files\Java\jdk1.8.0_333\jre\bin;C:\WINDOWS\Sun\Java\bin;C:\WINDOWS\system32;C:\WINDOWS;C:\Program Files (x86)\Common Files\Oracle\Java\javapath;C:\Program Files (x86)\VMware\VMware Workstation\bin\;C:\WINDOWS\system32;C:\WINDOWS;C:\WINDOWS\System32\Wbem;C:\WINDOWS\System32\WindowsPowerShell\v1.0\;C:\WINDOWS\System32\OpenSSH\;C:\Program Files\Java\jdk1.8.0_333\bin;C:\Program Files\Git\cmd;C:\Program Files\Git\bin;c:\apache-maven-3.8.6\bin\;C:\apache-maven-3.8.6\\bin;C:\apache-maven-3.8.6\;C:\Users\chowd\AppData\Local\Microsoft\WindowsApps;;."/>
    <property name="java.vm.info" value="mixed mode"/>
    <property name="java.vendor" value="Oracle Corporation"/>
    <property name="java.vm.version" value="25.333-b02"/>
    <property name="java.ext.dirs" value="C:\Program Files\Java\jdk1.8.0_333\jre\lib\ext;C:\WINDOWS\Sun\Java\lib\ext"/>
    <property name="sun.io.unicode.encoding" value="UnicodeLittle"/>
    <property name="java.class.version" value="52.0"/>
  </properties>
  <testcase name="clickOnCreateANewAccountButton" classname="UsingLoops.FaceBook_CreateAnAccount_DropDown_UsingLoops" time="2.074">
    <system-out><![CDATA[[TestNGContentHandler] [WARN] It is strongly recommended to add "<!DOCTYPE suite SYSTEM "http://testng.org/testng-1.0.dtd" >" at the top of your file, otherwise TestNG may fail or not work as expected.
[TestNGContentHandler] [WARN] It is strongly recommended to add "<!DOCTYPE suite SYSTEM "http://testng.org/testng-1.0.dtd" >" at the top of your file, otherwise TestNG may fail or not work as expected.
[DEBUG] Using SLF4J as the default logging framework
[DEBUG] -Dio.netty.leakDetection.level: simple
[DEBUG] -Dio.netty.leakDetection.targetRecords: 4
[DEBUG] Loaded default ResourceLeakDetector: io.netty.util.ResourceLeakDetector@14dd7b39
[DEBUG] -Dio.netty.noUnsafe: false
[DEBUG] Java version: 8
[DEBUG] sun.misc.Unsafe.theUnsafe: available
[DEBUG] sun.misc.Unsafe.copyMemory: available
[DEBUG] sun.misc.Unsafe.storeFence: available
[DEBUG] java.nio.Buffer.address: available
[DEBUG] direct buffer constructor: available
[DEBUG] java.nio.Bits.unaligned: available, true
[DEBUG] jdk.internal.misc.Unsafe.allocateUninitializedArray(int): unavailable prior to Java9
[DEBUG] java.nio.DirectByteBuffer.<init>(long, int): available
[DEBUG] sun.misc.Unsafe: available
[DEBUG] -Dio.netty.tmpdir: C:\Users\chowd\AppData\Local\Temp (java.io.tmpdir)
[DEBUG] -Dio.netty.bitMode: 64 (sun.arch.data.model)
[DEBUG] Platform: Windows
[DEBUG] -Dio.netty.maxDirectMemory: 2803892224 bytes
[DEBUG] -Dio.netty.uninitializedArrayAllocationThreshold: -1
[DEBUG] java.nio.ByteBuffer.cleaner(): available
[DEBUG] -Dio.netty.noPreferDirect: false
[DEBUG] org.jctools-core.MpscChunkedArrayQueue: available
[DEBUG] -Dio.netty.threadLocalMap.stringBuilder.initialSize: 1024
[DEBUG] -Dio.netty.threadLocalMap.stringBuilder.maxSize: 4096
[DEBUG] Default protocols (JDK): [TLSv1.2] 
[DEBUG] Default cipher suites (JDK): [TLS_ECDHE_ECDSA_WITH_AES_256_GCM_SHA384, TLS_ECDHE_ECDSA_WITH_AES_128_GCM_SHA256, TLS_ECDHE_RSA_WITH_AES_128_GCM_SHA256, TLS_ECDHE_RSA_WITH_AES_256_GCM_SHA384, TLS_ECDHE_RSA_WITH_AES_128_CBC_SHA, TLS_ECDHE_RSA_WITH_AES_256_CBC_SHA, TLS_RSA_WITH_AES_128_GCM_SHA256, TLS_RSA_WITH_AES_128_CBC_SHA, TLS_RSA_WITH_AES_256_CBC_SHA, TLS_AES_128_GCM_SHA256, TLS_AES_256_GCM_SHA384]
[DEBUG] -Dio.netty.eventLoopThreads: 16
[DEBUG] -Dio.netty.noKeySetOptimization: false
[DEBUG] -Dio.netty.selectorAutoRebuildThreshold: 512
[DEBUG] -Dio.netty.allocator.numHeapArenas: 16
[DEBUG] -Dio.netty.allocator.numDirectArenas: 16
[DEBUG] -Dio.netty.allocator.pageSize: 8192
[DEBUG] -Dio.netty.allocator.maxOrder: 9
[DEBUG] -Dio.netty.allocator.chunkSize: 4194304
[DEBUG] -Dio.netty.allocator.smallCacheSize: 256
[DEBUG] -Dio.netty.allocator.normalCacheSize: 64
[DEBUG] -Dio.netty.allocator.maxCachedBufferCapacity: 32768
[DEBUG] -Dio.netty.allocator.cacheTrimInterval: 8192
[DEBUG] -Dio.netty.allocator.cacheTrimIntervalMillis: 0
[DEBUG] -Dio.netty.allocator.useCacheForAllThreads: false
[DEBUG] -Dio.netty.allocator.maxCachedByteBuffersPerChunk: 1023
[DEBUG] -Dio.netty.allocator.type: pooled
[DEBUG] -Dio.netty.threadLocalDirectBufferSize: 0
[DEBUG] -Dio.netty.maxThreadLocalCharBufferSize: 16384
[DEBUG] -Dio.netty.processId: 17896 (auto-detected)
[DEBUG] -Djava.net.preferIPv4Stack: false
[DEBUG] -Djava.net.preferIPv6Addresses: false
[DEBUG] Loopback interface: lo (Software Loopback Interface 1, 127.0.0.1)
[DEBUG] Failed to get SOMAXCONN from sysctl and file \proc\sys\net\core\somaxconn. Default: 200
[DEBUG] -Dio.netty.machineId: 34:6f:24:ff:fe:1f:1c:1f (auto-detected)
[DEBUG] -Dio.netty.buffer.checkAccessible: true
[DEBUG] -Dio.netty.buffer.checkBounds: true
[DEBUG] Loaded default ResourceLeakDetector: io.netty.util.ResourceLeakDetector@52abb707
[DEBUG] Using new Channel '[id: 0xdb54d1df, L:/127.0.0.1:64474 - R:localhost/127.0.0.1:37337]' for 'POST' to '/session'
[DEBUG] -Dio.netty.recycler.maxCapacityPerThread: 4096
[DEBUG] -Dio.netty.recycler.ratio: 8
[DEBUG] -Dio.netty.recycler.chunkSize: 32
[DEBUG] -Dio.netty.recycler.blocking: false
[DEBUG] brotli4j not in the classpath; Brotli support will be unavailable.
[DEBUG] 

Request DefaultHttpRequest(decodeResult: success, version: HTTP/1.1)
POST /session HTTP/1.1
User-Agent: selenium/4.8.1 (java windows)
Content-Length: 551
Content-Type: application/json; charset=utf-8
host: localhost:37337
accept: */*

Response DefaultHttpResponse(decodeResult: success, version: HTTP/1.1)
HTTP/1.1 200 OK
Content-Length: 859
Content-Type: application/json; charset=utf-8
cache-control: no-cache

[DEBUG] Adding key: http://localhost:37337 for channel [id: 0xdb54d1df, L:/127.0.0.1:64474 - R:localhost/127.0.0.1:37337]
[DEBUG] Using new Channel '[id: 0x3b692328, L:/127.0.0.1:64480 - R:localhost/127.0.0.1:64475]' for 'GET' to '/json/version'
[DEBUG] 

Request DefaultFullHttpRequest(decodeResult: success, version: HTTP/1.1, content: EmptyByteBufBE)
GET /json/version HTTP/1.1
User-Agent: selenium/4.8.1 (java windows)
host: localhost:64475
accept: */*

Response DefaultHttpResponse(decodeResult: success, version: HTTP/1.1)
HTTP/1.1 200 OK
Content-Security-Policy: frame-ancestors 'none'
Content-Length: 423
Content-Type: application/json; charset=UTF-8

[DEBUG] Adding key: http://localhost:64475 for channel [id: 0x3b692328, L:/127.0.0.1:64480 - R:localhost/127.0.0.1:64475]
[DEBUG] -Dio.netty.initialSeedUniquifier: 0x64ebba0f99ee2864
[DEBUG] Using new Channel '[id: 0x83c7c0c5, L:/127.0.0.1:64481 - R:localhost/127.0.0.1:64475]' for 'GET' to '/devtools/browser/d59dff01-32df-42c2-81c7-fe168585c284'
[DEBUG] 

Request DefaultFullHttpRequest(decodeResult: success, version: HTTP/1.1, content: EmptyByteBufBE)
GET /devtools/browser/d59dff01-32df-42c2-81c7-fe168585c284 HTTP/1.1
upgrade: websocket
connection: upgrade
sec-websocket-key: 2iZN03FVEd4bnYVioqFLTw==
sec-websocket-version: 13
origin: http://localhost:64475
host: localhost:64475
accept: */*
user-agent: AHC/2.1

Response DefaultHttpResponse(decodeResult: success, version: HTTP/1.1)
HTTP/1.1 101 WebSocket Protocol Handshake
Upgrade: WebSocket
Connection: Upgrade
Sec-WebSocket-Accept: fToFm1HMQNieCigx8DbrmzQRHBA=

[DEBUG] Using pooled Channel '[id: 0xdb54d1df, L:/127.0.0.1:64474 - R:localhost/127.0.0.1:37337]' for 'POST' to 'http://localhost:37337/session/ef409424851856152e3fe438450bd180/url'
[DEBUG] Using open Channel [id: 0xdb54d1df, L:/127.0.0.1:64474 - R:localhost/127.0.0.1:37337] for POST '/session/ef409424851856152e3fe438450bd180/url'
[DEBUG] Entry count for : http://localhost:64475 : 1
[DEBUG] 

Request DefaultHttpRequest(decodeResult: success, version: HTTP/1.1)
POST /session/ef409424851856152e3fe438450bd180/url HTTP/1.1
User-Agent: selenium/4.8.1 (java windows)
Content-Length: 45
Content-Type: application/json; charset=utf-8
host: localhost:37337
accept: */*

Response DefaultHttpResponse(decodeResult: success, version: HTTP/1.1)
HTTP/1.1 200 OK
Content-Length: 14
Content-Type: application/json; charset=utf-8
cache-control: no-cache

[DEBUG] Adding key: http://localhost:37337 for channel [id: 0xdb54d1df, L:/127.0.0.1:64474 - R:localhost/127.0.0.1:37337]
[DEBUG] Using pooled Channel '[id: 0xdb54d1df, L:/127.0.0.1:64474 - R:localhost/127.0.0.1:37337]' for 'POST' to 'http://localhost:37337/session/ef409424851856152e3fe438450bd180/timeouts'
[DEBUG] Using open Channel [id: 0xdb54d1df, L:/127.0.0.1:64474 - R:localhost/127.0.0.1:37337] for POST '/session/ef409424851856152e3fe438450bd180/timeouts'
[DEBUG] 

Request DefaultHttpRequest(decodeResult: success, version: HTTP/1.1)
POST /session/ef409424851856152e3fe438450bd180/timeouts HTTP/1.1
User-Agent: selenium/4.8.1 (java windows)
Content-Length: 23
Content-Type: application/json; charset=utf-8
host: localhost:37337
accept: */*

Response DefaultHttpResponse(decodeResult: success, version: HTTP/1.1)
HTTP/1.1 200 OK
Content-Length: 14
Content-Type: application/json; charset=utf-8
cache-control: no-cache

[DEBUG] Adding key: http://localhost:37337 for channel [id: 0xdb54d1df, L:/127.0.0.1:64474 - R:localhost/127.0.0.1:37337]
[DEBUG] Using pooled Channel '[id: 0xdb54d1df, L:/127.0.0.1:64474 - R:localhost/127.0.0.1:37337]' for 'POST' to 'http://localhost:37337/session/ef409424851856152e3fe438450bd180/element'
[DEBUG] Using open Channel [id: 0xdb54d1df, L:/127.0.0.1:64474 - R:localhost/127.0.0.1:37337] for POST '/session/ef409424851856152e3fe438450bd180/element'
[DEBUG] 

Request DefaultHttpRequest(decodeResult: success, version: HTTP/1.1)
POST /session/ef409424851856152e3fe438450bd180/element HTTP/1.1
User-Agent: selenium/4.8.1 (java windows)
Content-Length: 59
Content-Type: application/json; charset=utf-8
host: localhost:37337
accept: */*

Response DefaultHttpResponse(decodeResult: success, version: HTTP/1.1)
HTTP/1.1 200 OK
Content-Length: 88
Content-Type: application/json; charset=utf-8
cache-control: no-cache

[DEBUG] Adding key: http://localhost:37337 for channel [id: 0xdb54d1df, L:/127.0.0.1:64474 - R:localhost/127.0.0.1:37337]
[DEBUG] Using pooled Channel '[id: 0xdb54d1df, L:/127.0.0.1:64474 - R:localhost/127.0.0.1:37337]' for 'POST' to 'http://localhost:37337/session/ef409424851856152e3fe438450bd180/element/fc35b052-47ab-4cb9-b48f-2fa2960e805b/click'
[DEBUG] Using open Channel [id: 0xdb54d1df, L:/127.0.0.1:64474 - R:localhost/127.0.0.1:37337] for POST '/session/ef409424851856152e3fe438450bd180/element/fc35b052-47ab-4cb9-b48f-2fa2960e805b/click'
[DEBUG] 

Request DefaultHttpRequest(decodeResult: success, version: HTTP/1.1)
POST /session/ef409424851856152e3fe438450bd180/element/fc35b052-47ab-4cb9-b48f-2fa2960e805b/click HTTP/1.1
User-Agent: selenium/4.8.1 (java windows)
Content-Length: 50
Content-Type: application/json; charset=utf-8
host: localhost:37337
accept: */*

Response DefaultHttpResponse(decodeResult: success, version: HTTP/1.1)
HTTP/1.1 200 OK
Content-Length: 14
Content-Type: application/json; charset=utf-8
cache-control: no-cache

[DEBUG] Adding key: http://localhost:37337 for channel [id: 0xdb54d1df, L:/127.0.0.1:64474 - R:localhost/127.0.0.1:37337]
[DEBUG] Entry count for : http://localhost:64475 : 1
[DEBUG] Entry count for : http://localhost:37337 : 1
[DEBUG] Entry count for : http://localhost:64475 : 1
[DEBUG] Entry count for : http://localhost:37337 : 1
]]></system-out>
    <system-err><![CDATA[Starting ChromeDriver 111.0.5563.64 (c710e93d5b63b7095afe8c2c17df34408078439d-refs/branch-heads/5563@{#995}) on port 37337
Only local connections are allowed.
Please see https://chromedriver.chromium.org/security-considerations for suggestions on keeping ChromeDriver safe.
ChromeDriver was started successfully.
Mar 21, 2023 10:29:59 PM org.openqa.selenium.devtools.CdpVersionFinder findNearestMatch
WARNING: Unable to find an exact match for CDP version 111, so returning the closest version found: 110
]]></system-err>
  </testcase>
  <testcase name="userInformation[Raven, Man, chowdhurygs@rediffmail.com, chowdhurygs@rediffmail.com, Shajlee1234](1)" classname="UsingLoops.FaceBook_CreateAnAccount_DropDown_UsingLoops" time="0.472">
    <system-out><![CDATA[[DEBUG] Using pooled Channel '[id: 0xdb54d1df, L:/127.0.0.1:64474 - R:localhost/127.0.0.1:37337]' for 'POST' to 'http://localhost:37337/session/ef409424851856152e3fe438450bd180/element'
[DEBUG] Using open Channel [id: 0xdb54d1df, L:/127.0.0.1:64474 - R:localhost/127.0.0.1:37337] for POST '/session/ef409424851856152e3fe438450bd180/element'
[DEBUG] 

Request DefaultHttpRequest(decodeResult: success, version: HTTP/1.1)
POST /session/ef409424851856152e3fe438450bd180/element HTTP/1.1
User-Agent: selenium/4.8.1 (java windows)
Content-Length: 63
Content-Type: application/json; charset=utf-8
host: localhost:37337
accept: */*

Response DefaultHttpResponse(decodeResult: success, version: HTTP/1.1)
HTTP/1.1 200 OK
Content-Length: 88
Content-Type: application/json; charset=utf-8
cache-control: no-cache

[DEBUG] Adding key: http://localhost:37337 for channel [id: 0xdb54d1df, L:/127.0.0.1:64474 - R:localhost/127.0.0.1:37337]
[DEBUG] Using pooled Channel '[id: 0xdb54d1df, L:/127.0.0.1:64474 - R:localhost/127.0.0.1:37337]' for 'POST' to 'http://localhost:37337/session/ef409424851856152e3fe438450bd180/element/fa1bc64b-bb9c-4982-b2f9-6aa36dc3e07d/value'
[DEBUG] Using open Channel [id: 0xdb54d1df, L:/127.0.0.1:64474 - R:localhost/127.0.0.1:37337] for POST '/session/ef409424851856152e3fe438450bd180/element/fa1bc64b-bb9c-4982-b2f9-6aa36dc3e07d/value'
[DEBUG] 

Request DefaultHttpRequest(decodeResult: success, version: HTTP/1.1)
POST /session/ef409424851856152e3fe438450bd180/element/fa1bc64b-bb9c-4982-b2f9-6aa36dc3e07d/value HTTP/1.1
User-Agent: selenium/4.8.1 (java windows)
Content-Length: 131
Content-Type: application/json; charset=utf-8
host: localhost:37337
accept: */*

Response DefaultHttpResponse(decodeResult: success, version: HTTP/1.1)
HTTP/1.1 200 OK
Content-Length: 14
Content-Type: application/json; charset=utf-8
cache-control: no-cache

[DEBUG] Adding key: http://localhost:37337 for channel [id: 0xdb54d1df, L:/127.0.0.1:64474 - R:localhost/127.0.0.1:37337]
[DEBUG] Using pooled Channel '[id: 0xdb54d1df, L:/127.0.0.1:64474 - R:localhost/127.0.0.1:37337]' for 'POST' to 'http://localhost:37337/session/ef409424851856152e3fe438450bd180/element'
[DEBUG] Using open Channel [id: 0xdb54d1df, L:/127.0.0.1:64474 - R:localhost/127.0.0.1:37337] for POST '/session/ef409424851856152e3fe438450bd180/element'
[DEBUG] 

Request DefaultHttpRequest(decodeResult: success, version: HTTP/1.1)
POST /session/ef409424851856152e3fe438450bd180/element HTTP/1.1
User-Agent: selenium/4.8.1 (java windows)
Content-Length: 62
Content-Type: application/json; charset=utf-8
host: localhost:37337
accept: */*

Response DefaultHttpResponse(decodeResult: success, version: HTTP/1.1)
HTTP/1.1 200 OK
Content-Length: 88
Content-Type: application/json; charset=utf-8
cache-control: no-cache

[DEBUG] Adding key: http://localhost:37337 for channel [id: 0xdb54d1df, L:/127.0.0.1:64474 - R:localhost/127.0.0.1:37337]
[DEBUG] Using pooled Channel '[id: 0xdb54d1df, L:/127.0.0.1:64474 - R:localhost/127.0.0.1:37337]' for 'POST' to 'http://localhost:37337/session/ef409424851856152e3fe438450bd180/element/2caf5d15-da34-4278-9f1b-afc58b72e84b/value'
[DEBUG] Using open Channel [id: 0xdb54d1df, L:/127.0.0.1:64474 - R:localhost/127.0.0.1:37337] for POST '/session/ef409424851856152e3fe438450bd180/element/2caf5d15-da34-4278-9f1b-afc58b72e84b/value'
[DEBUG] 

Request DefaultHttpRequest(decodeResult: success, version: HTTP/1.1)
POST /session/ef409424851856152e3fe438450bd180/element/2caf5d15-da34-4278-9f1b-afc58b72e84b/value HTTP/1.1
User-Agent: selenium/4.8.1 (java windows)
Content-Length: 111
Content-Type: application/json; charset=utf-8
host: localhost:37337
accept: */*

Response DefaultHttpResponse(decodeResult: success, version: HTTP/1.1)
HTTP/1.1 200 OK
Content-Length: 14
Content-Type: application/json; charset=utf-8
cache-control: no-cache

[DEBUG] Adding key: http://localhost:37337 for channel [id: 0xdb54d1df, L:/127.0.0.1:64474 - R:localhost/127.0.0.1:37337]
[DEBUG] Using pooled Channel '[id: 0xdb54d1df, L:/127.0.0.1:64474 - R:localhost/127.0.0.1:37337]' for 'POST' to 'http://localhost:37337/session/ef409424851856152e3fe438450bd180/element'
[DEBUG] Using open Channel [id: 0xdb54d1df, L:/127.0.0.1:64474 - R:localhost/127.0.0.1:37337] for POST '/session/ef409424851856152e3fe438450bd180/element'
[DEBUG] 

Request DefaultHttpRequest(decodeResult: success, version: HTTP/1.1)
POST /session/ef409424851856152e3fe438450bd180/element HTTP/1.1
User-Agent: selenium/4.8.1 (java windows)
Content-Length: 65
Content-Type: application/json; charset=utf-8
host: localhost:37337
accept: */*

Response DefaultHttpResponse(decodeResult: success, version: HTTP/1.1)
HTTP/1.1 200 OK
Content-Length: 88
Content-Type: application/json; charset=utf-8
cache-control: no-cache

[DEBUG] Adding key: http://localhost:37337 for channel [id: 0xdb54d1df, L:/127.0.0.1:64474 - R:localhost/127.0.0.1:37337]
[DEBUG] Using pooled Channel '[id: 0xdb54d1df, L:/127.0.0.1:64474 - R:localhost/127.0.0.1:37337]' for 'POST' to 'http://localhost:37337/session/ef409424851856152e3fe438450bd180/element/7d255f7b-996b-4553-b225-738ab5bf96d0/value'
[DEBUG] Using open Channel [id: 0xdb54d1df, L:/127.0.0.1:64474 - R:localhost/127.0.0.1:37337] for POST '/session/ef409424851856152e3fe438450bd180/element/7d255f7b-996b-4553-b225-738ab5bf96d0/value'
[DEBUG] 

Request DefaultHttpRequest(decodeResult: success, version: HTTP/1.1)
POST /session/ef409424851856152e3fe438450bd180/element/7d255f7b-996b-4553-b225-738ab5bf96d0/value HTTP/1.1
User-Agent: selenium/4.8.1 (java windows)
Content-Length: 341
Content-Type: application/json; charset=utf-8
host: localhost:37337
accept: */*

Response DefaultHttpResponse(decodeResult: success, version: HTTP/1.1)
HTTP/1.1 200 OK
Content-Length: 14
Content-Type: application/json; charset=utf-8
cache-control: no-cache

[DEBUG] Adding key: http://localhost:37337 for channel [id: 0xdb54d1df, L:/127.0.0.1:64474 - R:localhost/127.0.0.1:37337]
[DEBUG] Using pooled Channel '[id: 0xdb54d1df, L:/127.0.0.1:64474 - R:localhost/127.0.0.1:37337]' for 'POST' to 'http://localhost:37337/session/ef409424851856152e3fe438450bd180/element'
[DEBUG] Using open Channel [id: 0xdb54d1df, L:/127.0.0.1:64474 - R:localhost/127.0.0.1:37337] for POST '/session/ef409424851856152e3fe438450bd180/element'
[DEBUG] 

Request DefaultHttpRequest(decodeResult: success, version: HTTP/1.1)
POST /session/ef409424851856152e3fe438450bd180/element HTTP/1.1
User-Agent: selenium/4.8.1 (java windows)
Content-Length: 78
Content-Type: application/json; charset=utf-8
host: localhost:37337
accept: */*

Response DefaultHttpResponse(decodeResult: success, version: HTTP/1.1)
HTTP/1.1 200 OK
Content-Length: 88
Content-Type: application/json; charset=utf-8
cache-control: no-cache

[DEBUG] Adding key: http://localhost:37337 for channel [id: 0xdb54d1df, L:/127.0.0.1:64474 - R:localhost/127.0.0.1:37337]
[DEBUG] Using pooled Channel '[id: 0xdb54d1df, L:/127.0.0.1:64474 - R:localhost/127.0.0.1:37337]' for 'POST' to 'http://localhost:37337/session/ef409424851856152e3fe438450bd180/element/29f8d601-88b1-423f-b381-8bead451dcee/value'
[DEBUG] Using open Channel [id: 0xdb54d1df, L:/127.0.0.1:64474 - R:localhost/127.0.0.1:37337] for POST '/session/ef409424851856152e3fe438450bd180/element/29f8d601-88b1-423f-b381-8bead451dcee/value'
[DEBUG] 

Request DefaultHttpRequest(decodeResult: success, version: HTTP/1.1)
POST /session/ef409424851856152e3fe438450bd180/element/29f8d601-88b1-423f-b381-8bead451dcee/value HTTP/1.1
User-Agent: selenium/4.8.1 (java windows)
Content-Length: 341
Content-Type: application/json; charset=utf-8
host: localhost:37337
accept: */*

Response DefaultHttpResponse(decodeResult: success, version: HTTP/1.1)
HTTP/1.1 200 OK
Content-Length: 14
Content-Type: application/json; charset=utf-8
cache-control: no-cache

[DEBUG] Adding key: http://localhost:37337 for channel [id: 0xdb54d1df, L:/127.0.0.1:64474 - R:localhost/127.0.0.1:37337]
[DEBUG] Using pooled Channel '[id: 0xdb54d1df, L:/127.0.0.1:64474 - R:localhost/127.0.0.1:37337]' for 'POST' to 'http://localhost:37337/session/ef409424851856152e3fe438450bd180/element'
[DEBUG] Using open Channel [id: 0xdb54d1df, L:/127.0.0.1:64474 - R:localhost/127.0.0.1:37337] for POST '/session/ef409424851856152e3fe438450bd180/element'
[DEBUG] 

Request DefaultHttpRequest(decodeResult: success, version: HTTP/1.1)
POST /session/ef409424851856152e3fe438450bd180/element HTTP/1.1
User-Agent: selenium/4.8.1 (java windows)
Content-Length: 66
Content-Type: application/json; charset=utf-8
host: localhost:37337
accept: */*

Response DefaultHttpResponse(decodeResult: success, version: HTTP/1.1)
HTTP/1.1 200 OK
Content-Length: 88
Content-Type: application/json; charset=utf-8
cache-control: no-cache

[DEBUG] Adding key: http://localhost:37337 for channel [id: 0xdb54d1df, L:/127.0.0.1:64474 - R:localhost/127.0.0.1:37337]
[DEBUG] Using pooled Channel '[id: 0xdb54d1df, L:/127.0.0.1:64474 - R:localhost/127.0.0.1:37337]' for 'POST' to 'http://localhost:37337/session/ef409424851856152e3fe438450bd180/element/c1c9e822-87fd-4c2c-84db-cef2c91aea3b/value'
[DEBUG] Using open Channel [id: 0xdb54d1df, L:/127.0.0.1:64474 - R:localhost/127.0.0.1:37337] for POST '/session/ef409424851856152e3fe438450bd180/element/c1c9e822-87fd-4c2c-84db-cef2c91aea3b/value'
[DEBUG] 

Request DefaultHttpRequest(decodeResult: success, version: HTTP/1.1)
POST /session/ef409424851856152e3fe438450bd180/element/c1c9e822-87fd-4c2c-84db-cef2c91aea3b/value HTTP/1.1
User-Agent: selenium/4.8.1 (java windows)
Content-Length: 191
Content-Type: application/json; charset=utf-8
host: localhost:37337
accept: */*

Response DefaultHttpResponse(decodeResult: success, version: HTTP/1.1)
HTTP/1.1 200 OK
Content-Length: 14
Content-Type: application/json; charset=utf-8
cache-control: no-cache

[DEBUG] Adding key: http://localhost:37337 for channel [id: 0xdb54d1df, L:/127.0.0.1:64474 - R:localhost/127.0.0.1:37337]
]]></system-out>
  </testcase>
  <testcase name="userBirthdayDropdown" classname="UsingLoops.FaceBook_CreateAnAccount_DropDown_UsingLoops" time="1.239">
    <system-out><![CDATA[[DEBUG] Using pooled Channel '[id: 0xdb54d1df, L:/127.0.0.1:64474 - R:localhost/127.0.0.1:37337]' for 'POST' to 'http://localhost:37337/session/ef409424851856152e3fe438450bd180/element'
[DEBUG] Using open Channel [id: 0xdb54d1df, L:/127.0.0.1:64474 - R:localhost/127.0.0.1:37337] for POST '/session/ef409424851856152e3fe438450bd180/element'
[DEBUG] 

Request DefaultHttpRequest(decodeResult: success, version: HTTP/1.1)
POST /session/ef409424851856152e3fe438450bd180/element HTTP/1.1
User-Agent: selenium/4.8.1 (java windows)
Content-Length: 50
Content-Type: application/json; charset=utf-8
host: localhost:37337
accept: */*

Response DefaultHttpResponse(decodeResult: success, version: HTTP/1.1)
HTTP/1.1 200 OK
Content-Length: 88
Content-Type: application/json; charset=utf-8
cache-control: no-cache

[DEBUG] Adding key: http://localhost:37337 for channel [id: 0xdb54d1df, L:/127.0.0.1:64474 - R:localhost/127.0.0.1:37337]
[DEBUG] Using pooled Channel '[id: 0xdb54d1df, L:/127.0.0.1:64474 - R:localhost/127.0.0.1:37337]' for 'GET' to 'http://localhost:37337/session/ef409424851856152e3fe438450bd180/element/a80b9373-4c76-45ca-ab7b-25cda60d737e/name'
[DEBUG] Using open Channel [id: 0xdb54d1df, L:/127.0.0.1:64474 - R:localhost/127.0.0.1:37337] for GET '/session/ef409424851856152e3fe438450bd180/element/a80b9373-4c76-45ca-ab7b-25cda60d737e/name'
[DEBUG] 

Request DefaultFullHttpRequest(decodeResult: success, version: HTTP/1.1, content: EmptyByteBufBE)
GET /session/ef409424851856152e3fe438450bd180/element/a80b9373-4c76-45ca-ab7b-25cda60d737e/name HTTP/1.1
User-Agent: selenium/4.8.1 (java windows)
Cache-Control: no-cache
Content-Type: application/json; charset=utf-8
host: localhost:37337
accept: */*

Response DefaultHttpResponse(decodeResult: success, version: HTTP/1.1)
HTTP/1.1 200 OK
Content-Length: 18
Content-Type: application/json; charset=utf-8
cache-control: no-cache

[DEBUG] Adding key: http://localhost:37337 for channel [id: 0xdb54d1df, L:/127.0.0.1:64474 - R:localhost/127.0.0.1:37337]
[DEBUG] Using pooled Channel '[id: 0xdb54d1df, L:/127.0.0.1:64474 - R:localhost/127.0.0.1:37337]' for 'GET' to 'http://localhost:37337/session/ef409424851856152e3fe438450bd180/element/a80b9373-4c76-45ca-ab7b-25cda60d737e/attribute/multiple'
[DEBUG] Using open Channel [id: 0xdb54d1df, L:/127.0.0.1:64474 - R:localhost/127.0.0.1:37337] for GET '/session/ef409424851856152e3fe438450bd180/element/a80b9373-4c76-45ca-ab7b-25cda60d737e/attribute/multiple'
[DEBUG] 

Request DefaultFullHttpRequest(decodeResult: success, version: HTTP/1.1, content: EmptyByteBufBE)
GET /session/ef409424851856152e3fe438450bd180/element/a80b9373-4c76-45ca-ab7b-25cda60d737e/attribute/multiple HTTP/1.1
User-Agent: selenium/4.8.1 (java windows)
Cache-Control: no-cache
Content-Type: application/json; charset=utf-8
host: localhost:37337
accept: */*

Response DefaultHttpResponse(decodeResult: success, version: HTTP/1.1)
HTTP/1.1 200 OK
Content-Length: 14
Content-Type: application/json; charset=utf-8
cache-control: no-cache

[DEBUG] Adding key: http://localhost:37337 for channel [id: 0xdb54d1df, L:/127.0.0.1:64474 - R:localhost/127.0.0.1:37337]
[DEBUG] Using pooled Channel '[id: 0xdb54d1df, L:/127.0.0.1:64474 - R:localhost/127.0.0.1:37337]' for 'POST' to 'http://localhost:37337/session/ef409424851856152e3fe438450bd180/element/a80b9373-4c76-45ca-ab7b-25cda60d737e/elements'
[DEBUG] Using open Channel [id: 0xdb54d1df, L:/127.0.0.1:64474 - R:localhost/127.0.0.1:37337] for POST '/session/ef409424851856152e3fe438450bd180/element/a80b9373-4c76-45ca-ab7b-25cda60d737e/elements'
[DEBUG] 

Request DefaultHttpRequest(decodeResult: success, version: HTTP/1.1)
POST /session/ef409424851856152e3fe438450bd180/element/a80b9373-4c76-45ca-ab7b-25cda60d737e/elements HTTP/1.1
User-Agent: selenium/4.8.1 (java windows)
Content-Length: 94
Content-Type: application/json; charset=utf-8
host: localhost:37337
accept: */*

Response DefaultHttpResponse(decodeResult: success, version: HTTP/1.1)
HTTP/1.1 200 OK
Content-Length: 959
Content-Type: application/json; charset=utf-8
cache-control: no-cache

[DEBUG] Adding key: http://localhost:37337 for channel [id: 0xdb54d1df, L:/127.0.0.1:64474 - R:localhost/127.0.0.1:37337]
[DEBUG] Using pooled Channel '[id: 0xdb54d1df, L:/127.0.0.1:64474 - R:localhost/127.0.0.1:37337]' for 'GET' to 'http://localhost:37337/session/ef409424851856152e3fe438450bd180/element/b6864536-96c6-47c3-af3c-c6da50ed50cc/text'
[DEBUG] Using open Channel [id: 0xdb54d1df, L:/127.0.0.1:64474 - R:localhost/127.0.0.1:37337] for GET '/session/ef409424851856152e3fe438450bd180/element/b6864536-96c6-47c3-af3c-c6da50ed50cc/text'
[DEBUG] 

Request DefaultFullHttpRequest(decodeResult: success, version: HTTP/1.1, content: EmptyByteBufBE)
GET /session/ef409424851856152e3fe438450bd180/element/b6864536-96c6-47c3-af3c-c6da50ed50cc/text HTTP/1.1
User-Agent: selenium/4.8.1 (java windows)
Cache-Control: no-cache
Content-Type: application/json; charset=utf-8
host: localhost:37337
accept: */*

Response DefaultHttpResponse(decodeResult: success, version: HTTP/1.1)
HTTP/1.1 200 OK
Content-Length: 15
Content-Type: application/json; charset=utf-8
cache-control: no-cache

[DEBUG] Adding key: http://localhost:37337 for channel [id: 0xdb54d1df, L:/127.0.0.1:64474 - R:localhost/127.0.0.1:37337]
[DEBUG] Using pooled Channel '[id: 0xdb54d1df, L:/127.0.0.1:64474 - R:localhost/127.0.0.1:37337]' for 'GET' to 'http://localhost:37337/session/ef409424851856152e3fe438450bd180/element/eadcc084-31e6-40b0-8879-9043cca7a94d/text'
[DEBUG] Using open Channel [id: 0xdb54d1df, L:/127.0.0.1:64474 - R:localhost/127.0.0.1:37337] for GET '/session/ef409424851856152e3fe438450bd180/element/eadcc084-31e6-40b0-8879-9043cca7a94d/text'
[DEBUG] 

Request DefaultFullHttpRequest(decodeResult: success, version: HTTP/1.1, content: EmptyByteBufBE)
GET /session/ef409424851856152e3fe438450bd180/element/eadcc084-31e6-40b0-8879-9043cca7a94d/text HTTP/1.1
User-Agent: selenium/4.8.1 (java windows)
Cache-Control: no-cache
Content-Type: application/json; charset=utf-8
host: localhost:37337
accept: */*

Response DefaultHttpResponse(decodeResult: success, version: HTTP/1.1)
HTTP/1.1 200 OK
Content-Length: 15
Content-Type: application/json; charset=utf-8
cache-control: no-cache

[DEBUG] Adding key: http://localhost:37337 for channel [id: 0xdb54d1df, L:/127.0.0.1:64474 - R:localhost/127.0.0.1:37337]
[DEBUG] Using pooled Channel '[id: 0xdb54d1df, L:/127.0.0.1:64474 - R:localhost/127.0.0.1:37337]' for 'GET' to 'http://localhost:37337/session/ef409424851856152e3fe438450bd180/element/1a2b0710-1846-41f8-b55b-d9a46ef8c3b8/text'
[DEBUG] Using open Channel [id: 0xdb54d1df, L:/127.0.0.1:64474 - R:localhost/127.0.0.1:37337] for GET '/session/ef409424851856152e3fe438450bd180/element/1a2b0710-1846-41f8-b55b-d9a46ef8c3b8/text'
[DEBUG] 

Request DefaultFullHttpRequest(decodeResult: success, version: HTTP/1.1, content: EmptyByteBufBE)
GET /session/ef409424851856152e3fe438450bd180/element/1a2b0710-1846-41f8-b55b-d9a46ef8c3b8/text HTTP/1.1
User-Agent: selenium/4.8.1 (java windows)
Cache-Control: no-cache
Content-Type: application/json; charset=utf-8
host: localhost:37337
accept: */*

Response DefaultHttpResponse(decodeResult: success, version: HTTP/1.1)
HTTP/1.1 200 OK
Content-Length: 15
Content-Type: application/json; charset=utf-8
cache-control: no-cache

[DEBUG] Adding key: http://localhost:37337 for channel [id: 0xdb54d1df, L:/127.0.0.1:64474 - R:localhost/127.0.0.1:37337]
[DEBUG] Using pooled Channel '[id: 0xdb54d1df, L:/127.0.0.1:64474 - R:localhost/127.0.0.1:37337]' for 'GET' to 'http://localhost:37337/session/ef409424851856152e3fe438450bd180/element/3d90de18-b76b-42b9-9de6-b9c992476322/text'
[DEBUG] Using open Channel [id: 0xdb54d1df, L:/127.0.0.1:64474 - R:localhost/127.0.0.1:37337] for GET '/session/ef409424851856152e3fe438450bd180/element/3d90de18-b76b-42b9-9de6-b9c992476322/text'
[DEBUG] 

Request DefaultFullHttpRequest(decodeResult: success, version: HTTP/1.1, content: EmptyByteBufBE)
GET /session/ef409424851856152e3fe438450bd180/element/3d90de18-b76b-42b9-9de6-b9c992476322/text HTTP/1.1
User-Agent: selenium/4.8.1 (java windows)
Cache-Control: no-cache
Content-Type: application/json; charset=utf-8
host: localhost:37337
accept: */*

Response DefaultHttpResponse(decodeResult: success, version: HTTP/1.1)
HTTP/1.1 200 OK
Content-Length: 15
Content-Type: application/json; charset=utf-8
cache-control: no-cache

[DEBUG] Adding key: http://localhost:37337 for channel [id: 0xdb54d1df, L:/127.0.0.1:64474 - R:localhost/127.0.0.1:37337]
[DEBUG] Using pooled Channel '[id: 0xdb54d1df, L:/127.0.0.1:64474 - R:localhost/127.0.0.1:37337]' for 'GET' to 'http://localhost:37337/session/ef409424851856152e3fe438450bd180/element/0b56175b-1f59-4604-a014-2d697d3f85e9/text'
[DEBUG] Using open Channel [id: 0xdb54d1df, L:/127.0.0.1:64474 - R:localhost/127.0.0.1:37337] for GET '/session/ef409424851856152e3fe438450bd180/element/0b56175b-1f59-4604-a014-2d697d3f85e9/text'
[DEBUG] 

Request DefaultFullHttpRequest(decodeResult: success, version: HTTP/1.1, content: EmptyByteBufBE)
GET /session/ef409424851856152e3fe438450bd180/element/0b56175b-1f59-4604-a014-2d697d3f85e9/text HTTP/1.1
User-Agent: selenium/4.8.1 (java windows)
Cache-Control: no-cache
Content-Type: application/json; charset=utf-8
host: localhost:37337
accept: */*

Response DefaultHttpResponse(decodeResult: success, version: HTTP/1.1)
HTTP/1.1 200 OK
Content-Length: 15
Content-Type: application/json; charset=utf-8
cache-control: no-cache

[DEBUG] Adding key: http://localhost:37337 for channel [id: 0xdb54d1df, L:/127.0.0.1:64474 - R:localhost/127.0.0.1:37337]
[DEBUG] Using pooled Channel '[id: 0xdb54d1df, L:/127.0.0.1:64474 - R:localhost/127.0.0.1:37337]' for 'GET' to 'http://localhost:37337/session/ef409424851856152e3fe438450bd180/element/77a4d7c7-04c8-45f3-87c0-3f510c42bc5c/text'
[DEBUG] Using open Channel [id: 0xdb54d1df, L:/127.0.0.1:64474 - R:localhost/127.0.0.1:37337] for GET '/session/ef409424851856152e3fe438450bd180/element/77a4d7c7-04c8-45f3-87c0-3f510c42bc5c/text'
[DEBUG] 

Request DefaultFullHttpRequest(decodeResult: success, version: HTTP/1.1, content: EmptyByteBufBE)
GET /session/ef409424851856152e3fe438450bd180/element/77a4d7c7-04c8-45f3-87c0-3f510c42bc5c/text HTTP/1.1
User-Agent: selenium/4.8.1 (java windows)
Cache-Control: no-cache
Content-Type: application/json; charset=utf-8
host: localhost:37337
accept: */*

Response DefaultHttpResponse(decodeResult: success, version: HTTP/1.1)
HTTP/1.1 200 OK
Content-Length: 15
Content-Type: application/json; charset=utf-8
cache-control: no-cache

[DEBUG] Adding key: http://localhost:37337 for channel [id: 0xdb54d1df, L:/127.0.0.1:64474 - R:localhost/127.0.0.1:37337]
[DEBUG] Using pooled Channel '[id: 0xdb54d1df, L:/127.0.0.1:64474 - R:localhost/127.0.0.1:37337]' for 'GET' to 'http://localhost:37337/session/ef409424851856152e3fe438450bd180/element/ca750abf-8d5d-4011-acd4-e02b72b6cad2/text'
[DEBUG] Using open Channel [id: 0xdb54d1df, L:/127.0.0.1:64474 - R:localhost/127.0.0.1:37337] for GET '/session/ef409424851856152e3fe438450bd180/element/ca750abf-8d5d-4011-acd4-e02b72b6cad2/text'
[DEBUG] 

Request DefaultFullHttpRequest(decodeResult: success, version: HTTP/1.1, content: EmptyByteBufBE)
GET /session/ef409424851856152e3fe438450bd180/element/ca750abf-8d5d-4011-acd4-e02b72b6cad2/text HTTP/1.1
User-Agent: selenium/4.8.1 (java windows)
Cache-Control: no-cache
Content-Type: application/json; charset=utf-8
host: localhost:37337
accept: */*

Response DefaultHttpResponse(decodeResult: success, version: HTTP/1.1)
HTTP/1.1 200 OK
Content-Length: 15
Content-Type: application/json; charset=utf-8
cache-control: no-cache

[DEBUG] Adding key: http://localhost:37337 for channel [id: 0xdb54d1df, L:/127.0.0.1:64474 - R:localhost/127.0.0.1:37337]
[DEBUG] Using pooled Channel '[id: 0xdb54d1df, L:/127.0.0.1:64474 - R:localhost/127.0.0.1:37337]' for 'GET' to 'http://localhost:37337/session/ef409424851856152e3fe438450bd180/element/b3a8a454-8be6-45f1-b6e8-837b63cfe5f3/text'
[DEBUG] Using open Channel [id: 0xdb54d1df, L:/127.0.0.1:64474 - R:localhost/127.0.0.1:37337] for GET '/session/ef409424851856152e3fe438450bd180/element/b3a8a454-8be6-45f1-b6e8-837b63cfe5f3/text'
[DEBUG] 

Request DefaultFullHttpRequest(decodeResult: success, version: HTTP/1.1, content: EmptyByteBufBE)
GET /session/ef409424851856152e3fe438450bd180/element/b3a8a454-8be6-45f1-b6e8-837b63cfe5f3/text HTTP/1.1
User-Agent: selenium/4.8.1 (java windows)
Cache-Control: no-cache
Content-Type: application/json; charset=utf-8
host: localhost:37337
accept: */*

Response DefaultHttpResponse(decodeResult: success, version: HTTP/1.1)
HTTP/1.1 200 OK
Content-Length: 15
Content-Type: application/json; charset=utf-8
cache-control: no-cache

[DEBUG] Adding key: http://localhost:37337 for channel [id: 0xdb54d1df, L:/127.0.0.1:64474 - R:localhost/127.0.0.1:37337]
[DEBUG] Using pooled Channel '[id: 0xdb54d1df, L:/127.0.0.1:64474 - R:localhost/127.0.0.1:37337]' for 'POST' to 'http://localhost:37337/session/ef409424851856152e3fe438450bd180/element/b3a8a454-8be6-45f1-b6e8-837b63cfe5f3/click'
[DEBUG] Using open Channel [id: 0xdb54d1df, L:/127.0.0.1:64474 - R:localhost/127.0.0.1:37337] for POST '/session/ef409424851856152e3fe438450bd180/element/b3a8a454-8be6-45f1-b6e8-837b63cfe5f3/click'
[DEBUG] 

Request DefaultHttpRequest(decodeResult: success, version: HTTP/1.1)
POST /session/ef409424851856152e3fe438450bd180/element/b3a8a454-8be6-45f1-b6e8-837b63cfe5f3/click HTTP/1.1
User-Agent: selenium/4.8.1 (java windows)
Content-Length: 50
Content-Type: application/json; charset=utf-8
host: localhost:37337
accept: */*

Response DefaultHttpResponse(decodeResult: success, version: HTTP/1.1)
HTTP/1.1 200 OK
Content-Length: 14
Content-Type: application/json; charset=utf-8
cache-control: no-cache

[DEBUG] Adding key: http://localhost:37337 for channel [id: 0xdb54d1df, L:/127.0.0.1:64474 - R:localhost/127.0.0.1:37337]
[DEBUG] Using pooled Channel '[id: 0xdb54d1df, L:/127.0.0.1:64474 - R:localhost/127.0.0.1:37337]' for 'POST' to 'http://localhost:37337/session/ef409424851856152e3fe438450bd180/element'
[DEBUG] Using open Channel [id: 0xdb54d1df, L:/127.0.0.1:64474 - R:localhost/127.0.0.1:37337] for POST '/session/ef409424851856152e3fe438450bd180/element'
[DEBUG] 

Request DefaultHttpRequest(decodeResult: success, version: HTTP/1.1)
POST /session/ef409424851856152e3fe438450bd180/element HTTP/1.1
User-Agent: selenium/4.8.1 (java windows)
Content-Length: 48
Content-Type: application/json; charset=utf-8
host: localhost:37337
accept: */*

Response DefaultHttpResponse(decodeResult: success, version: HTTP/1.1)
HTTP/1.1 200 OK
Content-Length: 88
Content-Type: application/json; charset=utf-8
cache-control: no-cache

[DEBUG] Adding key: http://localhost:37337 for channel [id: 0xdb54d1df, L:/127.0.0.1:64474 - R:localhost/127.0.0.1:37337]
[DEBUG] Using pooled Channel '[id: 0xdb54d1df, L:/127.0.0.1:64474 - R:localhost/127.0.0.1:37337]' for 'GET' to 'http://localhost:37337/session/ef409424851856152e3fe438450bd180/element/16d274e0-5774-474b-b674-ebbedddb5e8a/name'
[DEBUG] Using open Channel [id: 0xdb54d1df, L:/127.0.0.1:64474 - R:localhost/127.0.0.1:37337] for GET '/session/ef409424851856152e3fe438450bd180/element/16d274e0-5774-474b-b674-ebbedddb5e8a/name'
[DEBUG] 

Request DefaultFullHttpRequest(decodeResult: success, version: HTTP/1.1, content: EmptyByteBufBE)
GET /session/ef409424851856152e3fe438450bd180/element/16d274e0-5774-474b-b674-ebbedddb5e8a/name HTTP/1.1
User-Agent: selenium/4.8.1 (java windows)
Cache-Control: no-cache
Content-Type: application/json; charset=utf-8
host: localhost:37337
accept: */*

Response DefaultHttpResponse(decodeResult: success, version: HTTP/1.1)
HTTP/1.1 200 OK
Content-Length: 18
Content-Type: application/json; charset=utf-8
cache-control: no-cache

[DEBUG] Adding key: http://localhost:37337 for channel [id: 0xdb54d1df, L:/127.0.0.1:64474 - R:localhost/127.0.0.1:37337]
[DEBUG] Using pooled Channel '[id: 0xdb54d1df, L:/127.0.0.1:64474 - R:localhost/127.0.0.1:37337]' for 'GET' to 'http://localhost:37337/session/ef409424851856152e3fe438450bd180/element/16d274e0-5774-474b-b674-ebbedddb5e8a/attribute/multiple'
[DEBUG] Using open Channel [id: 0xdb54d1df, L:/127.0.0.1:64474 - R:localhost/127.0.0.1:37337] for GET '/session/ef409424851856152e3fe438450bd180/element/16d274e0-5774-474b-b674-ebbedddb5e8a/attribute/multiple'
[DEBUG] 

Request DefaultFullHttpRequest(decodeResult: success, version: HTTP/1.1, content: EmptyByteBufBE)
GET /session/ef409424851856152e3fe438450bd180/element/16d274e0-5774-474b-b674-ebbedddb5e8a/attribute/multiple HTTP/1.1
User-Agent: selenium/4.8.1 (java windows)
Cache-Control: no-cache
Content-Type: application/json; charset=utf-8
host: localhost:37337
accept: */*

Response DefaultHttpResponse(decodeResult: success, version: HTTP/1.1)
HTTP/1.1 200 OK
Content-Length: 14
Content-Type: application/json; charset=utf-8
cache-control: no-cache

[DEBUG] Adding key: http://localhost:37337 for channel [id: 0xdb54d1df, L:/127.0.0.1:64474 - R:localhost/127.0.0.1:37337]
[DEBUG] Using pooled Channel '[id: 0xdb54d1df, L:/127.0.0.1:64474 - R:localhost/127.0.0.1:37337]' for 'POST' to 'http://localhost:37337/session/ef409424851856152e3fe438450bd180/element/16d274e0-5774-474b-b674-ebbedddb5e8a/elements'
[DEBUG] Using open Channel [id: 0xdb54d1df, L:/127.0.0.1:64474 - R:localhost/127.0.0.1:37337] for POST '/session/ef409424851856152e3fe438450bd180/element/16d274e0-5774-474b-b674-ebbedddb5e8a/elements'
[DEBUG] 

Request DefaultHttpRequest(decodeResult: success, version: HTTP/1.1)
POST /session/ef409424851856152e3fe438450bd180/element/16d274e0-5774-474b-b674-ebbedddb5e8a/elements HTTP/1.1
User-Agent: selenium/4.8.1 (java windows)
Content-Length: 94
Content-Type: application/json; charset=utf-8
host: localhost:37337
accept: */*

Response DefaultHttpResponse(decodeResult: success, version: HTTP/1.1)
HTTP/1.1 200 OK
Content-Length: 2460
Content-Type: application/json; charset=utf-8
cache-control: no-cache

[DEBUG] Adding key: http://localhost:37337 for channel [id: 0xdb54d1df, L:/127.0.0.1:64474 - R:localhost/127.0.0.1:37337]
[DEBUG] Using pooled Channel '[id: 0xdb54d1df, L:/127.0.0.1:64474 - R:localhost/127.0.0.1:37337]' for 'GET' to 'http://localhost:37337/session/ef409424851856152e3fe438450bd180/element/5076d1e6-ff23-4adb-9f72-902f98a7c0ef/text'
[DEBUG] Using open Channel [id: 0xdb54d1df, L:/127.0.0.1:64474 - R:localhost/127.0.0.1:37337] for GET '/session/ef409424851856152e3fe438450bd180/element/5076d1e6-ff23-4adb-9f72-902f98a7c0ef/text'
[DEBUG] 

Request DefaultFullHttpRequest(decodeResult: success, version: HTTP/1.1, content: EmptyByteBufBE)
GET /session/ef409424851856152e3fe438450bd180/element/5076d1e6-ff23-4adb-9f72-902f98a7c0ef/text HTTP/1.1
User-Agent: selenium/4.8.1 (java windows)
Cache-Control: no-cache
Content-Type: application/json; charset=utf-8
host: localhost:37337
accept: */*

Response DefaultHttpResponse(decodeResult: success, version: HTTP/1.1)
HTTP/1.1 200 OK
Content-Length: 13
Content-Type: application/json; charset=utf-8
cache-control: no-cache

[DEBUG] Adding key: http://localhost:37337 for channel [id: 0xdb54d1df, L:/127.0.0.1:64474 - R:localhost/127.0.0.1:37337]
[DEBUG] Using pooled Channel '[id: 0xdb54d1df, L:/127.0.0.1:64474 - R:localhost/127.0.0.1:37337]' for 'GET' to 'http://localhost:37337/session/ef409424851856152e3fe438450bd180/element/17837bb5-ffd3-4568-8523-1a42edf733a8/text'
[DEBUG] Using open Channel [id: 0xdb54d1df, L:/127.0.0.1:64474 - R:localhost/127.0.0.1:37337] for GET '/session/ef409424851856152e3fe438450bd180/element/17837bb5-ffd3-4568-8523-1a42edf733a8/text'
[DEBUG] 

Request DefaultFullHttpRequest(decodeResult: success, version: HTTP/1.1, content: EmptyByteBufBE)
GET /session/ef409424851856152e3fe438450bd180/element/17837bb5-ffd3-4568-8523-1a42edf733a8/text HTTP/1.1
User-Agent: selenium/4.8.1 (java windows)
Cache-Control: no-cache
Content-Type: application/json; charset=utf-8
host: localhost:37337
accept: */*

Response DefaultHttpResponse(decodeResult: success, version: HTTP/1.1)
HTTP/1.1 200 OK
Content-Length: 13
Content-Type: application/json; charset=utf-8
cache-control: no-cache

[DEBUG] Adding key: http://localhost:37337 for channel [id: 0xdb54d1df, L:/127.0.0.1:64474 - R:localhost/127.0.0.1:37337]
[DEBUG] Using pooled Channel '[id: 0xdb54d1df, L:/127.0.0.1:64474 - R:localhost/127.0.0.1:37337]' for 'GET' to 'http://localhost:37337/session/ef409424851856152e3fe438450bd180/element/6416d118-34ea-401e-a78e-2e56b67ec25b/text'
[DEBUG] Using open Channel [id: 0xdb54d1df, L:/127.0.0.1:64474 - R:localhost/127.0.0.1:37337] for GET '/session/ef409424851856152e3fe438450bd180/element/6416d118-34ea-401e-a78e-2e56b67ec25b/text'
[DEBUG] 

Request DefaultFullHttpRequest(decodeResult: success, version: HTTP/1.1, content: EmptyByteBufBE)
GET /session/ef409424851856152e3fe438450bd180/element/6416d118-34ea-401e-a78e-2e56b67ec25b/text HTTP/1.1
User-Agent: selenium/4.8.1 (java windows)
Cache-Control: no-cache
Content-Type: application/json; charset=utf-8
host: localhost:37337
accept: */*

Response DefaultHttpResponse(decodeResult: success, version: HTTP/1.1)
HTTP/1.1 200 OK
Content-Length: 13
Content-Type: application/json; charset=utf-8
cache-control: no-cache

[DEBUG] Adding key: http://localhost:37337 for channel [id: 0xdb54d1df, L:/127.0.0.1:64474 - R:localhost/127.0.0.1:37337]
[DEBUG] Using pooled Channel '[id: 0xdb54d1df, L:/127.0.0.1:64474 - R:localhost/127.0.0.1:37337]' for 'GET' to 'http://localhost:37337/session/ef409424851856152e3fe438450bd180/element/af83385c-2822-4762-92fa-e76c1d518839/text'
[DEBUG] Using open Channel [id: 0xdb54d1df, L:/127.0.0.1:64474 - R:localhost/127.0.0.1:37337] for GET '/session/ef409424851856152e3fe438450bd180/element/af83385c-2822-4762-92fa-e76c1d518839/text'
[DEBUG] 

Request DefaultFullHttpRequest(decodeResult: success, version: HTTP/1.1, content: EmptyByteBufBE)
GET /session/ef409424851856152e3fe438450bd180/element/af83385c-2822-4762-92fa-e76c1d518839/text HTTP/1.1
User-Agent: selenium/4.8.1 (java windows)
Cache-Control: no-cache
Content-Type: application/json; charset=utf-8
host: localhost:37337
accept: */*

Response DefaultHttpResponse(decodeResult: success, version: HTTP/1.1)
HTTP/1.1 200 OK
Content-Length: 13
Content-Type: application/json; charset=utf-8
cache-control: no-cache

[DEBUG] Adding key: http://localhost:37337 for channel [id: 0xdb54d1df, L:/127.0.0.1:64474 - R:localhost/127.0.0.1:37337]
[DEBUG] Using pooled Channel '[id: 0xdb54d1df, L:/127.0.0.1:64474 - R:localhost/127.0.0.1:37337]' for 'GET' to 'http://localhost:37337/session/ef409424851856152e3fe438450bd180/element/8d1fb8a3-9739-48fc-b6f9-bb18adfc53c6/text'
[DEBUG] Using open Channel [id: 0xdb54d1df, L:/127.0.0.1:64474 - R:localhost/127.0.0.1:37337] for GET '/session/ef409424851856152e3fe438450bd180/element/8d1fb8a3-9739-48fc-b6f9-bb18adfc53c6/text'
[DEBUG] 

Request DefaultFullHttpRequest(decodeResult: success, version: HTTP/1.1, content: EmptyByteBufBE)
GET /session/ef409424851856152e3fe438450bd180/element/8d1fb8a3-9739-48fc-b6f9-bb18adfc53c6/text HTTP/1.1
User-Agent: selenium/4.8.1 (java windows)
Cache-Control: no-cache
Content-Type: application/json; charset=utf-8
host: localhost:37337
accept: */*

Response DefaultHttpResponse(decodeResult: success, version: HTTP/1.1)
HTTP/1.1 200 OK
Content-Length: 13
Content-Type: application/json; charset=utf-8
cache-control: no-cache

[DEBUG] Adding key: http://localhost:37337 for channel [id: 0xdb54d1df, L:/127.0.0.1:64474 - R:localhost/127.0.0.1:37337]
[DEBUG] Using pooled Channel '[id: 0xdb54d1df, L:/127.0.0.1:64474 - R:localhost/127.0.0.1:37337]' for 'GET' to 'http://localhost:37337/session/ef409424851856152e3fe438450bd180/element/81aa1870-b250-44f0-aa8b-e549648bab0c/text'
[DEBUG] Using open Channel [id: 0xdb54d1df, L:/127.0.0.1:64474 - R:localhost/127.0.0.1:37337] for GET '/session/ef409424851856152e3fe438450bd180/element/81aa1870-b250-44f0-aa8b-e549648bab0c/text'
[DEBUG] 

Request DefaultFullHttpRequest(decodeResult: success, version: HTTP/1.1, content: EmptyByteBufBE)
GET /session/ef409424851856152e3fe438450bd180/element/81aa1870-b250-44f0-aa8b-e549648bab0c/text HTTP/1.1
User-Agent: selenium/4.8.1 (java windows)
Cache-Control: no-cache
Content-Type: application/json; charset=utf-8
host: localhost:37337
accept: */*

Response DefaultHttpResponse(decodeResult: success, version: HTTP/1.1)
HTTP/1.1 200 OK
Content-Length: 13
Content-Type: application/json; charset=utf-8
cache-control: no-cache

[DEBUG] Adding key: http://localhost:37337 for channel [id: 0xdb54d1df, L:/127.0.0.1:64474 - R:localhost/127.0.0.1:37337]
[DEBUG] Using pooled Channel '[id: 0xdb54d1df, L:/127.0.0.1:64474 - R:localhost/127.0.0.1:37337]' for 'GET' to 'http://localhost:37337/session/ef409424851856152e3fe438450bd180/element/3609d05c-93a5-48fd-953c-424185f11aea/text'
[DEBUG] Using open Channel [id: 0xdb54d1df, L:/127.0.0.1:64474 - R:localhost/127.0.0.1:37337] for GET '/session/ef409424851856152e3fe438450bd180/element/3609d05c-93a5-48fd-953c-424185f11aea/text'
[DEBUG] 

Request DefaultFullHttpRequest(decodeResult: success, version: HTTP/1.1, content: EmptyByteBufBE)
GET /session/ef409424851856152e3fe438450bd180/element/3609d05c-93a5-48fd-953c-424185f11aea/text HTTP/1.1
User-Agent: selenium/4.8.1 (java windows)
Cache-Control: no-cache
Content-Type: application/json; charset=utf-8
host: localhost:37337
accept: */*

Response DefaultHttpResponse(decodeResult: success, version: HTTP/1.1)
HTTP/1.1 200 OK
Content-Length: 13
Content-Type: application/json; charset=utf-8
cache-control: no-cache

[DEBUG] Adding key: http://localhost:37337 for channel [id: 0xdb54d1df, L:/127.0.0.1:64474 - R:localhost/127.0.0.1:37337]
[DEBUG] Using pooled Channel '[id: 0xdb54d1df, L:/127.0.0.1:64474 - R:localhost/127.0.0.1:37337]' for 'GET' to 'http://localhost:37337/session/ef409424851856152e3fe438450bd180/element/a414c904-5408-4658-99aa-a533ec8a66de/text'
[DEBUG] Using open Channel [id: 0xdb54d1df, L:/127.0.0.1:64474 - R:localhost/127.0.0.1:37337] for GET '/session/ef409424851856152e3fe438450bd180/element/a414c904-5408-4658-99aa-a533ec8a66de/text'
[DEBUG] Entry count for : http://localhost:64475 : 1
[DEBUG] 

Request DefaultFullHttpRequest(decodeResult: success, version: HTTP/1.1, content: EmptyByteBufBE)
GET /session/ef409424851856152e3fe438450bd180/element/a414c904-5408-4658-99aa-a533ec8a66de/text HTTP/1.1
User-Agent: selenium/4.8.1 (java windows)
Cache-Control: no-cache
Content-Type: application/json; charset=utf-8
host: localhost:37337
accept: */*

Response DefaultHttpResponse(decodeResult: success, version: HTTP/1.1)
HTTP/1.1 200 OK
Content-Length: 13
Content-Type: application/json; charset=utf-8
cache-control: no-cache

[DEBUG] Adding key: http://localhost:37337 for channel [id: 0xdb54d1df, L:/127.0.0.1:64474 - R:localhost/127.0.0.1:37337]
[DEBUG] Using pooled Channel '[id: 0xdb54d1df, L:/127.0.0.1:64474 - R:localhost/127.0.0.1:37337]' for 'GET' to 'http://localhost:37337/session/ef409424851856152e3fe438450bd180/element/a9d9f5db-5cb6-4a08-82f7-18e839d40cf3/text'
[DEBUG] Using open Channel [id: 0xdb54d1df, L:/127.0.0.1:64474 - R:localhost/127.0.0.1:37337] for GET '/session/ef409424851856152e3fe438450bd180/element/a9d9f5db-5cb6-4a08-82f7-18e839d40cf3/text'
[DEBUG] 

Request DefaultFullHttpRequest(decodeResult: success, version: HTTP/1.1, content: EmptyByteBufBE)
GET /session/ef409424851856152e3fe438450bd180/element/a9d9f5db-5cb6-4a08-82f7-18e839d40cf3/text HTTP/1.1
User-Agent: selenium/4.8.1 (java windows)
Cache-Control: no-cache
Content-Type: application/json; charset=utf-8
host: localhost:37337
accept: */*

Response DefaultHttpResponse(decodeResult: success, version: HTTP/1.1)
HTTP/1.1 200 OK
Content-Length: 13
Content-Type: application/json; charset=utf-8
cache-control: no-cache

[DEBUG] Adding key: http://localhost:37337 for channel [id: 0xdb54d1df, L:/127.0.0.1:64474 - R:localhost/127.0.0.1:37337]
[DEBUG] Using pooled Channel '[id: 0xdb54d1df, L:/127.0.0.1:64474 - R:localhost/127.0.0.1:37337]' for 'GET' to 'http://localhost:37337/session/ef409424851856152e3fe438450bd180/element/f73528b1-6184-4ee1-9d6c-cb5aea954c7d/text'
[DEBUG] Using open Channel [id: 0xdb54d1df, L:/127.0.0.1:64474 - R:localhost/127.0.0.1:37337] for GET '/session/ef409424851856152e3fe438450bd180/element/f73528b1-6184-4ee1-9d6c-cb5aea954c7d/text'
[DEBUG] 

Request DefaultFullHttpRequest(decodeResult: success, version: HTTP/1.1, content: EmptyByteBufBE)
GET /session/ef409424851856152e3fe438450bd180/element/f73528b1-6184-4ee1-9d6c-cb5aea954c7d/text HTTP/1.1
User-Agent: selenium/4.8.1 (java windows)
Cache-Control: no-cache
Content-Type: application/json; charset=utf-8
host: localhost:37337
accept: */*

Response DefaultHttpResponse(decodeResult: success, version: HTTP/1.1)
HTTP/1.1 200 OK
Content-Length: 14
Content-Type: application/json; charset=utf-8
cache-control: no-cache

[DEBUG] Adding key: http://localhost:37337 for channel [id: 0xdb54d1df, L:/127.0.0.1:64474 - R:localhost/127.0.0.1:37337]
[DEBUG] Using pooled Channel '[id: 0xdb54d1df, L:/127.0.0.1:64474 - R:localhost/127.0.0.1:37337]' for 'GET' to 'http://localhost:37337/session/ef409424851856152e3fe438450bd180/element/809b227b-248b-4d3f-b656-8272ecbe5833/text'
[DEBUG] Using open Channel [id: 0xdb54d1df, L:/127.0.0.1:64474 - R:localhost/127.0.0.1:37337] for GET '/session/ef409424851856152e3fe438450bd180/element/809b227b-248b-4d3f-b656-8272ecbe5833/text'
[DEBUG] 

Request DefaultFullHttpRequest(decodeResult: success, version: HTTP/1.1, content: EmptyByteBufBE)
GET /session/ef409424851856152e3fe438450bd180/element/809b227b-248b-4d3f-b656-8272ecbe5833/text HTTP/1.1
User-Agent: selenium/4.8.1 (java windows)
Cache-Control: no-cache
Content-Type: application/json; charset=utf-8
host: localhost:37337
accept: */*

Response DefaultHttpResponse(decodeResult: success, version: HTTP/1.1)
HTTP/1.1 200 OK
Content-Length: 14
Content-Type: application/json; charset=utf-8
cache-control: no-cache

[DEBUG] Adding key: http://localhost:37337 for channel [id: 0xdb54d1df, L:/127.0.0.1:64474 - R:localhost/127.0.0.1:37337]
[DEBUG] Using pooled Channel '[id: 0xdb54d1df, L:/127.0.0.1:64474 - R:localhost/127.0.0.1:37337]' for 'GET' to 'http://localhost:37337/session/ef409424851856152e3fe438450bd180/element/20a92d3a-8fcd-4727-a282-8ebf5b4eacba/text'
[DEBUG] Using open Channel [id: 0xdb54d1df, L:/127.0.0.1:64474 - R:localhost/127.0.0.1:37337] for GET '/session/ef409424851856152e3fe438450bd180/element/20a92d3a-8fcd-4727-a282-8ebf5b4eacba/text'
[DEBUG] 

Request DefaultFullHttpRequest(decodeResult: success, version: HTTP/1.1, content: EmptyByteBufBE)
GET /session/ef409424851856152e3fe438450bd180/element/20a92d3a-8fcd-4727-a282-8ebf5b4eacba/text HTTP/1.1
User-Agent: selenium/4.8.1 (java windows)
Cache-Control: no-cache
Content-Type: application/json; charset=utf-8
host: localhost:37337
accept: */*

Response DefaultHttpResponse(decodeResult: success, version: HTTP/1.1)
HTTP/1.1 200 OK
Content-Length: 14
Content-Type: application/json; charset=utf-8
cache-control: no-cache

[DEBUG] Adding key: http://localhost:37337 for channel [id: 0xdb54d1df, L:/127.0.0.1:64474 - R:localhost/127.0.0.1:37337]
[DEBUG] Using pooled Channel '[id: 0xdb54d1df, L:/127.0.0.1:64474 - R:localhost/127.0.0.1:37337]' for 'GET' to 'http://localhost:37337/session/ef409424851856152e3fe438450bd180/element/b79d3025-4c48-4cae-99b3-ed6a379e16c8/text'
[DEBUG] Using open Channel [id: 0xdb54d1df, L:/127.0.0.1:64474 - R:localhost/127.0.0.1:37337] for GET '/session/ef409424851856152e3fe438450bd180/element/b79d3025-4c48-4cae-99b3-ed6a379e16c8/text'
[DEBUG] 

Request DefaultFullHttpRequest(decodeResult: success, version: HTTP/1.1, content: EmptyByteBufBE)
GET /session/ef409424851856152e3fe438450bd180/element/b79d3025-4c48-4cae-99b3-ed6a379e16c8/text HTTP/1.1
User-Agent: selenium/4.8.1 (java windows)
Cache-Control: no-cache
Content-Type: application/json; charset=utf-8
host: localhost:37337
accept: */*

Response DefaultHttpResponse(decodeResult: success, version: HTTP/1.1)
HTTP/1.1 200 OK
Content-Length: 14
Content-Type: application/json; charset=utf-8
cache-control: no-cache

[DEBUG] Adding key: http://localhost:37337 for channel [id: 0xdb54d1df, L:/127.0.0.1:64474 - R:localhost/127.0.0.1:37337]
[DEBUG] Using pooled Channel '[id: 0xdb54d1df, L:/127.0.0.1:64474 - R:localhost/127.0.0.1:37337]' for 'GET' to 'http://localhost:37337/session/ef409424851856152e3fe438450bd180/element/403bd52c-63a2-4785-b01c-6c1a3a151410/text'
[DEBUG] Using open Channel [id: 0xdb54d1df, L:/127.0.0.1:64474 - R:localhost/127.0.0.1:37337] for GET '/session/ef409424851856152e3fe438450bd180/element/403bd52c-63a2-4785-b01c-6c1a3a151410/text'
[DEBUG] 

Request DefaultFullHttpRequest(decodeResult: success, version: HTTP/1.1, content: EmptyByteBufBE)
GET /session/ef409424851856152e3fe438450bd180/element/403bd52c-63a2-4785-b01c-6c1a3a151410/text HTTP/1.1
User-Agent: selenium/4.8.1 (java windows)
Cache-Control: no-cache
Content-Type: application/json; charset=utf-8
host: localhost:37337
accept: */*

Response DefaultHttpResponse(decodeResult: success, version: HTTP/1.1)
HTTP/1.1 200 OK
Content-Length: 14
Content-Type: application/json; charset=utf-8
cache-control: no-cache

[DEBUG] Adding key: http://localhost:37337 for channel [id: 0xdb54d1df, L:/127.0.0.1:64474 - R:localhost/127.0.0.1:37337]
[DEBUG] Using pooled Channel '[id: 0xdb54d1df, L:/127.0.0.1:64474 - R:localhost/127.0.0.1:37337]' for 'GET' to 'http://localhost:37337/session/ef409424851856152e3fe438450bd180/element/d75f00d9-41bb-4e94-82f4-a15bc4b49fb4/text'
[DEBUG] Using open Channel [id: 0xdb54d1df, L:/127.0.0.1:64474 - R:localhost/127.0.0.1:37337] for GET '/session/ef409424851856152e3fe438450bd180/element/d75f00d9-41bb-4e94-82f4-a15bc4b49fb4/text'
[DEBUG] 

Request DefaultFullHttpRequest(decodeResult: success, version: HTTP/1.1, content: EmptyByteBufBE)
GET /session/ef409424851856152e3fe438450bd180/element/d75f00d9-41bb-4e94-82f4-a15bc4b49fb4/text HTTP/1.1
User-Agent: selenium/4.8.1 (java windows)
Cache-Control: no-cache
Content-Type: application/json; charset=utf-8
host: localhost:37337
accept: */*

Response DefaultHttpResponse(decodeResult: success, version: HTTP/1.1)
HTTP/1.1 200 OK
Content-Length: 14
Content-Type: application/json; charset=utf-8
cache-control: no-cache

[DEBUG] Adding key: http://localhost:37337 for channel [id: 0xdb54d1df, L:/127.0.0.1:64474 - R:localhost/127.0.0.1:37337]
[DEBUG] Using pooled Channel '[id: 0xdb54d1df, L:/127.0.0.1:64474 - R:localhost/127.0.0.1:37337]' for 'GET' to 'http://localhost:37337/session/ef409424851856152e3fe438450bd180/element/d569f93e-1371-4cf6-86a0-e43334dfa1e9/text'
[DEBUG] Using open Channel [id: 0xdb54d1df, L:/127.0.0.1:64474 - R:localhost/127.0.0.1:37337] for GET '/session/ef409424851856152e3fe438450bd180/element/d569f93e-1371-4cf6-86a0-e43334dfa1e9/text'
[DEBUG] 

Request DefaultFullHttpRequest(decodeResult: success, version: HTTP/1.1, content: EmptyByteBufBE)
GET /session/ef409424851856152e3fe438450bd180/element/d569f93e-1371-4cf6-86a0-e43334dfa1e9/text HTTP/1.1
User-Agent: selenium/4.8.1 (java windows)
Cache-Control: no-cache
Content-Type: application/json; charset=utf-8
host: localhost:37337
accept: */*

Response DefaultHttpResponse(decodeResult: success, version: HTTP/1.1)
HTTP/1.1 200 OK
Content-Length: 14
Content-Type: application/json; charset=utf-8
cache-control: no-cache

[DEBUG] Adding key: http://localhost:37337 for channel [id: 0xdb54d1df, L:/127.0.0.1:64474 - R:localhost/127.0.0.1:37337]
[DEBUG] Using pooled Channel '[id: 0xdb54d1df, L:/127.0.0.1:64474 - R:localhost/127.0.0.1:37337]' for 'GET' to 'http://localhost:37337/session/ef409424851856152e3fe438450bd180/element/0a87b71f-db9c-4eaa-a2b5-efea5908eaa3/text'
[DEBUG] Using open Channel [id: 0xdb54d1df, L:/127.0.0.1:64474 - R:localhost/127.0.0.1:37337] for GET '/session/ef409424851856152e3fe438450bd180/element/0a87b71f-db9c-4eaa-a2b5-efea5908eaa3/text'
[DEBUG] 

Request DefaultFullHttpRequest(decodeResult: success, version: HTTP/1.1, content: EmptyByteBufBE)
GET /session/ef409424851856152e3fe438450bd180/element/0a87b71f-db9c-4eaa-a2b5-efea5908eaa3/text HTTP/1.1
User-Agent: selenium/4.8.1 (java windows)
Cache-Control: no-cache
Content-Type: application/json; charset=utf-8
host: localhost:37337
accept: */*

Response DefaultHttpResponse(decodeResult: success, version: HTTP/1.1)
HTTP/1.1 200 OK
Content-Length: 14
Content-Type: application/json; charset=utf-8
cache-control: no-cache

[DEBUG] Adding key: http://localhost:37337 for channel [id: 0xdb54d1df, L:/127.0.0.1:64474 - R:localhost/127.0.0.1:37337]
[DEBUG] Using pooled Channel '[id: 0xdb54d1df, L:/127.0.0.1:64474 - R:localhost/127.0.0.1:37337]' for 'GET' to 'http://localhost:37337/session/ef409424851856152e3fe438450bd180/element/c8675202-45d2-4498-8f3d-35f275d8148a/text'
[DEBUG] Using open Channel [id: 0xdb54d1df, L:/127.0.0.1:64474 - R:localhost/127.0.0.1:37337] for GET '/session/ef409424851856152e3fe438450bd180/element/c8675202-45d2-4498-8f3d-35f275d8148a/text'
[DEBUG] 

Request DefaultFullHttpRequest(decodeResult: success, version: HTTP/1.1, content: EmptyByteBufBE)
GET /session/ef409424851856152e3fe438450bd180/element/c8675202-45d2-4498-8f3d-35f275d8148a/text HTTP/1.1
User-Agent: selenium/4.8.1 (java windows)
Cache-Control: no-cache
Content-Type: application/json; charset=utf-8
host: localhost:37337
accept: */*

Response DefaultHttpResponse(decodeResult: success, version: HTTP/1.1)
HTTP/1.1 200 OK
Content-Length: 14
Content-Type: application/json; charset=utf-8
cache-control: no-cache

[DEBUG] Adding key: http://localhost:37337 for channel [id: 0xdb54d1df, L:/127.0.0.1:64474 - R:localhost/127.0.0.1:37337]
[DEBUG] Using pooled Channel '[id: 0xdb54d1df, L:/127.0.0.1:64474 - R:localhost/127.0.0.1:37337]' for 'GET' to 'http://localhost:37337/session/ef409424851856152e3fe438450bd180/element/90bc6687-b843-46c4-92f7-1a826c91557c/text'
[DEBUG] Using open Channel [id: 0xdb54d1df, L:/127.0.0.1:64474 - R:localhost/127.0.0.1:37337] for GET '/session/ef409424851856152e3fe438450bd180/element/90bc6687-b843-46c4-92f7-1a826c91557c/text'
[DEBUG] 

Request DefaultFullHttpRequest(decodeResult: success, version: HTTP/1.1, content: EmptyByteBufBE)
GET /session/ef409424851856152e3fe438450bd180/element/90bc6687-b843-46c4-92f7-1a826c91557c/text HTTP/1.1
User-Agent: selenium/4.8.1 (java windows)
Cache-Control: no-cache
Content-Type: application/json; charset=utf-8
host: localhost:37337
accept: */*

Response DefaultHttpResponse(decodeResult: success, version: HTTP/1.1)
HTTP/1.1 200 OK
Content-Length: 14
Content-Type: application/json; charset=utf-8
cache-control: no-cache

[DEBUG] Adding key: http://localhost:37337 for channel [id: 0xdb54d1df, L:/127.0.0.1:64474 - R:localhost/127.0.0.1:37337]
[DEBUG] Using pooled Channel '[id: 0xdb54d1df, L:/127.0.0.1:64474 - R:localhost/127.0.0.1:37337]' for 'GET' to 'http://localhost:37337/session/ef409424851856152e3fe438450bd180/element/80ff2c70-f53c-4711-8305-e88d8ba67ca4/text'
[DEBUG] Using open Channel [id: 0xdb54d1df, L:/127.0.0.1:64474 - R:localhost/127.0.0.1:37337] for GET '/session/ef409424851856152e3fe438450bd180/element/80ff2c70-f53c-4711-8305-e88d8ba67ca4/text'
[DEBUG] 

Request DefaultFullHttpRequest(decodeResult: success, version: HTTP/1.1, content: EmptyByteBufBE)
GET /session/ef409424851856152e3fe438450bd180/element/80ff2c70-f53c-4711-8305-e88d8ba67ca4/text HTTP/1.1
User-Agent: selenium/4.8.1 (java windows)
Cache-Control: no-cache
Content-Type: application/json; charset=utf-8
host: localhost:37337
accept: */*

Response DefaultHttpResponse(decodeResult: success, version: HTTP/1.1)
HTTP/1.1 200 OK
Content-Length: 14
Content-Type: application/json; charset=utf-8
cache-control: no-cache

[DEBUG] Adding key: http://localhost:37337 for channel [id: 0xdb54d1df, L:/127.0.0.1:64474 - R:localhost/127.0.0.1:37337]
[DEBUG] Using pooled Channel '[id: 0xdb54d1df, L:/127.0.0.1:64474 - R:localhost/127.0.0.1:37337]' for 'POST' to 'http://localhost:37337/session/ef409424851856152e3fe438450bd180/element/80ff2c70-f53c-4711-8305-e88d8ba67ca4/click'
[DEBUG] Using open Channel [id: 0xdb54d1df, L:/127.0.0.1:64474 - R:localhost/127.0.0.1:37337] for POST '/session/ef409424851856152e3fe438450bd180/element/80ff2c70-f53c-4711-8305-e88d8ba67ca4/click'
[DEBUG] 

Request DefaultHttpRequest(decodeResult: success, version: HTTP/1.1)
POST /session/ef409424851856152e3fe438450bd180/element/80ff2c70-f53c-4711-8305-e88d8ba67ca4/click HTTP/1.1
User-Agent: selenium/4.8.1 (java windows)
Content-Length: 50
Content-Type: application/json; charset=utf-8
host: localhost:37337
accept: */*

Response DefaultHttpResponse(decodeResult: success, version: HTTP/1.1)
HTTP/1.1 200 OK
Content-Length: 14
Content-Type: application/json; charset=utf-8
cache-control: no-cache

[DEBUG] Adding key: http://localhost:37337 for channel [id: 0xdb54d1df, L:/127.0.0.1:64474 - R:localhost/127.0.0.1:37337]
[DEBUG] Using pooled Channel '[id: 0xdb54d1df, L:/127.0.0.1:64474 - R:localhost/127.0.0.1:37337]' for 'POST' to 'http://localhost:37337/session/ef409424851856152e3fe438450bd180/element'
[DEBUG] Using open Channel [id: 0xdb54d1df, L:/127.0.0.1:64474 - R:localhost/127.0.0.1:37337] for POST '/session/ef409424851856152e3fe438450bd180/element'
[DEBUG] 

Request DefaultHttpRequest(decodeResult: success, version: HTTP/1.1)
POST /session/ef409424851856152e3fe438450bd180/element HTTP/1.1
User-Agent: selenium/4.8.1 (java windows)
Content-Length: 49
Content-Type: application/json; charset=utf-8
host: localhost:37337
accept: */*

Response DefaultHttpResponse(decodeResult: success, version: HTTP/1.1)
HTTP/1.1 200 OK
Content-Length: 88
Content-Type: application/json; charset=utf-8
cache-control: no-cache

[DEBUG] Adding key: http://localhost:37337 for channel [id: 0xdb54d1df, L:/127.0.0.1:64474 - R:localhost/127.0.0.1:37337]
[DEBUG] Using pooled Channel '[id: 0xdb54d1df, L:/127.0.0.1:64474 - R:localhost/127.0.0.1:37337]' for 'GET' to 'http://localhost:37337/session/ef409424851856152e3fe438450bd180/element/a2662311-3548-4934-8c6f-47093c8f8318/name'
[DEBUG] Using open Channel [id: 0xdb54d1df, L:/127.0.0.1:64474 - R:localhost/127.0.0.1:37337] for GET '/session/ef409424851856152e3fe438450bd180/element/a2662311-3548-4934-8c6f-47093c8f8318/name'
[DEBUG] 

Request DefaultFullHttpRequest(decodeResult: success, version: HTTP/1.1, content: EmptyByteBufBE)
GET /session/ef409424851856152e3fe438450bd180/element/a2662311-3548-4934-8c6f-47093c8f8318/name HTTP/1.1
User-Agent: selenium/4.8.1 (java windows)
Cache-Control: no-cache
Content-Type: application/json; charset=utf-8
host: localhost:37337
accept: */*

Response DefaultHttpResponse(decodeResult: success, version: HTTP/1.1)
HTTP/1.1 200 OK
Content-Length: 18
Content-Type: application/json; charset=utf-8
cache-control: no-cache

[DEBUG] Adding key: http://localhost:37337 for channel [id: 0xdb54d1df, L:/127.0.0.1:64474 - R:localhost/127.0.0.1:37337]
[DEBUG] Using pooled Channel '[id: 0xdb54d1df, L:/127.0.0.1:64474 - R:localhost/127.0.0.1:37337]' for 'GET' to 'http://localhost:37337/session/ef409424851856152e3fe438450bd180/element/a2662311-3548-4934-8c6f-47093c8f8318/attribute/multiple'
[DEBUG] Using open Channel [id: 0xdb54d1df, L:/127.0.0.1:64474 - R:localhost/127.0.0.1:37337] for GET '/session/ef409424851856152e3fe438450bd180/element/a2662311-3548-4934-8c6f-47093c8f8318/attribute/multiple'
[DEBUG] 

Request DefaultFullHttpRequest(decodeResult: success, version: HTTP/1.1, content: EmptyByteBufBE)
GET /session/ef409424851856152e3fe438450bd180/element/a2662311-3548-4934-8c6f-47093c8f8318/attribute/multiple HTTP/1.1
User-Agent: selenium/4.8.1 (java windows)
Cache-Control: no-cache
Content-Type: application/json; charset=utf-8
host: localhost:37337
accept: */*

Response DefaultHttpResponse(decodeResult: success, version: HTTP/1.1)
HTTP/1.1 200 OK
Content-Length: 14
Content-Type: application/json; charset=utf-8
cache-control: no-cache

[DEBUG] Adding key: http://localhost:37337 for channel [id: 0xdb54d1df, L:/127.0.0.1:64474 - R:localhost/127.0.0.1:37337]
[DEBUG] Using pooled Channel '[id: 0xdb54d1df, L:/127.0.0.1:64474 - R:localhost/127.0.0.1:37337]' for 'POST' to 'http://localhost:37337/session/ef409424851856152e3fe438450bd180/element/a2662311-3548-4934-8c6f-47093c8f8318/elements'
[DEBUG] Using open Channel [id: 0xdb54d1df, L:/127.0.0.1:64474 - R:localhost/127.0.0.1:37337] for POST '/session/ef409424851856152e3fe438450bd180/element/a2662311-3548-4934-8c6f-47093c8f8318/elements'
[DEBUG] 

Request DefaultHttpRequest(decodeResult: success, version: HTTP/1.1)
POST /session/ef409424851856152e3fe438450bd180/element/a2662311-3548-4934-8c6f-47093c8f8318/elements HTTP/1.1
User-Agent: selenium/4.8.1 (java windows)
Content-Length: 94
Content-Type: application/json; charset=utf-8
host: localhost:37337
accept: */*

Response DefaultHttpResponse(decodeResult: success, version: HTTP/1.1)
HTTP/1.1 200 OK
Content-Length: 9412
Content-Type: application/json; charset=utf-8
cache-control: no-cache

[DEBUG] Adding key: http://localhost:37337 for channel [id: 0xdb54d1df, L:/127.0.0.1:64474 - R:localhost/127.0.0.1:37337]
[DEBUG] Using pooled Channel '[id: 0xdb54d1df, L:/127.0.0.1:64474 - R:localhost/127.0.0.1:37337]' for 'GET' to 'http://localhost:37337/session/ef409424851856152e3fe438450bd180/element/37b934eb-fe42-4997-b275-4645ba290054/text'
[DEBUG] Using open Channel [id: 0xdb54d1df, L:/127.0.0.1:64474 - R:localhost/127.0.0.1:37337] for GET '/session/ef409424851856152e3fe438450bd180/element/37b934eb-fe42-4997-b275-4645ba290054/text'
[DEBUG] 

Request DefaultFullHttpRequest(decodeResult: success, version: HTTP/1.1, content: EmptyByteBufBE)
GET /session/ef409424851856152e3fe438450bd180/element/37b934eb-fe42-4997-b275-4645ba290054/text HTTP/1.1
User-Agent: selenium/4.8.1 (java windows)
Cache-Control: no-cache
Content-Type: application/json; charset=utf-8
host: localhost:37337
accept: */*

Response DefaultHttpResponse(decodeResult: success, version: HTTP/1.1)
HTTP/1.1 200 OK
Content-Length: 16
Content-Type: application/json; charset=utf-8
cache-control: no-cache

[DEBUG] Adding key: http://localhost:37337 for channel [id: 0xdb54d1df, L:/127.0.0.1:64474 - R:localhost/127.0.0.1:37337]
[DEBUG] Using pooled Channel '[id: 0xdb54d1df, L:/127.0.0.1:64474 - R:localhost/127.0.0.1:37337]' for 'GET' to 'http://localhost:37337/session/ef409424851856152e3fe438450bd180/element/0a620d96-b46e-4c6f-b7a6-328ecd6c71ff/text'
[DEBUG] Using open Channel [id: 0xdb54d1df, L:/127.0.0.1:64474 - R:localhost/127.0.0.1:37337] for GET '/session/ef409424851856152e3fe438450bd180/element/0a620d96-b46e-4c6f-b7a6-328ecd6c71ff/text'
[DEBUG] 

Request DefaultFullHttpRequest(decodeResult: success, version: HTTP/1.1, content: EmptyByteBufBE)
GET /session/ef409424851856152e3fe438450bd180/element/0a620d96-b46e-4c6f-b7a6-328ecd6c71ff/text HTTP/1.1
User-Agent: selenium/4.8.1 (java windows)
Cache-Control: no-cache
Content-Type: application/json; charset=utf-8
host: localhost:37337
accept: */*

Response DefaultHttpResponse(decodeResult: success, version: HTTP/1.1)
HTTP/1.1 200 OK
Content-Length: 16
Content-Type: application/json; charset=utf-8
cache-control: no-cache

[DEBUG] Adding key: http://localhost:37337 for channel [id: 0xdb54d1df, L:/127.0.0.1:64474 - R:localhost/127.0.0.1:37337]
[DEBUG] Using pooled Channel '[id: 0xdb54d1df, L:/127.0.0.1:64474 - R:localhost/127.0.0.1:37337]' for 'GET' to 'http://localhost:37337/session/ef409424851856152e3fe438450bd180/element/102aa36b-2623-47af-af7f-471ccebf5692/text'
[DEBUG] Using open Channel [id: 0xdb54d1df, L:/127.0.0.1:64474 - R:localhost/127.0.0.1:37337] for GET '/session/ef409424851856152e3fe438450bd180/element/102aa36b-2623-47af-af7f-471ccebf5692/text'
[DEBUG] 

Request DefaultFullHttpRequest(decodeResult: success, version: HTTP/1.1, content: EmptyByteBufBE)
GET /session/ef409424851856152e3fe438450bd180/element/102aa36b-2623-47af-af7f-471ccebf5692/text HTTP/1.1
User-Agent: selenium/4.8.1 (java windows)
Cache-Control: no-cache
Content-Type: application/json; charset=utf-8
host: localhost:37337
accept: */*

Response DefaultHttpResponse(decodeResult: success, version: HTTP/1.1)
HTTP/1.1 200 OK
Content-Length: 16
Content-Type: application/json; charset=utf-8
cache-control: no-cache

[DEBUG] Adding key: http://localhost:37337 for channel [id: 0xdb54d1df, L:/127.0.0.1:64474 - R:localhost/127.0.0.1:37337]
[DEBUG] Using pooled Channel '[id: 0xdb54d1df, L:/127.0.0.1:64474 - R:localhost/127.0.0.1:37337]' for 'GET' to 'http://localhost:37337/session/ef409424851856152e3fe438450bd180/element/3e086295-5073-417b-9440-b5bf63ede06a/text'
[DEBUG] Using open Channel [id: 0xdb54d1df, L:/127.0.0.1:64474 - R:localhost/127.0.0.1:37337] for GET '/session/ef409424851856152e3fe438450bd180/element/3e086295-5073-417b-9440-b5bf63ede06a/text'
[DEBUG] 

Request DefaultFullHttpRequest(decodeResult: success, version: HTTP/1.1, content: EmptyByteBufBE)
GET /session/ef409424851856152e3fe438450bd180/element/3e086295-5073-417b-9440-b5bf63ede06a/text HTTP/1.1
User-Agent: selenium/4.8.1 (java windows)
Cache-Control: no-cache
Content-Type: application/json; charset=utf-8
host: localhost:37337
accept: */*

Response DefaultHttpResponse(decodeResult: success, version: HTTP/1.1)
HTTP/1.1 200 OK
Content-Length: 16
Content-Type: application/json; charset=utf-8
cache-control: no-cache

[DEBUG] Adding key: http://localhost:37337 for channel [id: 0xdb54d1df, L:/127.0.0.1:64474 - R:localhost/127.0.0.1:37337]
[DEBUG] Using pooled Channel '[id: 0xdb54d1df, L:/127.0.0.1:64474 - R:localhost/127.0.0.1:37337]' for 'GET' to 'http://localhost:37337/session/ef409424851856152e3fe438450bd180/element/8144ea9a-204e-47ba-a701-b49c9b5dce88/text'
[DEBUG] Using open Channel [id: 0xdb54d1df, L:/127.0.0.1:64474 - R:localhost/127.0.0.1:37337] for GET '/session/ef409424851856152e3fe438450bd180/element/8144ea9a-204e-47ba-a701-b49c9b5dce88/text'
[DEBUG] 

Request DefaultFullHttpRequest(decodeResult: success, version: HTTP/1.1, content: EmptyByteBufBE)
GET /session/ef409424851856152e3fe438450bd180/element/8144ea9a-204e-47ba-a701-b49c9b5dce88/text HTTP/1.1
User-Agent: selenium/4.8.1 (java windows)
Cache-Control: no-cache
Content-Type: application/json; charset=utf-8
host: localhost:37337
accept: */*

Response DefaultHttpResponse(decodeResult: success, version: HTTP/1.1)
HTTP/1.1 200 OK
Content-Length: 16
Content-Type: application/json; charset=utf-8
cache-control: no-cache

[DEBUG] Adding key: http://localhost:37337 for channel [id: 0xdb54d1df, L:/127.0.0.1:64474 - R:localhost/127.0.0.1:37337]
[DEBUG] Using pooled Channel '[id: 0xdb54d1df, L:/127.0.0.1:64474 - R:localhost/127.0.0.1:37337]' for 'GET' to 'http://localhost:37337/session/ef409424851856152e3fe438450bd180/element/19963a21-d009-435c-8dff-5028817a0d25/text'
[DEBUG] Using open Channel [id: 0xdb54d1df, L:/127.0.0.1:64474 - R:localhost/127.0.0.1:37337] for GET '/session/ef409424851856152e3fe438450bd180/element/19963a21-d009-435c-8dff-5028817a0d25/text'
[DEBUG] 

Request DefaultFullHttpRequest(decodeResult: success, version: HTTP/1.1, content: EmptyByteBufBE)
GET /session/ef409424851856152e3fe438450bd180/element/19963a21-d009-435c-8dff-5028817a0d25/text HTTP/1.1
User-Agent: selenium/4.8.1 (java windows)
Cache-Control: no-cache
Content-Type: application/json; charset=utf-8
host: localhost:37337
accept: */*

Response DefaultHttpResponse(decodeResult: success, version: HTTP/1.1)
HTTP/1.1 200 OK
Content-Length: 16
Content-Type: application/json; charset=utf-8
cache-control: no-cache

[DEBUG] Adding key: http://localhost:37337 for channel [id: 0xdb54d1df, L:/127.0.0.1:64474 - R:localhost/127.0.0.1:37337]
[DEBUG] Using pooled Channel '[id: 0xdb54d1df, L:/127.0.0.1:64474 - R:localhost/127.0.0.1:37337]' for 'GET' to 'http://localhost:37337/session/ef409424851856152e3fe438450bd180/element/4a4544f1-2da3-429c-b802-4f8c591dd5e7/text'
[DEBUG] Using open Channel [id: 0xdb54d1df, L:/127.0.0.1:64474 - R:localhost/127.0.0.1:37337] for GET '/session/ef409424851856152e3fe438450bd180/element/4a4544f1-2da3-429c-b802-4f8c591dd5e7/text'
[DEBUG] 

Request DefaultFullHttpRequest(decodeResult: success, version: HTTP/1.1, content: EmptyByteBufBE)
GET /session/ef409424851856152e3fe438450bd180/element/4a4544f1-2da3-429c-b802-4f8c591dd5e7/text HTTP/1.1
User-Agent: selenium/4.8.1 (java windows)
Cache-Control: no-cache
Content-Type: application/json; charset=utf-8
host: localhost:37337
accept: */*

Response DefaultHttpResponse(decodeResult: success, version: HTTP/1.1)
HTTP/1.1 200 OK
Content-Length: 16
Content-Type: application/json; charset=utf-8
cache-control: no-cache

[DEBUG] Adding key: http://localhost:37337 for channel [id: 0xdb54d1df, L:/127.0.0.1:64474 - R:localhost/127.0.0.1:37337]
[DEBUG] Using pooled Channel '[id: 0xdb54d1df, L:/127.0.0.1:64474 - R:localhost/127.0.0.1:37337]' for 'GET' to 'http://localhost:37337/session/ef409424851856152e3fe438450bd180/element/4ca89584-e6dc-4352-bb09-723b11ddd079/text'
[DEBUG] Using open Channel [id: 0xdb54d1df, L:/127.0.0.1:64474 - R:localhost/127.0.0.1:37337] for GET '/session/ef409424851856152e3fe438450bd180/element/4ca89584-e6dc-4352-bb09-723b11ddd079/text'
[DEBUG] 

Request DefaultFullHttpRequest(decodeResult: success, version: HTTP/1.1, content: EmptyByteBufBE)
GET /session/ef409424851856152e3fe438450bd180/element/4ca89584-e6dc-4352-bb09-723b11ddd079/text HTTP/1.1
User-Agent: selenium/4.8.1 (java windows)
Cache-Control: no-cache
Content-Type: application/json; charset=utf-8
host: localhost:37337
accept: */*

Response DefaultHttpResponse(decodeResult: success, version: HTTP/1.1)
HTTP/1.1 200 OK
Content-Length: 16
Content-Type: application/json; charset=utf-8
cache-control: no-cache

[DEBUG] Adding key: http://localhost:37337 for channel [id: 0xdb54d1df, L:/127.0.0.1:64474 - R:localhost/127.0.0.1:37337]
[DEBUG] Using pooled Channel '[id: 0xdb54d1df, L:/127.0.0.1:64474 - R:localhost/127.0.0.1:37337]' for 'GET' to 'http://localhost:37337/session/ef409424851856152e3fe438450bd180/element/7cfd17a8-4fe1-4f94-80e8-a90a94ae3205/text'
[DEBUG] Using open Channel [id: 0xdb54d1df, L:/127.0.0.1:64474 - R:localhost/127.0.0.1:37337] for GET '/session/ef409424851856152e3fe438450bd180/element/7cfd17a8-4fe1-4f94-80e8-a90a94ae3205/text'
[DEBUG] 

Request DefaultFullHttpRequest(decodeResult: success, version: HTTP/1.1, content: EmptyByteBufBE)
GET /session/ef409424851856152e3fe438450bd180/element/7cfd17a8-4fe1-4f94-80e8-a90a94ae3205/text HTTP/1.1
User-Agent: selenium/4.8.1 (java windows)
Cache-Control: no-cache
Content-Type: application/json; charset=utf-8
host: localhost:37337
accept: */*

Response DefaultHttpResponse(decodeResult: success, version: HTTP/1.1)
HTTP/1.1 200 OK
Content-Length: 16
Content-Type: application/json; charset=utf-8
cache-control: no-cache

[DEBUG] Adding key: http://localhost:37337 for channel [id: 0xdb54d1df, L:/127.0.0.1:64474 - R:localhost/127.0.0.1:37337]
[DEBUG] Using pooled Channel '[id: 0xdb54d1df, L:/127.0.0.1:64474 - R:localhost/127.0.0.1:37337]' for 'GET' to 'http://localhost:37337/session/ef409424851856152e3fe438450bd180/element/4126a438-7c62-4c56-b287-492268181856/text'
[DEBUG] Using open Channel [id: 0xdb54d1df, L:/127.0.0.1:64474 - R:localhost/127.0.0.1:37337] for GET '/session/ef409424851856152e3fe438450bd180/element/4126a438-7c62-4c56-b287-492268181856/text'
[DEBUG] 

Request DefaultFullHttpRequest(decodeResult: success, version: HTTP/1.1, content: EmptyByteBufBE)
GET /session/ef409424851856152e3fe438450bd180/element/4126a438-7c62-4c56-b287-492268181856/text HTTP/1.1
User-Agent: selenium/4.8.1 (java windows)
Cache-Control: no-cache
Content-Type: application/json; charset=utf-8
host: localhost:37337
accept: */*

Response DefaultHttpResponse(decodeResult: success, version: HTTP/1.1)
HTTP/1.1 200 OK
Content-Length: 16
Content-Type: application/json; charset=utf-8
cache-control: no-cache

[DEBUG] Adding key: http://localhost:37337 for channel [id: 0xdb54d1df, L:/127.0.0.1:64474 - R:localhost/127.0.0.1:37337]
[DEBUG] Using pooled Channel '[id: 0xdb54d1df, L:/127.0.0.1:64474 - R:localhost/127.0.0.1:37337]' for 'GET' to 'http://localhost:37337/session/ef409424851856152e3fe438450bd180/element/5a57f5b9-64a4-4a38-b14b-1386314952d0/text'
[DEBUG] Using open Channel [id: 0xdb54d1df, L:/127.0.0.1:64474 - R:localhost/127.0.0.1:37337] for GET '/session/ef409424851856152e3fe438450bd180/element/5a57f5b9-64a4-4a38-b14b-1386314952d0/text'
[DEBUG] 

Request DefaultFullHttpRequest(decodeResult: success, version: HTTP/1.1, content: EmptyByteBufBE)
GET /session/ef409424851856152e3fe438450bd180/element/5a57f5b9-64a4-4a38-b14b-1386314952d0/text HTTP/1.1
User-Agent: selenium/4.8.1 (java windows)
Cache-Control: no-cache
Content-Type: application/json; charset=utf-8
host: localhost:37337
accept: */*

Response DefaultHttpResponse(decodeResult: success, version: HTTP/1.1)
HTTP/1.1 200 OK
Content-Length: 16
Content-Type: application/json; charset=utf-8
cache-control: no-cache

[DEBUG] Adding key: http://localhost:37337 for channel [id: 0xdb54d1df, L:/127.0.0.1:64474 - R:localhost/127.0.0.1:37337]
[DEBUG] Using pooled Channel '[id: 0xdb54d1df, L:/127.0.0.1:64474 - R:localhost/127.0.0.1:37337]' for 'GET' to 'http://localhost:37337/session/ef409424851856152e3fe438450bd180/element/95bf8545-f7d5-44a6-be75-1dffbeb5a665/text'
[DEBUG] Using open Channel [id: 0xdb54d1df, L:/127.0.0.1:64474 - R:localhost/127.0.0.1:37337] for GET '/session/ef409424851856152e3fe438450bd180/element/95bf8545-f7d5-44a6-be75-1dffbeb5a665/text'
[DEBUG] 

Request DefaultFullHttpRequest(decodeResult: success, version: HTTP/1.1, content: EmptyByteBufBE)
GET /session/ef409424851856152e3fe438450bd180/element/95bf8545-f7d5-44a6-be75-1dffbeb5a665/text HTTP/1.1
User-Agent: selenium/4.8.1 (java windows)
Cache-Control: no-cache
Content-Type: application/json; charset=utf-8
host: localhost:37337
accept: */*

Response DefaultHttpResponse(decodeResult: success, version: HTTP/1.1)
HTTP/1.1 200 OK
Content-Length: 16
Content-Type: application/json; charset=utf-8
cache-control: no-cache

[DEBUG] Adding key: http://localhost:37337 for channel [id: 0xdb54d1df, L:/127.0.0.1:64474 - R:localhost/127.0.0.1:37337]
[DEBUG] Using pooled Channel '[id: 0xdb54d1df, L:/127.0.0.1:64474 - R:localhost/127.0.0.1:37337]' for 'GET' to 'http://localhost:37337/session/ef409424851856152e3fe438450bd180/element/4ea8af68-40c9-49e2-bd9a-8d02218d41b8/text'
[DEBUG] Using open Channel [id: 0xdb54d1df, L:/127.0.0.1:64474 - R:localhost/127.0.0.1:37337] for GET '/session/ef409424851856152e3fe438450bd180/element/4ea8af68-40c9-49e2-bd9a-8d02218d41b8/text'
[DEBUG] 

Request DefaultFullHttpRequest(decodeResult: success, version: HTTP/1.1, content: EmptyByteBufBE)
GET /session/ef409424851856152e3fe438450bd180/element/4ea8af68-40c9-49e2-bd9a-8d02218d41b8/text HTTP/1.1
User-Agent: selenium/4.8.1 (java windows)
Cache-Control: no-cache
Content-Type: application/json; charset=utf-8
host: localhost:37337
accept: */*

Response DefaultHttpResponse(decodeResult: success, version: HTTP/1.1)
HTTP/1.1 200 OK
Content-Length: 16
Content-Type: application/json; charset=utf-8
cache-control: no-cache

[DEBUG] Adding key: http://localhost:37337 for channel [id: 0xdb54d1df, L:/127.0.0.1:64474 - R:localhost/127.0.0.1:37337]
[DEBUG] Using pooled Channel '[id: 0xdb54d1df, L:/127.0.0.1:64474 - R:localhost/127.0.0.1:37337]' for 'GET' to 'http://localhost:37337/session/ef409424851856152e3fe438450bd180/element/a4a5312e-421d-46fa-8ebd-e68a07e6fda5/text'
[DEBUG] Using open Channel [id: 0xdb54d1df, L:/127.0.0.1:64474 - R:localhost/127.0.0.1:37337] for GET '/session/ef409424851856152e3fe438450bd180/element/a4a5312e-421d-46fa-8ebd-e68a07e6fda5/text'
[DEBUG] 

Request DefaultFullHttpRequest(decodeResult: success, version: HTTP/1.1, content: EmptyByteBufBE)
GET /session/ef409424851856152e3fe438450bd180/element/a4a5312e-421d-46fa-8ebd-e68a07e6fda5/text HTTP/1.1
User-Agent: selenium/4.8.1 (java windows)
Cache-Control: no-cache
Content-Type: application/json; charset=utf-8
host: localhost:37337
accept: */*

Response DefaultHttpResponse(decodeResult: success, version: HTTP/1.1)
HTTP/1.1 200 OK
Content-Length: 16
Content-Type: application/json; charset=utf-8
cache-control: no-cache

[DEBUG] Adding key: http://localhost:37337 for channel [id: 0xdb54d1df, L:/127.0.0.1:64474 - R:localhost/127.0.0.1:37337]
[DEBUG] Using pooled Channel '[id: 0xdb54d1df, L:/127.0.0.1:64474 - R:localhost/127.0.0.1:37337]' for 'GET' to 'http://localhost:37337/session/ef409424851856152e3fe438450bd180/element/b33a7d58-4001-4259-81d7-a9f068fb1710/text'
[DEBUG] Using open Channel [id: 0xdb54d1df, L:/127.0.0.1:64474 - R:localhost/127.0.0.1:37337] for GET '/session/ef409424851856152e3fe438450bd180/element/b33a7d58-4001-4259-81d7-a9f068fb1710/text'
[DEBUG] 

Request DefaultFullHttpRequest(decodeResult: success, version: HTTP/1.1, content: EmptyByteBufBE)
GET /session/ef409424851856152e3fe438450bd180/element/b33a7d58-4001-4259-81d7-a9f068fb1710/text HTTP/1.1
User-Agent: selenium/4.8.1 (java windows)
Cache-Control: no-cache
Content-Type: application/json; charset=utf-8
host: localhost:37337
accept: */*

Response DefaultHttpResponse(decodeResult: success, version: HTTP/1.1)
HTTP/1.1 200 OK
Content-Length: 16
Content-Type: application/json; charset=utf-8
cache-control: no-cache

[DEBUG] Adding key: http://localhost:37337 for channel [id: 0xdb54d1df, L:/127.0.0.1:64474 - R:localhost/127.0.0.1:37337]
[DEBUG] Using pooled Channel '[id: 0xdb54d1df, L:/127.0.0.1:64474 - R:localhost/127.0.0.1:37337]' for 'GET' to 'http://localhost:37337/session/ef409424851856152e3fe438450bd180/element/0bebdb3a-a6ed-4627-8930-3901105f10c5/text'
[DEBUG] Using open Channel [id: 0xdb54d1df, L:/127.0.0.1:64474 - R:localhost/127.0.0.1:37337] for GET '/session/ef409424851856152e3fe438450bd180/element/0bebdb3a-a6ed-4627-8930-3901105f10c5/text'
[DEBUG] 

Request DefaultFullHttpRequest(decodeResult: success, version: HTTP/1.1, content: EmptyByteBufBE)
GET /session/ef409424851856152e3fe438450bd180/element/0bebdb3a-a6ed-4627-8930-3901105f10c5/text HTTP/1.1
User-Agent: selenium/4.8.1 (java windows)
Cache-Control: no-cache
Content-Type: application/json; charset=utf-8
host: localhost:37337
accept: */*

Response DefaultHttpResponse(decodeResult: success, version: HTTP/1.1)
HTTP/1.1 200 OK
Content-Length: 16
Content-Type: application/json; charset=utf-8
cache-control: no-cache

[DEBUG] Adding key: http://localhost:37337 for channel [id: 0xdb54d1df, L:/127.0.0.1:64474 - R:localhost/127.0.0.1:37337]
[DEBUG] Using pooled Channel '[id: 0xdb54d1df, L:/127.0.0.1:64474 - R:localhost/127.0.0.1:37337]' for 'GET' to 'http://localhost:37337/session/ef409424851856152e3fe438450bd180/element/26efeafd-700a-4ca5-bac1-eb2050cd135b/text'
[DEBUG] Using open Channel [id: 0xdb54d1df, L:/127.0.0.1:64474 - R:localhost/127.0.0.1:37337] for GET '/session/ef409424851856152e3fe438450bd180/element/26efeafd-700a-4ca5-bac1-eb2050cd135b/text'
[DEBUG] 

Request DefaultFullHttpRequest(decodeResult: success, version: HTTP/1.1, content: EmptyByteBufBE)
GET /session/ef409424851856152e3fe438450bd180/element/26efeafd-700a-4ca5-bac1-eb2050cd135b/text HTTP/1.1
User-Agent: selenium/4.8.1 (java windows)
Cache-Control: no-cache
Content-Type: application/json; charset=utf-8
host: localhost:37337
accept: */*

Response DefaultHttpResponse(decodeResult: success, version: HTTP/1.1)
HTTP/1.1 200 OK
Content-Length: 16
Content-Type: application/json; charset=utf-8
cache-control: no-cache

[DEBUG] Adding key: http://localhost:37337 for channel [id: 0xdb54d1df, L:/127.0.0.1:64474 - R:localhost/127.0.0.1:37337]
[DEBUG] Using pooled Channel '[id: 0xdb54d1df, L:/127.0.0.1:64474 - R:localhost/127.0.0.1:37337]' for 'GET' to 'http://localhost:37337/session/ef409424851856152e3fe438450bd180/element/47ca065e-f288-4d36-a453-ec77a3067c02/text'
[DEBUG] Using open Channel [id: 0xdb54d1df, L:/127.0.0.1:64474 - R:localhost/127.0.0.1:37337] for GET '/session/ef409424851856152e3fe438450bd180/element/47ca065e-f288-4d36-a453-ec77a3067c02/text'
[DEBUG] 

Request DefaultFullHttpRequest(decodeResult: success, version: HTTP/1.1, content: EmptyByteBufBE)
GET /session/ef409424851856152e3fe438450bd180/element/47ca065e-f288-4d36-a453-ec77a3067c02/text HTTP/1.1
User-Agent: selenium/4.8.1 (java windows)
Cache-Control: no-cache
Content-Type: application/json; charset=utf-8
host: localhost:37337
accept: */*

Response DefaultHttpResponse(decodeResult: success, version: HTTP/1.1)
HTTP/1.1 200 OK
Content-Length: 16
Content-Type: application/json; charset=utf-8
cache-control: no-cache

[DEBUG] Adding key: http://localhost:37337 for channel [id: 0xdb54d1df, L:/127.0.0.1:64474 - R:localhost/127.0.0.1:37337]
[DEBUG] Using pooled Channel '[id: 0xdb54d1df, L:/127.0.0.1:64474 - R:localhost/127.0.0.1:37337]' for 'GET' to 'http://localhost:37337/session/ef409424851856152e3fe438450bd180/element/11128582-d0fe-46cf-b8b6-05c88ed565b2/text'
[DEBUG] Using open Channel [id: 0xdb54d1df, L:/127.0.0.1:64474 - R:localhost/127.0.0.1:37337] for GET '/session/ef409424851856152e3fe438450bd180/element/11128582-d0fe-46cf-b8b6-05c88ed565b2/text'
[DEBUG] 

Request DefaultFullHttpRequest(decodeResult: success, version: HTTP/1.1, content: EmptyByteBufBE)
GET /session/ef409424851856152e3fe438450bd180/element/11128582-d0fe-46cf-b8b6-05c88ed565b2/text HTTP/1.1
User-Agent: selenium/4.8.1 (java windows)
Cache-Control: no-cache
Content-Type: application/json; charset=utf-8
host: localhost:37337
accept: */*

Response DefaultHttpResponse(decodeResult: success, version: HTTP/1.1)
HTTP/1.1 200 OK
Content-Length: 16
Content-Type: application/json; charset=utf-8
cache-control: no-cache

[DEBUG] Adding key: http://localhost:37337 for channel [id: 0xdb54d1df, L:/127.0.0.1:64474 - R:localhost/127.0.0.1:37337]
[DEBUG] Using pooled Channel '[id: 0xdb54d1df, L:/127.0.0.1:64474 - R:localhost/127.0.0.1:37337]' for 'GET' to 'http://localhost:37337/session/ef409424851856152e3fe438450bd180/element/3c511d88-1fc1-47fe-8d81-8a0365c9a7ea/text'
[DEBUG] Using open Channel [id: 0xdb54d1df, L:/127.0.0.1:64474 - R:localhost/127.0.0.1:37337] for GET '/session/ef409424851856152e3fe438450bd180/element/3c511d88-1fc1-47fe-8d81-8a0365c9a7ea/text'
[DEBUG] 

Request DefaultFullHttpRequest(decodeResult: success, version: HTTP/1.1, content: EmptyByteBufBE)
GET /session/ef409424851856152e3fe438450bd180/element/3c511d88-1fc1-47fe-8d81-8a0365c9a7ea/text HTTP/1.1
User-Agent: selenium/4.8.1 (java windows)
Cache-Control: no-cache
Content-Type: application/json; charset=utf-8
host: localhost:37337
accept: */*

Response DefaultHttpResponse(decodeResult: success, version: HTTP/1.1)
HTTP/1.1 200 OK
Content-Length: 16
Content-Type: application/json; charset=utf-8
cache-control: no-cache

[DEBUG] Adding key: http://localhost:37337 for channel [id: 0xdb54d1df, L:/127.0.0.1:64474 - R:localhost/127.0.0.1:37337]
[DEBUG] Using pooled Channel '[id: 0xdb54d1df, L:/127.0.0.1:64474 - R:localhost/127.0.0.1:37337]' for 'GET' to 'http://localhost:37337/session/ef409424851856152e3fe438450bd180/element/5c397a3c-255f-4f8c-a65f-f7b99c91d508/text'
[DEBUG] Using open Channel [id: 0xdb54d1df, L:/127.0.0.1:64474 - R:localhost/127.0.0.1:37337] for GET '/session/ef409424851856152e3fe438450bd180/element/5c397a3c-255f-4f8c-a65f-f7b99c91d508/text'
[DEBUG] 

Request DefaultFullHttpRequest(decodeResult: success, version: HTTP/1.1, content: EmptyByteBufBE)
GET /session/ef409424851856152e3fe438450bd180/element/5c397a3c-255f-4f8c-a65f-f7b99c91d508/text HTTP/1.1
User-Agent: selenium/4.8.1 (java windows)
Cache-Control: no-cache
Content-Type: application/json; charset=utf-8
host: localhost:37337
accept: */*

Response DefaultHttpResponse(decodeResult: success, version: HTTP/1.1)
HTTP/1.1 200 OK
Content-Length: 16
Content-Type: application/json; charset=utf-8
cache-control: no-cache

[DEBUG] Adding key: http://localhost:37337 for channel [id: 0xdb54d1df, L:/127.0.0.1:64474 - R:localhost/127.0.0.1:37337]
[DEBUG] Using pooled Channel '[id: 0xdb54d1df, L:/127.0.0.1:64474 - R:localhost/127.0.0.1:37337]' for 'GET' to 'http://localhost:37337/session/ef409424851856152e3fe438450bd180/element/d936beac-f300-4e5e-abeb-565c6b335cd0/text'
[DEBUG] Using open Channel [id: 0xdb54d1df, L:/127.0.0.1:64474 - R:localhost/127.0.0.1:37337] for GET '/session/ef409424851856152e3fe438450bd180/element/d936beac-f300-4e5e-abeb-565c6b335cd0/text'
[DEBUG] 

Request DefaultFullHttpRequest(decodeResult: success, version: HTTP/1.1, content: EmptyByteBufBE)
GET /session/ef409424851856152e3fe438450bd180/element/d936beac-f300-4e5e-abeb-565c6b335cd0/text HTTP/1.1
User-Agent: selenium/4.8.1 (java windows)
Cache-Control: no-cache
Content-Type: application/json; charset=utf-8
host: localhost:37337
accept: */*

Response DefaultHttpResponse(decodeResult: success, version: HTTP/1.1)
HTTP/1.1 200 OK
Content-Length: 16
Content-Type: application/json; charset=utf-8
cache-control: no-cache

[DEBUG] Adding key: http://localhost:37337 for channel [id: 0xdb54d1df, L:/127.0.0.1:64474 - R:localhost/127.0.0.1:37337]
[DEBUG] Using pooled Channel '[id: 0xdb54d1df, L:/127.0.0.1:64474 - R:localhost/127.0.0.1:37337]' for 'GET' to 'http://localhost:37337/session/ef409424851856152e3fe438450bd180/element/c1d894cd-8007-42c1-a49e-44d5ceddaa0b/text'
[DEBUG] Using open Channel [id: 0xdb54d1df, L:/127.0.0.1:64474 - R:localhost/127.0.0.1:37337] for GET '/session/ef409424851856152e3fe438450bd180/element/c1d894cd-8007-42c1-a49e-44d5ceddaa0b/text'
[DEBUG] 

Request DefaultFullHttpRequest(decodeResult: success, version: HTTP/1.1, content: EmptyByteBufBE)
GET /session/ef409424851856152e3fe438450bd180/element/c1d894cd-8007-42c1-a49e-44d5ceddaa0b/text HTTP/1.1
User-Agent: selenium/4.8.1 (java windows)
Cache-Control: no-cache
Content-Type: application/json; charset=utf-8
host: localhost:37337
accept: */*

Response DefaultHttpResponse(decodeResult: success, version: HTTP/1.1)
HTTP/1.1 200 OK
Content-Length: 16
Content-Type: application/json; charset=utf-8
cache-control: no-cache

[DEBUG] Adding key: http://localhost:37337 for channel [id: 0xdb54d1df, L:/127.0.0.1:64474 - R:localhost/127.0.0.1:37337]
[DEBUG] Using pooled Channel '[id: 0xdb54d1df, L:/127.0.0.1:64474 - R:localhost/127.0.0.1:37337]' for 'GET' to 'http://localhost:37337/session/ef409424851856152e3fe438450bd180/element/eb86267b-b452-42a9-a95f-61e5be5afee5/text'
[DEBUG] Using open Channel [id: 0xdb54d1df, L:/127.0.0.1:64474 - R:localhost/127.0.0.1:37337] for GET '/session/ef409424851856152e3fe438450bd180/element/eb86267b-b452-42a9-a95f-61e5be5afee5/text'
[DEBUG] 

Request DefaultFullHttpRequest(decodeResult: success, version: HTTP/1.1, content: EmptyByteBufBE)
GET /session/ef409424851856152e3fe438450bd180/element/eb86267b-b452-42a9-a95f-61e5be5afee5/text HTTP/1.1
User-Agent: selenium/4.8.1 (java windows)
Cache-Control: no-cache
Content-Type: application/json; charset=utf-8
host: localhost:37337
accept: */*

Response DefaultHttpResponse(decodeResult: success, version: HTTP/1.1)
HTTP/1.1 200 OK
Content-Length: 16
Content-Type: application/json; charset=utf-8
cache-control: no-cache

[DEBUG] Adding key: http://localhost:37337 for channel [id: 0xdb54d1df, L:/127.0.0.1:64474 - R:localhost/127.0.0.1:37337]
[DEBUG] Using pooled Channel '[id: 0xdb54d1df, L:/127.0.0.1:64474 - R:localhost/127.0.0.1:37337]' for 'GET' to 'http://localhost:37337/session/ef409424851856152e3fe438450bd180/element/b77c1994-ed0f-4fe8-b1ad-c4ed3f3446a1/text'
[DEBUG] Using open Channel [id: 0xdb54d1df, L:/127.0.0.1:64474 - R:localhost/127.0.0.1:37337] for GET '/session/ef409424851856152e3fe438450bd180/element/b77c1994-ed0f-4fe8-b1ad-c4ed3f3446a1/text'
[DEBUG] 

Request DefaultFullHttpRequest(decodeResult: success, version: HTTP/1.1, content: EmptyByteBufBE)
GET /session/ef409424851856152e3fe438450bd180/element/b77c1994-ed0f-4fe8-b1ad-c4ed3f3446a1/text HTTP/1.1
User-Agent: selenium/4.8.1 (java windows)
Cache-Control: no-cache
Content-Type: application/json; charset=utf-8
host: localhost:37337
accept: */*

Response DefaultHttpResponse(decodeResult: success, version: HTTP/1.1)
HTTP/1.1 200 OK
Content-Length: 16
Content-Type: application/json; charset=utf-8
cache-control: no-cache

[DEBUG] Adding key: http://localhost:37337 for channel [id: 0xdb54d1df, L:/127.0.0.1:64474 - R:localhost/127.0.0.1:37337]
[DEBUG] Using pooled Channel '[id: 0xdb54d1df, L:/127.0.0.1:64474 - R:localhost/127.0.0.1:37337]' for 'GET' to 'http://localhost:37337/session/ef409424851856152e3fe438450bd180/element/30748026-05d6-4f92-8537-76b890b8b7b1/text'
[DEBUG] Using open Channel [id: 0xdb54d1df, L:/127.0.0.1:64474 - R:localhost/127.0.0.1:37337] for GET '/session/ef409424851856152e3fe438450bd180/element/30748026-05d6-4f92-8537-76b890b8b7b1/text'
[DEBUG] 

Request DefaultFullHttpRequest(decodeResult: success, version: HTTP/1.1, content: EmptyByteBufBE)
GET /session/ef409424851856152e3fe438450bd180/element/30748026-05d6-4f92-8537-76b890b8b7b1/text HTTP/1.1
User-Agent: selenium/4.8.1 (java windows)
Cache-Control: no-cache
Content-Type: application/json; charset=utf-8
host: localhost:37337
accept: */*

Response DefaultHttpResponse(decodeResult: success, version: HTTP/1.1)
HTTP/1.1 200 OK
Content-Length: 16
Content-Type: application/json; charset=utf-8
cache-control: no-cache

[DEBUG] Adding key: http://localhost:37337 for channel [id: 0xdb54d1df, L:/127.0.0.1:64474 - R:localhost/127.0.0.1:37337]
[DEBUG] Using pooled Channel '[id: 0xdb54d1df, L:/127.0.0.1:64474 - R:localhost/127.0.0.1:37337]' for 'GET' to 'http://localhost:37337/session/ef409424851856152e3fe438450bd180/element/734d2859-42ff-4a1b-8dd9-b2ad58d66d80/text'
[DEBUG] Using open Channel [id: 0xdb54d1df, L:/127.0.0.1:64474 - R:localhost/127.0.0.1:37337] for GET '/session/ef409424851856152e3fe438450bd180/element/734d2859-42ff-4a1b-8dd9-b2ad58d66d80/text'
[DEBUG] 

Request DefaultFullHttpRequest(decodeResult: success, version: HTTP/1.1, content: EmptyByteBufBE)
GET /session/ef409424851856152e3fe438450bd180/element/734d2859-42ff-4a1b-8dd9-b2ad58d66d80/text HTTP/1.1
User-Agent: selenium/4.8.1 (java windows)
Cache-Control: no-cache
Content-Type: application/json; charset=utf-8
host: localhost:37337
accept: */*

Response DefaultHttpResponse(decodeResult: success, version: HTTP/1.1)
HTTP/1.1 200 OK
Content-Length: 16
Content-Type: application/json; charset=utf-8
cache-control: no-cache

[DEBUG] Adding key: http://localhost:37337 for channel [id: 0xdb54d1df, L:/127.0.0.1:64474 - R:localhost/127.0.0.1:37337]
[DEBUG] Using pooled Channel '[id: 0xdb54d1df, L:/127.0.0.1:64474 - R:localhost/127.0.0.1:37337]' for 'GET' to 'http://localhost:37337/session/ef409424851856152e3fe438450bd180/element/0ff722e4-b6a5-41ff-aebf-57fcdd20c43a/text'
[DEBUG] Using open Channel [id: 0xdb54d1df, L:/127.0.0.1:64474 - R:localhost/127.0.0.1:37337] for GET '/session/ef409424851856152e3fe438450bd180/element/0ff722e4-b6a5-41ff-aebf-57fcdd20c43a/text'
[DEBUG] 

Request DefaultFullHttpRequest(decodeResult: success, version: HTTP/1.1, content: EmptyByteBufBE)
GET /session/ef409424851856152e3fe438450bd180/element/0ff722e4-b6a5-41ff-aebf-57fcdd20c43a/text HTTP/1.1
User-Agent: selenium/4.8.1 (java windows)
Cache-Control: no-cache
Content-Type: application/json; charset=utf-8
host: localhost:37337
accept: */*

Response DefaultHttpResponse(decodeResult: success, version: HTTP/1.1)
HTTP/1.1 200 OK
Content-Length: 16
Content-Type: application/json; charset=utf-8
cache-control: no-cache

[DEBUG] Adding key: http://localhost:37337 for channel [id: 0xdb54d1df, L:/127.0.0.1:64474 - R:localhost/127.0.0.1:37337]
[DEBUG] Using pooled Channel '[id: 0xdb54d1df, L:/127.0.0.1:64474 - R:localhost/127.0.0.1:37337]' for 'GET' to 'http://localhost:37337/session/ef409424851856152e3fe438450bd180/element/16fa5e43-d216-48e5-8f7f-8e8366e2d950/text'
[DEBUG] Using open Channel [id: 0xdb54d1df, L:/127.0.0.1:64474 - R:localhost/127.0.0.1:37337] for GET '/session/ef409424851856152e3fe438450bd180/element/16fa5e43-d216-48e5-8f7f-8e8366e2d950/text'
[DEBUG] 

Request DefaultFullHttpRequest(decodeResult: success, version: HTTP/1.1, content: EmptyByteBufBE)
GET /session/ef409424851856152e3fe438450bd180/element/16fa5e43-d216-48e5-8f7f-8e8366e2d950/text HTTP/1.1
User-Agent: selenium/4.8.1 (java windows)
Cache-Control: no-cache
Content-Type: application/json; charset=utf-8
host: localhost:37337
accept: */*

Response DefaultHttpResponse(decodeResult: success, version: HTTP/1.1)
HTTP/1.1 200 OK
Content-Length: 16
Content-Type: application/json; charset=utf-8
cache-control: no-cache

[DEBUG] Adding key: http://localhost:37337 for channel [id: 0xdb54d1df, L:/127.0.0.1:64474 - R:localhost/127.0.0.1:37337]
[DEBUG] Using pooled Channel '[id: 0xdb54d1df, L:/127.0.0.1:64474 - R:localhost/127.0.0.1:37337]' for 'GET' to 'http://localhost:37337/session/ef409424851856152e3fe438450bd180/element/aa5f2399-018d-420e-8145-facda3e5636b/text'
[DEBUG] Using open Channel [id: 0xdb54d1df, L:/127.0.0.1:64474 - R:localhost/127.0.0.1:37337] for GET '/session/ef409424851856152e3fe438450bd180/element/aa5f2399-018d-420e-8145-facda3e5636b/text'
[DEBUG] 

Request DefaultFullHttpRequest(decodeResult: success, version: HTTP/1.1, content: EmptyByteBufBE)
GET /session/ef409424851856152e3fe438450bd180/element/aa5f2399-018d-420e-8145-facda3e5636b/text HTTP/1.1
User-Agent: selenium/4.8.1 (java windows)
Cache-Control: no-cache
Content-Type: application/json; charset=utf-8
host: localhost:37337
accept: */*

Response DefaultHttpResponse(decodeResult: success, version: HTTP/1.1)
HTTP/1.1 200 OK
Content-Length: 16
Content-Type: application/json; charset=utf-8
cache-control: no-cache

[DEBUG] Adding key: http://localhost:37337 for channel [id: 0xdb54d1df, L:/127.0.0.1:64474 - R:localhost/127.0.0.1:37337]
[DEBUG] Using pooled Channel '[id: 0xdb54d1df, L:/127.0.0.1:64474 - R:localhost/127.0.0.1:37337]' for 'GET' to 'http://localhost:37337/session/ef409424851856152e3fe438450bd180/element/42f1b746-5280-4d03-bc77-e6684359ead9/text'
[DEBUG] Using open Channel [id: 0xdb54d1df, L:/127.0.0.1:64474 - R:localhost/127.0.0.1:37337] for GET '/session/ef409424851856152e3fe438450bd180/element/42f1b746-5280-4d03-bc77-e6684359ead9/text'
[DEBUG] 

Request DefaultFullHttpRequest(decodeResult: success, version: HTTP/1.1, content: EmptyByteBufBE)
GET /session/ef409424851856152e3fe438450bd180/element/42f1b746-5280-4d03-bc77-e6684359ead9/text HTTP/1.1
User-Agent: selenium/4.8.1 (java windows)
Cache-Control: no-cache
Content-Type: application/json; charset=utf-8
host: localhost:37337
accept: */*

Response DefaultHttpResponse(decodeResult: success, version: HTTP/1.1)
HTTP/1.1 200 OK
Content-Length: 16
Content-Type: application/json; charset=utf-8
cache-control: no-cache

[DEBUG] Adding key: http://localhost:37337 for channel [id: 0xdb54d1df, L:/127.0.0.1:64474 - R:localhost/127.0.0.1:37337]
[DEBUG] Using pooled Channel '[id: 0xdb54d1df, L:/127.0.0.1:64474 - R:localhost/127.0.0.1:37337]' for 'GET' to 'http://localhost:37337/session/ef409424851856152e3fe438450bd180/element/9deebd34-bda7-4b55-8295-ee73c4430d50/text'
[DEBUG] Using open Channel [id: 0xdb54d1df, L:/127.0.0.1:64474 - R:localhost/127.0.0.1:37337] for GET '/session/ef409424851856152e3fe438450bd180/element/9deebd34-bda7-4b55-8295-ee73c4430d50/text'
[DEBUG] 

Request DefaultFullHttpRequest(decodeResult: success, version: HTTP/1.1, content: EmptyByteBufBE)
GET /session/ef409424851856152e3fe438450bd180/element/9deebd34-bda7-4b55-8295-ee73c4430d50/text HTTP/1.1
User-Agent: selenium/4.8.1 (java windows)
Cache-Control: no-cache
Content-Type: application/json; charset=utf-8
host: localhost:37337
accept: */*

Response DefaultHttpResponse(decodeResult: success, version: HTTP/1.1)
HTTP/1.1 200 OK
Content-Length: 16
Content-Type: application/json; charset=utf-8
cache-control: no-cache

[DEBUG] Adding key: http://localhost:37337 for channel [id: 0xdb54d1df, L:/127.0.0.1:64474 - R:localhost/127.0.0.1:37337]
[DEBUG] Using pooled Channel '[id: 0xdb54d1df, L:/127.0.0.1:64474 - R:localhost/127.0.0.1:37337]' for 'GET' to 'http://localhost:37337/session/ef409424851856152e3fe438450bd180/element/158e86fa-0763-43a2-88a8-7598bf01e86e/text'
[DEBUG] Using open Channel [id: 0xdb54d1df, L:/127.0.0.1:64474 - R:localhost/127.0.0.1:37337] for GET '/session/ef409424851856152e3fe438450bd180/element/158e86fa-0763-43a2-88a8-7598bf01e86e/text'
[DEBUG] 

Request DefaultFullHttpRequest(decodeResult: success, version: HTTP/1.1, content: EmptyByteBufBE)
GET /session/ef409424851856152e3fe438450bd180/element/158e86fa-0763-43a2-88a8-7598bf01e86e/text HTTP/1.1
User-Agent: selenium/4.8.1 (java windows)
Cache-Control: no-cache
Content-Type: application/json; charset=utf-8
host: localhost:37337
accept: */*

Response DefaultHttpResponse(decodeResult: success, version: HTTP/1.1)
HTTP/1.1 200 OK
Content-Length: 16
Content-Type: application/json; charset=utf-8
cache-control: no-cache

[DEBUG] Adding key: http://localhost:37337 for channel [id: 0xdb54d1df, L:/127.0.0.1:64474 - R:localhost/127.0.0.1:37337]
[DEBUG] Using pooled Channel '[id: 0xdb54d1df, L:/127.0.0.1:64474 - R:localhost/127.0.0.1:37337]' for 'GET' to 'http://localhost:37337/session/ef409424851856152e3fe438450bd180/element/2855b18c-8bf9-47ad-ab06-ded8feb749e8/text'
[DEBUG] Using open Channel [id: 0xdb54d1df, L:/127.0.0.1:64474 - R:localhost/127.0.0.1:37337] for GET '/session/ef409424851856152e3fe438450bd180/element/2855b18c-8bf9-47ad-ab06-ded8feb749e8/text'
[DEBUG] 

Request DefaultFullHttpRequest(decodeResult: success, version: HTTP/1.1, content: EmptyByteBufBE)
GET /session/ef409424851856152e3fe438450bd180/element/2855b18c-8bf9-47ad-ab06-ded8feb749e8/text HTTP/1.1
User-Agent: selenium/4.8.1 (java windows)
Cache-Control: no-cache
Content-Type: application/json; charset=utf-8
host: localhost:37337
accept: */*

Response DefaultHttpResponse(decodeResult: success, version: HTTP/1.1)
HTTP/1.1 200 OK
Content-Length: 16
Content-Type: application/json; charset=utf-8
cache-control: no-cache

[DEBUG] Adding key: http://localhost:37337 for channel [id: 0xdb54d1df, L:/127.0.0.1:64474 - R:localhost/127.0.0.1:37337]
[DEBUG] Using pooled Channel '[id: 0xdb54d1df, L:/127.0.0.1:64474 - R:localhost/127.0.0.1:37337]' for 'GET' to 'http://localhost:37337/session/ef409424851856152e3fe438450bd180/element/9b5473e3-9fda-4623-8f62-14ba2654b019/text'
[DEBUG] Using open Channel [id: 0xdb54d1df, L:/127.0.0.1:64474 - R:localhost/127.0.0.1:37337] for GET '/session/ef409424851856152e3fe438450bd180/element/9b5473e3-9fda-4623-8f62-14ba2654b019/text'
[DEBUG] 

Request DefaultFullHttpRequest(decodeResult: success, version: HTTP/1.1, content: EmptyByteBufBE)
GET /session/ef409424851856152e3fe438450bd180/element/9b5473e3-9fda-4623-8f62-14ba2654b019/text HTTP/1.1
User-Agent: selenium/4.8.1 (java windows)
Cache-Control: no-cache
Content-Type: application/json; charset=utf-8
host: localhost:37337
accept: */*

Response DefaultHttpResponse(decodeResult: success, version: HTTP/1.1)
HTTP/1.1 200 OK
Content-Length: 16
Content-Type: application/json; charset=utf-8
cache-control: no-cache

[DEBUG] Adding key: http://localhost:37337 for channel [id: 0xdb54d1df, L:/127.0.0.1:64474 - R:localhost/127.0.0.1:37337]
[DEBUG] Using pooled Channel '[id: 0xdb54d1df, L:/127.0.0.1:64474 - R:localhost/127.0.0.1:37337]' for 'GET' to 'http://localhost:37337/session/ef409424851856152e3fe438450bd180/element/74f30e33-54f6-4bf6-b5cc-367ebae722ef/text'
[DEBUG] Using open Channel [id: 0xdb54d1df, L:/127.0.0.1:64474 - R:localhost/127.0.0.1:37337] for GET '/session/ef409424851856152e3fe438450bd180/element/74f30e33-54f6-4bf6-b5cc-367ebae722ef/text'
[DEBUG] 

Request DefaultFullHttpRequest(decodeResult: success, version: HTTP/1.1, content: EmptyByteBufBE)
GET /session/ef409424851856152e3fe438450bd180/element/74f30e33-54f6-4bf6-b5cc-367ebae722ef/text HTTP/1.1
User-Agent: selenium/4.8.1 (java windows)
Cache-Control: no-cache
Content-Type: application/json; charset=utf-8
host: localhost:37337
accept: */*

Response DefaultHttpResponse(decodeResult: success, version: HTTP/1.1)
HTTP/1.1 200 OK
Content-Length: 16
Content-Type: application/json; charset=utf-8
cache-control: no-cache

[DEBUG] Adding key: http://localhost:37337 for channel [id: 0xdb54d1df, L:/127.0.0.1:64474 - R:localhost/127.0.0.1:37337]
[DEBUG] Using pooled Channel '[id: 0xdb54d1df, L:/127.0.0.1:64474 - R:localhost/127.0.0.1:37337]' for 'GET' to 'http://localhost:37337/session/ef409424851856152e3fe438450bd180/element/c1243b8d-07fe-4b28-98b0-844d9c0b5205/text'
[DEBUG] Using open Channel [id: 0xdb54d1df, L:/127.0.0.1:64474 - R:localhost/127.0.0.1:37337] for GET '/session/ef409424851856152e3fe438450bd180/element/c1243b8d-07fe-4b28-98b0-844d9c0b5205/text'
[DEBUG] 

Request DefaultFullHttpRequest(decodeResult: success, version: HTTP/1.1, content: EmptyByteBufBE)
GET /session/ef409424851856152e3fe438450bd180/element/c1243b8d-07fe-4b28-98b0-844d9c0b5205/text HTTP/1.1
User-Agent: selenium/4.8.1 (java windows)
Cache-Control: no-cache
Content-Type: application/json; charset=utf-8
host: localhost:37337
accept: */*

Response DefaultHttpResponse(decodeResult: success, version: HTTP/1.1)
HTTP/1.1 200 OK
Content-Length: 16
Content-Type: application/json; charset=utf-8
cache-control: no-cache

[DEBUG] Adding key: http://localhost:37337 for channel [id: 0xdb54d1df, L:/127.0.0.1:64474 - R:localhost/127.0.0.1:37337]
[DEBUG] Using pooled Channel '[id: 0xdb54d1df, L:/127.0.0.1:64474 - R:localhost/127.0.0.1:37337]' for 'GET' to 'http://localhost:37337/session/ef409424851856152e3fe438450bd180/element/e44d12bd-8800-470a-a86d-be0f9eab44be/text'
[DEBUG] Using open Channel [id: 0xdb54d1df, L:/127.0.0.1:64474 - R:localhost/127.0.0.1:37337] for GET '/session/ef409424851856152e3fe438450bd180/element/e44d12bd-8800-470a-a86d-be0f9eab44be/text'
[DEBUG] 

Request DefaultFullHttpRequest(decodeResult: success, version: HTTP/1.1, content: EmptyByteBufBE)
GET /session/ef409424851856152e3fe438450bd180/element/e44d12bd-8800-470a-a86d-be0f9eab44be/text HTTP/1.1
User-Agent: selenium/4.8.1 (java windows)
Cache-Control: no-cache
Content-Type: application/json; charset=utf-8
host: localhost:37337
accept: */*

Response DefaultHttpResponse(decodeResult: success, version: HTTP/1.1)
HTTP/1.1 200 OK
Content-Length: 16
Content-Type: application/json; charset=utf-8
cache-control: no-cache

[DEBUG] Adding key: http://localhost:37337 for channel [id: 0xdb54d1df, L:/127.0.0.1:64474 - R:localhost/127.0.0.1:37337]
[DEBUG] Using pooled Channel '[id: 0xdb54d1df, L:/127.0.0.1:64474 - R:localhost/127.0.0.1:37337]' for 'GET' to 'http://localhost:37337/session/ef409424851856152e3fe438450bd180/element/1eb88653-7312-4b7d-8856-79d253da9a6b/text'
[DEBUG] Using open Channel [id: 0xdb54d1df, L:/127.0.0.1:64474 - R:localhost/127.0.0.1:37337] for GET '/session/ef409424851856152e3fe438450bd180/element/1eb88653-7312-4b7d-8856-79d253da9a6b/text'
[DEBUG] 

Request DefaultFullHttpRequest(decodeResult: success, version: HTTP/1.1, content: EmptyByteBufBE)
GET /session/ef409424851856152e3fe438450bd180/element/1eb88653-7312-4b7d-8856-79d253da9a6b/text HTTP/1.1
User-Agent: selenium/4.8.1 (java windows)
Cache-Control: no-cache
Content-Type: application/json; charset=utf-8
host: localhost:37337
accept: */*

Response DefaultHttpResponse(decodeResult: success, version: HTTP/1.1)
HTTP/1.1 200 OK
Content-Length: 16
Content-Type: application/json; charset=utf-8
cache-control: no-cache

[DEBUG] Adding key: http://localhost:37337 for channel [id: 0xdb54d1df, L:/127.0.0.1:64474 - R:localhost/127.0.0.1:37337]
[DEBUG] Using pooled Channel '[id: 0xdb54d1df, L:/127.0.0.1:64474 - R:localhost/127.0.0.1:37337]' for 'GET' to 'http://localhost:37337/session/ef409424851856152e3fe438450bd180/element/231fb127-c3cc-4ed8-b603-cb586d065cfa/text'
[DEBUG] Using open Channel [id: 0xdb54d1df, L:/127.0.0.1:64474 - R:localhost/127.0.0.1:37337] for GET '/session/ef409424851856152e3fe438450bd180/element/231fb127-c3cc-4ed8-b603-cb586d065cfa/text'
[DEBUG] 

Request DefaultFullHttpRequest(decodeResult: success, version: HTTP/1.1, content: EmptyByteBufBE)
GET /session/ef409424851856152e3fe438450bd180/element/231fb127-c3cc-4ed8-b603-cb586d065cfa/text HTTP/1.1
User-Agent: selenium/4.8.1 (java windows)
Cache-Control: no-cache
Content-Type: application/json; charset=utf-8
host: localhost:37337
accept: */*

Response DefaultHttpResponse(decodeResult: success, version: HTTP/1.1)
HTTP/1.1 200 OK
Content-Length: 16
Content-Type: application/json; charset=utf-8
cache-control: no-cache

[DEBUG] Adding key: http://localhost:37337 for channel [id: 0xdb54d1df, L:/127.0.0.1:64474 - R:localhost/127.0.0.1:37337]
[DEBUG] Using pooled Channel '[id: 0xdb54d1df, L:/127.0.0.1:64474 - R:localhost/127.0.0.1:37337]' for 'GET' to 'http://localhost:37337/session/ef409424851856152e3fe438450bd180/element/a27acc73-5db7-4ca4-b7f8-560d7fc02a9f/text'
[DEBUG] Using open Channel [id: 0xdb54d1df, L:/127.0.0.1:64474 - R:localhost/127.0.0.1:37337] for GET '/session/ef409424851856152e3fe438450bd180/element/a27acc73-5db7-4ca4-b7f8-560d7fc02a9f/text'
[DEBUG] 

Request DefaultFullHttpRequest(decodeResult: success, version: HTTP/1.1, content: EmptyByteBufBE)
GET /session/ef409424851856152e3fe438450bd180/element/a27acc73-5db7-4ca4-b7f8-560d7fc02a9f/text HTTP/1.1
User-Agent: selenium/4.8.1 (java windows)
Cache-Control: no-cache
Content-Type: application/json; charset=utf-8
host: localhost:37337
accept: */*

Response DefaultHttpResponse(decodeResult: success, version: HTTP/1.1)
HTTP/1.1 200 OK
Content-Length: 16
Content-Type: application/json; charset=utf-8
cache-control: no-cache

[DEBUG] Adding key: http://localhost:37337 for channel [id: 0xdb54d1df, L:/127.0.0.1:64474 - R:localhost/127.0.0.1:37337]
[DEBUG] Using pooled Channel '[id: 0xdb54d1df, L:/127.0.0.1:64474 - R:localhost/127.0.0.1:37337]' for 'POST' to 'http://localhost:37337/session/ef409424851856152e3fe438450bd180/element/a27acc73-5db7-4ca4-b7f8-560d7fc02a9f/click'
[DEBUG] Using open Channel [id: 0xdb54d1df, L:/127.0.0.1:64474 - R:localhost/127.0.0.1:37337] for POST '/session/ef409424851856152e3fe438450bd180/element/a27acc73-5db7-4ca4-b7f8-560d7fc02a9f/click'
[DEBUG] 

Request DefaultHttpRequest(decodeResult: success, version: HTTP/1.1)
POST /session/ef409424851856152e3fe438450bd180/element/a27acc73-5db7-4ca4-b7f8-560d7fc02a9f/click HTTP/1.1
User-Agent: selenium/4.8.1 (java windows)
Content-Length: 50
Content-Type: application/json; charset=utf-8
host: localhost:37337
accept: */*

Response DefaultHttpResponse(decodeResult: success, version: HTTP/1.1)
HTTP/1.1 200 OK
Content-Length: 14
Content-Type: application/json; charset=utf-8
cache-control: no-cache

[DEBUG] Adding key: http://localhost:37337 for channel [id: 0xdb54d1df, L:/127.0.0.1:64474 - R:localhost/127.0.0.1:37337]
]]></system-out>
  </testcase>
  <testcase name="selectGenderCustom" classname="UsingLoops.FaceBook_CreateAnAccount_DropDown_UsingLoops" time="0.121">
    <system-out><![CDATA[[DEBUG] Using pooled Channel '[id: 0xdb54d1df, L:/127.0.0.1:64474 - R:localhost/127.0.0.1:37337]' for 'POST' to 'http://localhost:37337/session/ef409424851856152e3fe438450bd180/elements'
[DEBUG] Using open Channel [id: 0xdb54d1df, L:/127.0.0.1:64474 - R:localhost/127.0.0.1:37337] for POST '/session/ef409424851856152e3fe438450bd180/elements'
[DEBUG] 

Request DefaultHttpRequest(decodeResult: success, version: HTTP/1.1)
POST /session/ef409424851856152e3fe438450bd180/elements HTTP/1.1
User-Agent: selenium/4.8.1 (java windows)
Content-Length: 57
Content-Type: application/json; charset=utf-8
host: localhost:37337
accept: */*

Response DefaultHttpResponse(decodeResult: success, version: HTTP/1.1)
HTTP/1.1 200 OK
Content-Length: 248
Content-Type: application/json; charset=utf-8
cache-control: no-cache

[DEBUG] Adding key: http://localhost:37337 for channel [id: 0xdb54d1df, L:/127.0.0.1:64474 - R:localhost/127.0.0.1:37337]
[DEBUG] Using pooled Channel '[id: 0xdb54d1df, L:/127.0.0.1:64474 - R:localhost/127.0.0.1:37337]' for 'POST' to 'http://localhost:37337/session/ef409424851856152e3fe438450bd180/execute/sync'
[DEBUG] Using open Channel [id: 0xdb54d1df, L:/127.0.0.1:64474 - R:localhost/127.0.0.1:37337] for POST '/session/ef409424851856152e3fe438450bd180/execute/sync'
[DEBUG] 

Request DefaultHttpRequest(decodeResult: success, version: HTTP/1.1)
POST /session/ef409424851856152e3fe438450bd180/execute/sync HTTP/1.1
User-Agent: selenium/4.8.1 (java windows)
Content-Length: 47368
Content-Type: application/json; charset=utf-8
host: localhost:37337
accept: */*

Response DefaultHttpResponse(decodeResult: success, version: HTTP/1.1)
HTTP/1.1 200 OK
Content-Length: 13
Content-Type: application/json; charset=utf-8
cache-control: no-cache

[DEBUG] Adding key: http://localhost:37337 for channel [id: 0xdb54d1df, L:/127.0.0.1:64474 - R:localhost/127.0.0.1:37337]
[DEBUG] Using pooled Channel '[id: 0xdb54d1df, L:/127.0.0.1:64474 - R:localhost/127.0.0.1:37337]' for 'POST' to 'http://localhost:37337/session/ef409424851856152e3fe438450bd180/execute/sync'
[DEBUG] Using open Channel [id: 0xdb54d1df, L:/127.0.0.1:64474 - R:localhost/127.0.0.1:37337] for POST '/session/ef409424851856152e3fe438450bd180/execute/sync'
[DEBUG] 

Request DefaultHttpRequest(decodeResult: success, version: HTTP/1.1)
POST /session/ef409424851856152e3fe438450bd180/execute/sync HTTP/1.1
User-Agent: selenium/4.8.1 (java windows)
Content-Length: 47368
Content-Type: application/json; charset=utf-8
host: localhost:37337
accept: */*

Response DefaultHttpResponse(decodeResult: success, version: HTTP/1.1)
HTTP/1.1 200 OK
Content-Length: 13
Content-Type: application/json; charset=utf-8
cache-control: no-cache

[DEBUG] Adding key: http://localhost:37337 for channel [id: 0xdb54d1df, L:/127.0.0.1:64474 - R:localhost/127.0.0.1:37337]
[DEBUG] Using pooled Channel '[id: 0xdb54d1df, L:/127.0.0.1:64474 - R:localhost/127.0.0.1:37337]' for 'POST' to 'http://localhost:37337/session/ef409424851856152e3fe438450bd180/execute/sync'
[DEBUG] Using open Channel [id: 0xdb54d1df, L:/127.0.0.1:64474 - R:localhost/127.0.0.1:37337] for POST '/session/ef409424851856152e3fe438450bd180/execute/sync'
[DEBUG] 

Request DefaultHttpRequest(decodeResult: success, version: HTTP/1.1)
POST /session/ef409424851856152e3fe438450bd180/execute/sync HTTP/1.1
User-Agent: selenium/4.8.1 (java windows)
Content-Length: 47368
Content-Type: application/json; charset=utf-8
host: localhost:37337
accept: */*

Response DefaultHttpResponse(decodeResult: success, version: HTTP/1.1)
HTTP/1.1 200 OK
Content-Length: 14
Content-Type: application/json; charset=utf-8
cache-control: no-cache

[DEBUG] Adding key: http://localhost:37337 for channel [id: 0xdb54d1df, L:/127.0.0.1:64474 - R:localhost/127.0.0.1:37337]
[DEBUG] Using pooled Channel '[id: 0xdb54d1df, L:/127.0.0.1:64474 - R:localhost/127.0.0.1:37337]' for 'POST' to 'http://localhost:37337/session/ef409424851856152e3fe438450bd180/element/9e203c0b-05b5-45ef-8032-0d1852e7e916/click'
[DEBUG] Using open Channel [id: 0xdb54d1df, L:/127.0.0.1:64474 - R:localhost/127.0.0.1:37337] for POST '/session/ef409424851856152e3fe438450bd180/element/9e203c0b-05b5-45ef-8032-0d1852e7e916/click'
[DEBUG] 

Request DefaultHttpRequest(decodeResult: success, version: HTTP/1.1)
POST /session/ef409424851856152e3fe438450bd180/element/9e203c0b-05b5-45ef-8032-0d1852e7e916/click HTTP/1.1
User-Agent: selenium/4.8.1 (java windows)
Content-Length: 50
Content-Type: application/json; charset=utf-8
host: localhost:37337
accept: */*

Response DefaultHttpResponse(decodeResult: success, version: HTTP/1.1)
HTTP/1.1 200 OK
Content-Length: 14
Content-Type: application/json; charset=utf-8
cache-control: no-cache

[DEBUG] Adding key: http://localhost:37337 for channel [id: 0xdb54d1df, L:/127.0.0.1:64474 - R:localhost/127.0.0.1:37337]
]]></system-out>
  </testcase>
  <testcase name="selectGenderPronoun" classname="UsingLoops.FaceBook_CreateAnAccount_DropDown_UsingLoops" time="2.124">
    <system-out><![CDATA[[DEBUG] Using pooled Channel '[id: 0xdb54d1df, L:/127.0.0.1:64474 - R:localhost/127.0.0.1:37337]' for 'POST' to 'http://localhost:37337/session/ef409424851856152e3fe438450bd180/element'
[DEBUG] Using open Channel [id: 0xdb54d1df, L:/127.0.0.1:64474 - R:localhost/127.0.0.1:37337] for POST '/session/ef409424851856152e3fe438450bd180/element'
[DEBUG] 

Request DefaultHttpRequest(decodeResult: success, version: HTTP/1.1)
POST /session/ef409424851856152e3fe438450bd180/element HTTP/1.1
User-Agent: selenium/4.8.1 (java windows)
Content-Length: 71
Content-Type: application/json; charset=utf-8
host: localhost:37337
accept: */*

Response DefaultHttpResponse(decodeResult: success, version: HTTP/1.1)
HTTP/1.1 200 OK
Content-Length: 88
Content-Type: application/json; charset=utf-8
cache-control: no-cache

[DEBUG] Adding key: http://localhost:37337 for channel [id: 0xdb54d1df, L:/127.0.0.1:64474 - R:localhost/127.0.0.1:37337]
[DEBUG] Using pooled Channel '[id: 0xdb54d1df, L:/127.0.0.1:64474 - R:localhost/127.0.0.1:37337]' for 'GET' to 'http://localhost:37337/session/ef409424851856152e3fe438450bd180/element/04afb56d-f611-4564-a056-c04a35a73a33/name'
[DEBUG] Using open Channel [id: 0xdb54d1df, L:/127.0.0.1:64474 - R:localhost/127.0.0.1:37337] for GET '/session/ef409424851856152e3fe438450bd180/element/04afb56d-f611-4564-a056-c04a35a73a33/name'
[DEBUG] 

Request DefaultFullHttpRequest(decodeResult: success, version: HTTP/1.1, content: EmptyByteBufBE)
GET /session/ef409424851856152e3fe438450bd180/element/04afb56d-f611-4564-a056-c04a35a73a33/name HTTP/1.1
User-Agent: selenium/4.8.1 (java windows)
Cache-Control: no-cache
Content-Type: application/json; charset=utf-8
host: localhost:37337
accept: */*

Response DefaultHttpResponse(decodeResult: success, version: HTTP/1.1)
HTTP/1.1 200 OK
Content-Length: 18
Content-Type: application/json; charset=utf-8
cache-control: no-cache

[DEBUG] Adding key: http://localhost:37337 for channel [id: 0xdb54d1df, L:/127.0.0.1:64474 - R:localhost/127.0.0.1:37337]
[DEBUG] Using pooled Channel '[id: 0xdb54d1df, L:/127.0.0.1:64474 - R:localhost/127.0.0.1:37337]' for 'GET' to 'http://localhost:37337/session/ef409424851856152e3fe438450bd180/element/04afb56d-f611-4564-a056-c04a35a73a33/attribute/multiple'
[DEBUG] Using open Channel [id: 0xdb54d1df, L:/127.0.0.1:64474 - R:localhost/127.0.0.1:37337] for GET '/session/ef409424851856152e3fe438450bd180/element/04afb56d-f611-4564-a056-c04a35a73a33/attribute/multiple'
[DEBUG] 

Request DefaultFullHttpRequest(decodeResult: success, version: HTTP/1.1, content: EmptyByteBufBE)
GET /session/ef409424851856152e3fe438450bd180/element/04afb56d-f611-4564-a056-c04a35a73a33/attribute/multiple HTTP/1.1
User-Agent: selenium/4.8.1 (java windows)
Cache-Control: no-cache
Content-Type: application/json; charset=utf-8
host: localhost:37337
accept: */*

Response DefaultHttpResponse(decodeResult: success, version: HTTP/1.1)
HTTP/1.1 200 OK
Content-Length: 14
Content-Type: application/json; charset=utf-8
cache-control: no-cache

[DEBUG] Adding key: http://localhost:37337 for channel [id: 0xdb54d1df, L:/127.0.0.1:64474 - R:localhost/127.0.0.1:37337]
[DEBUG] Using pooled Channel '[id: 0xdb54d1df, L:/127.0.0.1:64474 - R:localhost/127.0.0.1:37337]' for 'POST' to 'http://localhost:37337/session/ef409424851856152e3fe438450bd180/element/04afb56d-f611-4564-a056-c04a35a73a33/elements'
[DEBUG] Using open Channel [id: 0xdb54d1df, L:/127.0.0.1:64474 - R:localhost/127.0.0.1:37337] for POST '/session/ef409424851856152e3fe438450bd180/element/04afb56d-f611-4564-a056-c04a35a73a33/elements'
[DEBUG] 

Request DefaultHttpRequest(decodeResult: success, version: HTTP/1.1)
POST /session/ef409424851856152e3fe438450bd180/element/04afb56d-f611-4564-a056-c04a35a73a33/elements HTTP/1.1
User-Agent: selenium/4.8.1 (java windows)
Content-Length: 94
Content-Type: application/json; charset=utf-8
host: localhost:37337
accept: */*

Response DefaultHttpResponse(decodeResult: success, version: HTTP/1.1)
HTTP/1.1 200 OK
Content-Length: 327
Content-Type: application/json; charset=utf-8
cache-control: no-cache

[DEBUG] Adding key: http://localhost:37337 for channel [id: 0xdb54d1df, L:/127.0.0.1:64474 - R:localhost/127.0.0.1:37337]
[DEBUG] Using pooled Channel '[id: 0xdb54d1df, L:/127.0.0.1:64474 - R:localhost/127.0.0.1:37337]' for 'POST' to 'http://localhost:37337/session/ef409424851856152e3fe438450bd180/execute/sync'
[DEBUG] Using open Channel [id: 0xdb54d1df, L:/127.0.0.1:64474 - R:localhost/127.0.0.1:37337] for POST '/session/ef409424851856152e3fe438450bd180/execute/sync'
[DEBUG] 

Request DefaultHttpRequest(decodeResult: success, version: HTTP/1.1)
POST /session/ef409424851856152e3fe438450bd180/execute/sync HTTP/1.1
User-Agent: selenium/4.8.1 (java windows)
Content-Length: 47368
Content-Type: application/json; charset=utf-8
host: localhost:37337
accept: */*

Response DefaultHttpResponse(decodeResult: success, version: HTTP/1.1)
HTTP/1.1 200 OK
Content-Length: 12
Content-Type: application/json; charset=utf-8
cache-control: no-cache

[DEBUG] Adding key: http://localhost:37337 for channel [id: 0xdb54d1df, L:/127.0.0.1:64474 - R:localhost/127.0.0.1:37337]
[DEBUG] Using pooled Channel '[id: 0xdb54d1df, L:/127.0.0.1:64474 - R:localhost/127.0.0.1:37337]' for 'POST' to 'http://localhost:37337/session/ef409424851856152e3fe438450bd180/execute/sync'
[DEBUG] Using open Channel [id: 0xdb54d1df, L:/127.0.0.1:64474 - R:localhost/127.0.0.1:37337] for POST '/session/ef409424851856152e3fe438450bd180/execute/sync'
[DEBUG] 

Request DefaultHttpRequest(decodeResult: success, version: HTTP/1.1)
POST /session/ef409424851856152e3fe438450bd180/execute/sync HTTP/1.1
User-Agent: selenium/4.8.1 (java windows)
Content-Length: 47368
Content-Type: application/json; charset=utf-8
host: localhost:37337
accept: */*

Response DefaultHttpResponse(decodeResult: success, version: HTTP/1.1)
HTTP/1.1 200 OK
Content-Length: 13
Content-Type: application/json; charset=utf-8
cache-control: no-cache

[DEBUG] Adding key: http://localhost:37337 for channel [id: 0xdb54d1df, L:/127.0.0.1:64474 - R:localhost/127.0.0.1:37337]
[DEBUG] Using pooled Channel '[id: 0xdb54d1df, L:/127.0.0.1:64474 - R:localhost/127.0.0.1:37337]' for 'POST' to 'http://localhost:37337/session/ef409424851856152e3fe438450bd180/execute/sync'
[DEBUG] Using open Channel [id: 0xdb54d1df, L:/127.0.0.1:64474 - R:localhost/127.0.0.1:37337] for POST '/session/ef409424851856152e3fe438450bd180/execute/sync'
[DEBUG] Entry count for : http://localhost:64475 : 1
[DEBUG] 

Request DefaultHttpRequest(decodeResult: success, version: HTTP/1.1)
POST /session/ef409424851856152e3fe438450bd180/execute/sync HTTP/1.1
User-Agent: selenium/4.8.1 (java windows)
Content-Length: 47368
Content-Type: application/json; charset=utf-8
host: localhost:37337
accept: */*

Response DefaultHttpResponse(decodeResult: success, version: HTTP/1.1)
HTTP/1.1 200 OK
Content-Length: 13
Content-Type: application/json; charset=utf-8
cache-control: no-cache

[DEBUG] Adding key: http://localhost:37337 for channel [id: 0xdb54d1df, L:/127.0.0.1:64474 - R:localhost/127.0.0.1:37337]
[DEBUG] Using pooled Channel '[id: 0xdb54d1df, L:/127.0.0.1:64474 - R:localhost/127.0.0.1:37337]' for 'POST' to 'http://localhost:37337/session/ef409424851856152e3fe438450bd180/execute/sync'
[DEBUG] Using open Channel [id: 0xdb54d1df, L:/127.0.0.1:64474 - R:localhost/127.0.0.1:37337] for POST '/session/ef409424851856152e3fe438450bd180/execute/sync'
[DEBUG] 

Request DefaultHttpRequest(decodeResult: success, version: HTTP/1.1)
POST /session/ef409424851856152e3fe438450bd180/execute/sync HTTP/1.1
User-Agent: selenium/4.8.1 (java windows)
Content-Length: 47368
Content-Type: application/json; charset=utf-8
host: localhost:37337
accept: */*

Response DefaultHttpResponse(decodeResult: success, version: HTTP/1.1)
HTTP/1.1 200 OK
Content-Length: 13
Content-Type: application/json; charset=utf-8
cache-control: no-cache

[DEBUG] Adding key: http://localhost:37337 for channel [id: 0xdb54d1df, L:/127.0.0.1:64474 - R:localhost/127.0.0.1:37337]
[DEBUG] Using pooled Channel '[id: 0xdb54d1df, L:/127.0.0.1:64474 - R:localhost/127.0.0.1:37337]' for 'POST' to 'http://localhost:37337/session/ef409424851856152e3fe438450bd180/element/bdc0a578-456b-4db5-8ce8-63cbc9f594a7/click'
[DEBUG] Using open Channel [id: 0xdb54d1df, L:/127.0.0.1:64474 - R:localhost/127.0.0.1:37337] for POST '/session/ef409424851856152e3fe438450bd180/element/bdc0a578-456b-4db5-8ce8-63cbc9f594a7/click'
[DEBUG] 

Request DefaultHttpRequest(decodeResult: success, version: HTTP/1.1)
POST /session/ef409424851856152e3fe438450bd180/element/bdc0a578-456b-4db5-8ce8-63cbc9f594a7/click HTTP/1.1
User-Agent: selenium/4.8.1 (java windows)
Content-Length: 50
Content-Type: application/json; charset=utf-8
host: localhost:37337
accept: */*

Response DefaultHttpResponse(decodeResult: success, version: HTTP/1.1)
HTTP/1.1 200 OK
Content-Length: 14
Content-Type: application/json; charset=utf-8
cache-control: no-cache

[DEBUG] Adding key: http://localhost:37337 for channel [id: 0xdb54d1df, L:/127.0.0.1:64474 - R:localhost/127.0.0.1:37337]
[DEBUG] Entry count for : http://localhost:64475 : 1
[DEBUG] Entry count for : http://localhost:37337 : 1
]]></system-out>
  </testcase>
  <testcase name="optionalGender[nonbinary](1)" classname="UsingLoops.FaceBook_CreateAnAccount_DropDown_UsingLoops" time="0.131">
    <system-out><![CDATA[[DEBUG] Using pooled Channel '[id: 0xdb54d1df, L:/127.0.0.1:64474 - R:localhost/127.0.0.1:37337]' for 'POST' to 'http://localhost:37337/session/ef409424851856152e3fe438450bd180/element'
[DEBUG] Using open Channel [id: 0xdb54d1df, L:/127.0.0.1:64474 - R:localhost/127.0.0.1:37337] for POST '/session/ef409424851856152e3fe438450bd180/element'
[DEBUG] 

Request DefaultHttpRequest(decodeResult: success, version: HTTP/1.1)
POST /session/ef409424851856152e3fe438450bd180/element HTTP/1.1
User-Agent: selenium/4.8.1 (java windows)
Content-Length: 67
Content-Type: application/json; charset=utf-8
host: localhost:37337
accept: */*

Response DefaultHttpResponse(decodeResult: success, version: HTTP/1.1)
HTTP/1.1 200 OK
Content-Length: 88
Content-Type: application/json; charset=utf-8
cache-control: no-cache

[DEBUG] Adding key: http://localhost:37337 for channel [id: 0xdb54d1df, L:/127.0.0.1:64474 - R:localhost/127.0.0.1:37337]
[DEBUG] Using pooled Channel '[id: 0xdb54d1df, L:/127.0.0.1:64474 - R:localhost/127.0.0.1:37337]' for 'POST' to 'http://localhost:37337/session/ef409424851856152e3fe438450bd180/element/dc708799-f222-4bc2-8958-9819892eb626/value'
[DEBUG] Using open Channel [id: 0xdb54d1df, L:/127.0.0.1:64474 - R:localhost/127.0.0.1:37337] for POST '/session/ef409424851856152e3fe438450bd180/element/dc708799-f222-4bc2-8958-9819892eb626/value'
[DEBUG] 

Request DefaultHttpRequest(decodeResult: success, version: HTTP/1.1)
POST /session/ef409424851856152e3fe438450bd180/element/dc708799-f222-4bc2-8958-9819892eb626/value HTTP/1.1
User-Agent: selenium/4.8.1 (java windows)
Content-Length: 171
Content-Type: application/json; charset=utf-8
host: localhost:37337
accept: */*

Response DefaultHttpResponse(decodeResult: success, version: HTTP/1.1)
HTTP/1.1 200 OK
Content-Length: 14
Content-Type: application/json; charset=utf-8
cache-control: no-cache

[DEBUG] Adding key: http://localhost:37337 for channel [id: 0xdb54d1df, L:/127.0.0.1:64474 - R:localhost/127.0.0.1:37337]
]]></system-out>
  </testcase>
  <testcase name="openSignTab" classname="UsingLoops.Amazon_UsingLoops" time="0.75">
    <system-out><![CDATA[[DEBUG] Entry count for : http://localhost:64475 : 1
[DEBUG] Entry count for : http://localhost:37337 : 1
[DEBUG] Using new Channel '[id: 0xb07ac5c6, L:/127.0.0.1:64516 - R:localhost/127.0.0.1:46602]' for 'POST' to '/session'
[DEBUG] 

Request DefaultHttpRequest(decodeResult: success, version: HTTP/1.1)
POST /session HTTP/1.1
User-Agent: selenium/4.8.1 (java windows)
Content-Length: 551
Content-Type: application/json; charset=utf-8
host: localhost:46602
accept: */*

Response DefaultHttpResponse(decodeResult: success, version: HTTP/1.1)
HTTP/1.1 200 OK
Content-Length: 858
Content-Type: application/json; charset=utf-8
cache-control: no-cache

[DEBUG] Adding key: http://localhost:46602 for channel [id: 0xb07ac5c6, L:/127.0.0.1:64516 - R:localhost/127.0.0.1:46602]
[DEBUG] Using new Channel '[id: 0x57cfe478, L:/127.0.0.1:64523 - R:localhost/127.0.0.1:64518]' for 'GET' to '/json/version'
[DEBUG] 

Request DefaultFullHttpRequest(decodeResult: success, version: HTTP/1.1, content: EmptyByteBufBE)
GET /json/version HTTP/1.1
User-Agent: selenium/4.8.1 (java windows)
host: localhost:64518
accept: */*

Response DefaultHttpResponse(decodeResult: success, version: HTTP/1.1)
HTTP/1.1 200 OK
Content-Security-Policy: frame-ancestors 'none'
Content-Length: 423
Content-Type: application/json; charset=UTF-8

[DEBUG] Adding key: http://localhost:64518 for channel [id: 0x57cfe478, L:/127.0.0.1:64523 - R:localhost/127.0.0.1:64518]
[DEBUG] Using new Channel '[id: 0x9e5e8c7d, L:/127.0.0.1:64524 - R:localhost/127.0.0.1:64518]' for 'GET' to '/devtools/browser/d007a2de-17dc-498b-aaf4-ee8c7feb4979'
[DEBUG] 

Request DefaultFullHttpRequest(decodeResult: success, version: HTTP/1.1, content: EmptyByteBufBE)
GET /devtools/browser/d007a2de-17dc-498b-aaf4-ee8c7feb4979 HTTP/1.1
upgrade: websocket
connection: upgrade
sec-websocket-key: 1t0Dc6n6yaBLQyM7UkrcHw==
sec-websocket-version: 13
origin: http://localhost:64518
host: localhost:64518
accept: */*
user-agent: AHC/2.1

Response DefaultHttpResponse(decodeResult: success, version: HTTP/1.1)
HTTP/1.1 101 WebSocket Protocol Handshake
Upgrade: WebSocket
Connection: Upgrade
Sec-WebSocket-Accept: w6LYML5ucjy5wcKheMhzDTLLbco=

[DEBUG] Using pooled Channel '[id: 0xb07ac5c6, L:/127.0.0.1:64516 - R:localhost/127.0.0.1:46602]' for 'POST' to 'http://localhost:46602/session/3e6481e581549a1756a57b06f2c97c04/url'
[DEBUG] Using open Channel [id: 0xb07ac5c6, L:/127.0.0.1:64516 - R:localhost/127.0.0.1:46602] for POST '/session/3e6481e581549a1756a57b06f2c97c04/url'
[DEBUG] Entry count for : http://localhost:64518 : 1
[DEBUG] Entry count for : http://localhost:64475 : 1
[DEBUG] Entry count for : http://localhost:37337 : 1
[DEBUG] Entry count for : http://localhost:64518 : 1
[DEBUG] Entry count for : http://localhost:64475 : 1
[DEBUG] Entry count for : http://localhost:37337 : 1
[DEBUG] Entry count for : http://localhost:64518 : 1
[DEBUG] Entry count for : http://localhost:64475 : 1
[DEBUG] Entry count for : http://localhost:37337 : 1
[DEBUG] 

Request DefaultHttpRequest(decodeResult: success, version: HTTP/1.1)
POST /session/3e6481e581549a1756a57b06f2c97c04/url HTTP/1.1
User-Agent: selenium/4.8.1 (java windows)
Content-Length: 43
Content-Type: application/json; charset=utf-8
host: localhost:46602
accept: */*

Response DefaultHttpResponse(decodeResult: success, version: HTTP/1.1)
HTTP/1.1 200 OK
Content-Length: 14
Content-Type: application/json; charset=utf-8
cache-control: no-cache

[DEBUG] Adding key: http://localhost:46602 for channel [id: 0xb07ac5c6, L:/127.0.0.1:64516 - R:localhost/127.0.0.1:46602]
[DEBUG] Using pooled Channel '[id: 0xb07ac5c6, L:/127.0.0.1:64516 - R:localhost/127.0.0.1:46602]' for 'POST' to 'http://localhost:46602/session/3e6481e581549a1756a57b06f2c97c04/timeouts'
[DEBUG] Using open Channel [id: 0xb07ac5c6, L:/127.0.0.1:64516 - R:localhost/127.0.0.1:46602] for POST '/session/3e6481e581549a1756a57b06f2c97c04/timeouts'
[DEBUG] 

Request DefaultHttpRequest(decodeResult: success, version: HTTP/1.1)
POST /session/3e6481e581549a1756a57b06f2c97c04/timeouts HTTP/1.1
User-Agent: selenium/4.8.1 (java windows)
Content-Length: 23
Content-Type: application/json; charset=utf-8
host: localhost:46602
accept: */*

Response DefaultHttpResponse(decodeResult: success, version: HTTP/1.1)
HTTP/1.1 200 OK
Content-Length: 14
Content-Type: application/json; charset=utf-8
cache-control: no-cache

[DEBUG] Adding key: http://localhost:46602 for channel [id: 0xb07ac5c6, L:/127.0.0.1:64516 - R:localhost/127.0.0.1:46602]
[DEBUG] Using pooled Channel '[id: 0xb07ac5c6, L:/127.0.0.1:64516 - R:localhost/127.0.0.1:46602]' for 'POST' to 'http://localhost:46602/session/3e6481e581549a1756a57b06f2c97c04/element'
[DEBUG] Using open Channel [id: 0xb07ac5c6, L:/127.0.0.1:64516 - R:localhost/127.0.0.1:46602] for POST '/session/3e6481e581549a1756a57b06f2c97c04/element'
[DEBUG] 

Request DefaultHttpRequest(decodeResult: success, version: HTTP/1.1)
POST /session/3e6481e581549a1756a57b06f2c97c04/element HTTP/1.1
User-Agent: selenium/4.8.1 (java windows)
Content-Length: 80
Content-Type: application/json; charset=utf-8
host: localhost:46602
accept: */*

Response DefaultHttpResponse(decodeResult: success, version: HTTP/1.1)
HTTP/1.1 200 OK
Content-Length: 88
Content-Type: application/json; charset=utf-8
cache-control: no-cache

[DEBUG] Adding key: http://localhost:46602 for channel [id: 0xb07ac5c6, L:/127.0.0.1:64516 - R:localhost/127.0.0.1:46602]
[DEBUG] Using pooled Channel '[id: 0xb07ac5c6, L:/127.0.0.1:64516 - R:localhost/127.0.0.1:46602]' for 'POST' to 'http://localhost:46602/session/3e6481e581549a1756a57b06f2c97c04/element/c283a131-bf5a-4d43-818a-8582e4dcf80b/click'
[DEBUG] Using open Channel [id: 0xb07ac5c6, L:/127.0.0.1:64516 - R:localhost/127.0.0.1:46602] for POST '/session/3e6481e581549a1756a57b06f2c97c04/element/c283a131-bf5a-4d43-818a-8582e4dcf80b/click'
[DEBUG] Entry count for : http://localhost:64518 : 1
[DEBUG] Entry count for : http://localhost:64475 : 1
[DEBUG] Entry count for : http://localhost:37337 : 1
[DEBUG] 

Request DefaultHttpRequest(decodeResult: success, version: HTTP/1.1)
POST /session/3e6481e581549a1756a57b06f2c97c04/element/c283a131-bf5a-4d43-818a-8582e4dcf80b/click HTTP/1.1
User-Agent: selenium/4.8.1 (java windows)
Content-Length: 50
Content-Type: application/json; charset=utf-8
host: localhost:46602
accept: */*

Response DefaultHttpResponse(decodeResult: success, version: HTTP/1.1)
HTTP/1.1 200 OK
Content-Length: 14
Content-Type: application/json; charset=utf-8
cache-control: no-cache

[DEBUG] Adding key: http://localhost:46602 for channel [id: 0xb07ac5c6, L:/127.0.0.1:64516 - R:localhost/127.0.0.1:46602]
]]></system-out>
    <system-err><![CDATA[Starting ChromeDriver 111.0.5563.64 (c710e93d5b63b7095afe8c2c17df34408078439d-refs/branch-heads/5563@{#995}) on port 46602
Only local connections are allowed.
Please see https://chromedriver.chromium.org/security-considerations for suggestions on keeping ChromeDriver safe.
ChromeDriver was started successfully.
Mar 21, 2023 10:30:08 PM org.openqa.selenium.devtools.CdpVersionFinder findNearestMatch
WARNING: Unable to find an exact match for CDP version 111, so returning the closest version found: 110
]]></system-err>
  </testcase>
  <testcase name="userName[chowdhurygs@rediffmail.com](1)" classname="UsingLoops.Amazon_UsingLoops" time="0.872">
    <system-out><![CDATA[[DEBUG] Using pooled Channel '[id: 0xb07ac5c6, L:/127.0.0.1:64516 - R:localhost/127.0.0.1:46602]' for 'POST' to 'http://localhost:46602/session/3e6481e581549a1756a57b06f2c97c04/element'
[DEBUG] Using open Channel [id: 0xb07ac5c6, L:/127.0.0.1:64516 - R:localhost/127.0.0.1:46602] for POST '/session/3e6481e581549a1756a57b06f2c97c04/element'
[DEBUG] 

Request DefaultHttpRequest(decodeResult: success, version: HTTP/1.1)
POST /session/3e6481e581549a1756a57b06f2c97c04/element HTTP/1.1
User-Agent: selenium/4.8.1 (java windows)
Content-Length: 58
Content-Type: application/json; charset=utf-8
host: localhost:46602
accept: */*

Response DefaultHttpResponse(decodeResult: success, version: HTTP/1.1)
HTTP/1.1 200 OK
Content-Length: 88
Content-Type: application/json; charset=utf-8
cache-control: no-cache

[DEBUG] Adding key: http://localhost:46602 for channel [id: 0xb07ac5c6, L:/127.0.0.1:64516 - R:localhost/127.0.0.1:46602]
[DEBUG] Using pooled Channel '[id: 0xb07ac5c6, L:/127.0.0.1:64516 - R:localhost/127.0.0.1:46602]' for 'POST' to 'http://localhost:46602/session/3e6481e581549a1756a57b06f2c97c04/element/b2b8a420-2461-4406-afb9-27dc6c8b86c8/value'
[DEBUG] Using open Channel [id: 0xb07ac5c6, L:/127.0.0.1:64516 - R:localhost/127.0.0.1:46602] for POST '/session/3e6481e581549a1756a57b06f2c97c04/element/b2b8a420-2461-4406-afb9-27dc6c8b86c8/value'
[DEBUG] 

Request DefaultHttpRequest(decodeResult: success, version: HTTP/1.1)
POST /session/3e6481e581549a1756a57b06f2c97c04/element/b2b8a420-2461-4406-afb9-27dc6c8b86c8/value HTTP/1.1
User-Agent: selenium/4.8.1 (java windows)
Content-Length: 341
Content-Type: application/json; charset=utf-8
host: localhost:46602
accept: */*

Response DefaultHttpResponse(decodeResult: success, version: HTTP/1.1)
HTTP/1.1 200 OK
Content-Length: 14
Content-Type: application/json; charset=utf-8
cache-control: no-cache

[DEBUG] Adding key: http://localhost:46602 for channel [id: 0xb07ac5c6, L:/127.0.0.1:64516 - R:localhost/127.0.0.1:46602]
[DEBUG] Using pooled Channel '[id: 0xb07ac5c6, L:/127.0.0.1:64516 - R:localhost/127.0.0.1:46602]' for 'POST' to 'http://localhost:46602/session/3e6481e581549a1756a57b06f2c97c04/element'
[DEBUG] Using open Channel [id: 0xb07ac5c6, L:/127.0.0.1:64516 - R:localhost/127.0.0.1:46602] for POST '/session/3e6481e581549a1756a57b06f2c97c04/element'
[DEBUG] 

Request DefaultHttpRequest(decodeResult: success, version: HTTP/1.1)
POST /session/3e6481e581549a1756a57b06f2c97c04/element HTTP/1.1
User-Agent: selenium/4.8.1 (java windows)
Content-Length: 58
Content-Type: application/json; charset=utf-8
host: localhost:46602
accept: */*

Response DefaultHttpResponse(decodeResult: success, version: HTTP/1.1)
HTTP/1.1 200 OK
Content-Length: 88
Content-Type: application/json; charset=utf-8
cache-control: no-cache

[DEBUG] Adding key: http://localhost:46602 for channel [id: 0xb07ac5c6, L:/127.0.0.1:64516 - R:localhost/127.0.0.1:46602]
[DEBUG] Using pooled Channel '[id: 0xb07ac5c6, L:/127.0.0.1:64516 - R:localhost/127.0.0.1:46602]' for 'POST' to 'http://localhost:46602/session/3e6481e581549a1756a57b06f2c97c04/element/f7c6cfa0-36d0-4156-878e-4f9fe751639c/click'
[DEBUG] Using open Channel [id: 0xb07ac5c6, L:/127.0.0.1:64516 - R:localhost/127.0.0.1:46602] for POST '/session/3e6481e581549a1756a57b06f2c97c04/element/f7c6cfa0-36d0-4156-878e-4f9fe751639c/click'
[DEBUG] Entry count for : http://localhost:64518 : 1
[DEBUG] Entry count for : http://localhost:64475 : 1
[DEBUG] Entry count for : http://localhost:37337 : 1
[DEBUG] 

Request DefaultHttpRequest(decodeResult: success, version: HTTP/1.1)
POST /session/3e6481e581549a1756a57b06f2c97c04/element/f7c6cfa0-36d0-4156-878e-4f9fe751639c/click HTTP/1.1
User-Agent: selenium/4.8.1 (java windows)
Content-Length: 50
Content-Type: application/json; charset=utf-8
host: localhost:46602
accept: */*

Response DefaultHttpResponse(decodeResult: success, version: HTTP/1.1)
HTTP/1.1 200 OK
Content-Length: 14
Content-Type: application/json; charset=utf-8
cache-control: no-cache

[DEBUG] Adding key: http://localhost:46602 for channel [id: 0xb07ac5c6, L:/127.0.0.1:64516 - R:localhost/127.0.0.1:46602]
]]></system-out>
  </testcase>
  <testcase name="passWord[Shajlee1@](1)" classname="UsingLoops.Amazon_UsingLoops" time="0.132">
    <system-out><![CDATA[[DEBUG] Using pooled Channel '[id: 0xb07ac5c6, L:/127.0.0.1:64516 - R:localhost/127.0.0.1:46602]' for 'POST' to 'http://localhost:46602/session/3e6481e581549a1756a57b06f2c97c04/element'
[DEBUG] Using open Channel [id: 0xb07ac5c6, L:/127.0.0.1:64516 - R:localhost/127.0.0.1:46602] for POST '/session/3e6481e581549a1756a57b06f2c97c04/element'
[DEBUG] 

Request DefaultHttpRequest(decodeResult: success, version: HTTP/1.1)
POST /session/3e6481e581549a1756a57b06f2c97c04/element HTTP/1.1
User-Agent: selenium/4.8.1 (java windows)
Content-Length: 61
Content-Type: application/json; charset=utf-8
host: localhost:46602
accept: */*

Response DefaultHttpResponse(decodeResult: success, version: HTTP/1.1)
HTTP/1.1 200 OK
Content-Length: 88
Content-Type: application/json; charset=utf-8
cache-control: no-cache

[DEBUG] Adding key: http://localhost:46602 for channel [id: 0xb07ac5c6, L:/127.0.0.1:64516 - R:localhost/127.0.0.1:46602]
[DEBUG] Using pooled Channel '[id: 0xb07ac5c6, L:/127.0.0.1:64516 - R:localhost/127.0.0.1:46602]' for 'POST' to 'http://localhost:46602/session/3e6481e581549a1756a57b06f2c97c04/element/df264a6c-2f7e-42e7-b536-c910314ed23f/value'
[DEBUG] Using open Channel [id: 0xb07ac5c6, L:/127.0.0.1:64516 - R:localhost/127.0.0.1:46602] for POST '/session/3e6481e581549a1756a57b06f2c97c04/element/df264a6c-2f7e-42e7-b536-c910314ed23f/value'
[DEBUG] 

Request DefaultHttpRequest(decodeResult: success, version: HTTP/1.1)
POST /session/3e6481e581549a1756a57b06f2c97c04/element/df264a6c-2f7e-42e7-b536-c910314ed23f/value HTTP/1.1
User-Agent: selenium/4.8.1 (java windows)
Content-Length: 171
Content-Type: application/json; charset=utf-8
host: localhost:46602
accept: */*

Response DefaultHttpResponse(decodeResult: success, version: HTTP/1.1)
HTTP/1.1 200 OK
Content-Length: 14
Content-Type: application/json; charset=utf-8
cache-control: no-cache

[DEBUG] Adding key: http://localhost:46602 for channel [id: 0xb07ac5c6, L:/127.0.0.1:64516 - R:localhost/127.0.0.1:46602]
[DEBUG] Using pooled Channel '[id: 0xb07ac5c6, L:/127.0.0.1:64516 - R:localhost/127.0.0.1:46602]' for 'POST' to 'http://localhost:46602/session/3e6481e581549a1756a57b06f2c97c04/element'
[DEBUG] Using open Channel [id: 0xb07ac5c6, L:/127.0.0.1:64516 - R:localhost/127.0.0.1:46602] for POST '/session/3e6481e581549a1756a57b06f2c97c04/element'
[DEBUG] 

Request DefaultHttpRequest(decodeResult: success, version: HTTP/1.1)
POST /session/3e6481e581549a1756a57b06f2c97c04/element HTTP/1.1
User-Agent: selenium/4.8.1 (java windows)
Content-Length: 62
Content-Type: application/json; charset=utf-8
host: localhost:46602
accept: */*

Response DefaultHttpResponse(decodeResult: success, version: HTTP/1.1)
HTTP/1.1 200 OK
Content-Length: 88
Content-Type: application/json; charset=utf-8
cache-control: no-cache

[DEBUG] Adding key: http://localhost:46602 for channel [id: 0xb07ac5c6, L:/127.0.0.1:64516 - R:localhost/127.0.0.1:46602]
[DEBUG] Using pooled Channel '[id: 0xb07ac5c6, L:/127.0.0.1:64516 - R:localhost/127.0.0.1:46602]' for 'POST' to 'http://localhost:46602/session/3e6481e581549a1756a57b06f2c97c04/element/3e927838-9ba3-4b21-aeba-d1aa1d4c058e/click'
[DEBUG] Using open Channel [id: 0xb07ac5c6, L:/127.0.0.1:64516 - R:localhost/127.0.0.1:46602] for POST '/session/3e6481e581549a1756a57b06f2c97c04/element/3e927838-9ba3-4b21-aeba-d1aa1d4c058e/click'
[DEBUG] 

Request DefaultHttpRequest(decodeResult: success, version: HTTP/1.1)
POST /session/3e6481e581549a1756a57b06f2c97c04/element/3e927838-9ba3-4b21-aeba-d1aa1d4c058e/click HTTP/1.1
User-Agent: selenium/4.8.1 (java windows)
Content-Length: 50
Content-Type: application/json; charset=utf-8
host: localhost:46602
accept: */*

Response DefaultHttpResponse(decodeResult: success, version: HTTP/1.1)
HTTP/1.1 200 OK
Content-Length: 14
Content-Type: application/json; charset=utf-8
cache-control: no-cache

[DEBUG] Adding key: http://localhost:46602 for channel [id: 0xb07ac5c6, L:/127.0.0.1:64516 - R:localhost/127.0.0.1:46602]
]]></system-out>
  </testcase>
  <testcase name="searchItem[Drum Sticks](1)" classname="UsingLoops.Amazon_UsingLoops" time="4.572">
    <system-out><![CDATA[[DEBUG] Using pooled Channel '[id: 0xb07ac5c6, L:/127.0.0.1:64516 - R:localhost/127.0.0.1:46602]' for 'POST' to 'http://localhost:46602/session/3e6481e581549a1756a57b06f2c97c04/element'
[DEBUG] Using open Channel [id: 0xb07ac5c6, L:/127.0.0.1:64516 - R:localhost/127.0.0.1:46602] for POST '/session/3e6481e581549a1756a57b06f2c97c04/element'
[DEBUG] Entry count for : http://localhost:64518 : 1
[DEBUG] Entry count for : http://localhost:64475 : 1
[DEBUG] Entry count for : http://localhost:37337 : 1
[DEBUG] 

Request DefaultHttpRequest(decodeResult: success, version: HTTP/1.1)
POST /session/3e6481e581549a1756a57b06f2c97c04/element HTTP/1.1
User-Agent: selenium/4.8.1 (java windows)
Content-Length: 69
Content-Type: application/json; charset=utf-8
host: localhost:46602
accept: */*

Response DefaultHttpResponse(decodeResult: success, version: HTTP/1.1)
HTTP/1.1 200 OK
Content-Length: 88
Content-Type: application/json; charset=utf-8
cache-control: no-cache

[DEBUG] Adding key: http://localhost:46602 for channel [id: 0xb07ac5c6, L:/127.0.0.1:64516 - R:localhost/127.0.0.1:46602]
[DEBUG] Using pooled Channel '[id: 0xb07ac5c6, L:/127.0.0.1:64516 - R:localhost/127.0.0.1:46602]' for 'POST' to 'http://localhost:46602/session/3e6481e581549a1756a57b06f2c97c04/element/d3abf482-b901-4da1-bffe-94dbbc169b17/value'
[DEBUG] Using open Channel [id: 0xb07ac5c6, L:/127.0.0.1:64516 - R:localhost/127.0.0.1:46602] for POST '/session/3e6481e581549a1756a57b06f2c97c04/element/d3abf482-b901-4da1-bffe-94dbbc169b17/value'
[DEBUG] Entry count for : http://localhost:64518 : 1
[DEBUG] Entry count for : http://localhost:64475 : 1
[DEBUG] Entry count for : http://localhost:37337 : 1
[DEBUG] 

Request DefaultHttpRequest(decodeResult: success, version: HTTP/1.1)
POST /session/3e6481e581549a1756a57b06f2c97c04/element/d3abf482-b901-4da1-bffe-94dbbc169b17/value HTTP/1.1
User-Agent: selenium/4.8.1 (java windows)
Content-Length: 191
Content-Type: application/json; charset=utf-8
host: localhost:46602
accept: */*

Response DefaultHttpResponse(decodeResult: success, version: HTTP/1.1)
HTTP/1.1 200 OK
Content-Length: 14
Content-Type: application/json; charset=utf-8
cache-control: no-cache

[DEBUG] Adding key: http://localhost:46602 for channel [id: 0xb07ac5c6, L:/127.0.0.1:64516 - R:localhost/127.0.0.1:46602]
[DEBUG] Using pooled Channel '[id: 0xb07ac5c6, L:/127.0.0.1:64516 - R:localhost/127.0.0.1:46602]' for 'POST' to 'http://localhost:46602/session/3e6481e581549a1756a57b06f2c97c04/element'
[DEBUG] Using open Channel [id: 0xb07ac5c6, L:/127.0.0.1:64516 - R:localhost/127.0.0.1:46602] for POST '/session/3e6481e581549a1756a57b06f2c97c04/element'
[DEBUG] 

Request DefaultHttpRequest(decodeResult: success, version: HTTP/1.1)
POST /session/3e6481e581549a1756a57b06f2c97c04/element HTTP/1.1
User-Agent: selenium/4.8.1 (java windows)
Content-Length: 74
Content-Type: application/json; charset=utf-8
host: localhost:46602
accept: */*

Response DefaultHttpResponse(decodeResult: success, version: HTTP/1.1)
HTTP/1.1 200 OK
Content-Length: 88
Content-Type: application/json; charset=utf-8
cache-control: no-cache

[DEBUG] Adding key: http://localhost:46602 for channel [id: 0xb07ac5c6, L:/127.0.0.1:64516 - R:localhost/127.0.0.1:46602]
[DEBUG] Using pooled Channel '[id: 0xb07ac5c6, L:/127.0.0.1:64516 - R:localhost/127.0.0.1:46602]' for 'POST' to 'http://localhost:46602/session/3e6481e581549a1756a57b06f2c97c04/element/ad9a2389-66ba-43da-8901-8c9a3f2fcd7c/click'
[DEBUG] Using open Channel [id: 0xb07ac5c6, L:/127.0.0.1:64516 - R:localhost/127.0.0.1:46602] for POST '/session/3e6481e581549a1756a57b06f2c97c04/element/ad9a2389-66ba-43da-8901-8c9a3f2fcd7c/click'
[DEBUG] Entry count for : http://localhost:64518 : 1
[DEBUG] Entry count for : http://localhost:64475 : 1
[DEBUG] Entry count for : http://localhost:37337 : 1
[DEBUG] Entry count for : http://localhost:64518 : 1
[DEBUG] Entry count for : http://localhost:64475 : 1
[DEBUG] Entry count for : http://localhost:37337 : 1
[DEBUG] 

Request DefaultHttpRequest(decodeResult: success, version: HTTP/1.1)
POST /session/3e6481e581549a1756a57b06f2c97c04/element/ad9a2389-66ba-43da-8901-8c9a3f2fcd7c/click HTTP/1.1
User-Agent: selenium/4.8.1 (java windows)
Content-Length: 50
Content-Type: application/json; charset=utf-8
host: localhost:46602
accept: */*

Response DefaultHttpResponse(decodeResult: success, version: HTTP/1.1)
HTTP/1.1 200 OK
Content-Length: 14
Content-Type: application/json; charset=utf-8
cache-control: no-cache

[DEBUG] Adding key: http://localhost:46602 for channel [id: 0xb07ac5c6, L:/127.0.0.1:64516 - R:localhost/127.0.0.1:46602]
]]></system-out>
  </testcase>
  <testcase name="chooseItem1" classname="UsingLoops.Amazon_UsingLoops" time="4.06">
    <system-out><![CDATA[[DEBUG] Using pooled Channel '[id: 0xb07ac5c6, L:/127.0.0.1:64516 - R:localhost/127.0.0.1:46602]' for 'POST' to 'http://localhost:46602/session/3e6481e581549a1756a57b06f2c97c04/elements'
[DEBUG] Using open Channel [id: 0xb07ac5c6, L:/127.0.0.1:64516 - R:localhost/127.0.0.1:46602] for POST '/session/3e6481e581549a1756a57b06f2c97c04/elements'
[DEBUG] 

Request DefaultHttpRequest(decodeResult: success, version: HTTP/1.1)
POST /session/3e6481e581549a1756a57b06f2c97c04/elements HTTP/1.1
User-Agent: selenium/4.8.1 (java windows)
Content-Length: 96
Content-Type: application/json; charset=utf-8
host: localhost:46602
accept: */*

Response DefaultHttpResponse(decodeResult: success, version: HTTP/1.1)
HTTP/1.1 200 OK
Content-Length: 5462
Content-Type: application/json; charset=utf-8
cache-control: no-cache

[DEBUG] Adding key: http://localhost:46602 for channel [id: 0xb07ac5c6, L:/127.0.0.1:64516 - R:localhost/127.0.0.1:46602]
No. of options: 69
[DEBUG] Using pooled Channel '[id: 0xb07ac5c6, L:/127.0.0.1:64516 - R:localhost/127.0.0.1:46602]' for 'POST' to 'http://localhost:46602/session/3e6481e581549a1756a57b06f2c97c04/execute/sync'
[DEBUG] Using open Channel [id: 0xb07ac5c6, L:/127.0.0.1:64516 - R:localhost/127.0.0.1:46602] for POST '/session/3e6481e581549a1756a57b06f2c97c04/execute/sync'
[DEBUG] 

Request DefaultHttpRequest(decodeResult: success, version: HTTP/1.1)
POST /session/3e6481e581549a1756a57b06f2c97c04/execute/sync HTTP/1.1
User-Agent: selenium/4.8.1 (java windows)
Content-Length: 47379
Content-Type: application/json; charset=utf-8
host: localhost:46602
accept: */*

Response DefaultHttpResponse(decodeResult: success, version: HTTP/1.1)
HTTP/1.1 200 OK
Content-Length: 13
Content-Type: application/json; charset=utf-8
cache-control: no-cache

[DEBUG] Adding key: http://localhost:46602 for channel [id: 0xb07ac5c6, L:/127.0.0.1:64516 - R:localhost/127.0.0.1:46602]
[DEBUG] Using pooled Channel '[id: 0xb07ac5c6, L:/127.0.0.1:64516 - R:localhost/127.0.0.1:46602]' for 'POST' to 'http://localhost:46602/session/3e6481e581549a1756a57b06f2c97c04/element/a150bab4-94c9-42b0-89ac-c0861af497f5/click'
[DEBUG] Using open Channel [id: 0xb07ac5c6, L:/127.0.0.1:64516 - R:localhost/127.0.0.1:46602] for POST '/session/3e6481e581549a1756a57b06f2c97c04/element/a150bab4-94c9-42b0-89ac-c0861af497f5/click'
[DEBUG] Entry count for : http://localhost:64518 : 1
[DEBUG] Entry count for : http://localhost:64475 : 1
[DEBUG] Entry count for : http://localhost:37337 : 1
[DEBUG] Entry count for : http://localhost:64518 : 1
[DEBUG] Entry count for : http://localhost:64475 : 1
[DEBUG] Entry count for : http://localhost:37337 : 1
[DEBUG] Entry count for : http://localhost:64518 : 1
[DEBUG] Entry count for : http://localhost:64475 : 1
[DEBUG] Entry count for : http://localhost:37337 : 1
[DEBUG] Entry count for : http://localhost:64518 : 1
[DEBUG] Entry count for : http://localhost:64475 : 1
[DEBUG] Entry count for : http://localhost:37337 : 1
[DEBUG] 

Request DefaultHttpRequest(decodeResult: success, version: HTTP/1.1)
POST /session/3e6481e581549a1756a57b06f2c97c04/element/a150bab4-94c9-42b0-89ac-c0861af497f5/click HTTP/1.1
User-Agent: selenium/4.8.1 (java windows)
Content-Length: 50
Content-Type: application/json; charset=utf-8
host: localhost:46602
accept: */*

Response DefaultHttpResponse(decodeResult: success, version: HTTP/1.1)
HTTP/1.1 200 OK
Content-Length: 14
Content-Type: application/json; charset=utf-8
cache-control: no-cache

[DEBUG] Adding key: http://localhost:46602 for channel [id: 0xb07ac5c6, L:/127.0.0.1:64516 - R:localhost/127.0.0.1:46602]
]]></system-out>
  </testcase>
  <testcase name="itemSize" classname="UsingLoops.Amazon_UsingLoops" time="0.079">
    <system-out><![CDATA[[DEBUG] Using pooled Channel '[id: 0xb07ac5c6, L:/127.0.0.1:64516 - R:localhost/127.0.0.1:46602]' for 'POST' to 'http://localhost:46602/session/3e6481e581549a1756a57b06f2c97c04/elements'
[DEBUG] Using open Channel [id: 0xb07ac5c6, L:/127.0.0.1:64516 - R:localhost/127.0.0.1:46602] for POST '/session/3e6481e581549a1756a57b06f2c97c04/elements'
[DEBUG] 

Request DefaultHttpRequest(decodeResult: success, version: HTTP/1.1)
POST /session/3e6481e581549a1756a57b06f2c97c04/elements HTTP/1.1
User-Agent: selenium/4.8.1 (java windows)
Content-Length: 71
Content-Type: application/json; charset=utf-8
host: localhost:46602
accept: */*

Response DefaultHttpResponse(decodeResult: success, version: HTTP/1.1)
HTTP/1.1 200 OK
Content-Length: 90
Content-Type: application/json; charset=utf-8
cache-control: no-cache

[DEBUG] Adding key: http://localhost:46602 for channel [id: 0xb07ac5c6, L:/127.0.0.1:64516 - R:localhost/127.0.0.1:46602]
No of options: 1
[DEBUG] Using pooled Channel '[id: 0xb07ac5c6, L:/127.0.0.1:64516 - R:localhost/127.0.0.1:46602]' for 'POST' to 'http://localhost:46602/session/3e6481e581549a1756a57b06f2c97c04/execute/sync'
[DEBUG] Using open Channel [id: 0xb07ac5c6, L:/127.0.0.1:64516 - R:localhost/127.0.0.1:46602] for POST '/session/3e6481e581549a1756a57b06f2c97c04/execute/sync'
[DEBUG] 

Request DefaultHttpRequest(decodeResult: success, version: HTTP/1.1)
POST /session/3e6481e581549a1756a57b06f2c97c04/execute/sync HTTP/1.1
User-Agent: selenium/4.8.1 (java windows)
Content-Length: 47368
Content-Type: application/json; charset=utf-8
host: localhost:46602
accept: */*

Response DefaultHttpResponse(decodeResult: success, version: HTTP/1.1)
HTTP/1.1 200 OK
Content-Length: 25
Content-Type: application/json; charset=utf-8
cache-control: no-cache

[DEBUG] Adding key: http://localhost:46602 for channel [id: 0xb07ac5c6, L:/127.0.0.1:64516 - R:localhost/127.0.0.1:46602]
]]></system-out>
  </testcase>
  <testcase name="addToCart" classname="UsingLoops.Amazon_UsingLoops" time="3.737">
    <system-out><![CDATA[[DEBUG] Using pooled Channel '[id: 0xb07ac5c6, L:/127.0.0.1:64516 - R:localhost/127.0.0.1:46602]' for 'POST' to 'http://localhost:46602/session/3e6481e581549a1756a57b06f2c97c04/element'
[DEBUG] Using open Channel [id: 0xb07ac5c6, L:/127.0.0.1:64516 - R:localhost/127.0.0.1:46602] for POST '/session/3e6481e581549a1756a57b06f2c97c04/element'
[DEBUG] 

Request DefaultHttpRequest(decodeResult: success, version: HTTP/1.1)
POST /session/3e6481e581549a1756a57b06f2c97c04/element HTTP/1.1
User-Agent: selenium/4.8.1 (java windows)
Content-Length: 68
Content-Type: application/json; charset=utf-8
host: localhost:46602
accept: */*

Response DefaultHttpResponse(decodeResult: success, version: HTTP/1.1)
HTTP/1.1 200 OK
Content-Length: 88
Content-Type: application/json; charset=utf-8
cache-control: no-cache

[DEBUG] Adding key: http://localhost:46602 for channel [id: 0xb07ac5c6, L:/127.0.0.1:64516 - R:localhost/127.0.0.1:46602]
[DEBUG] Using pooled Channel '[id: 0xb07ac5c6, L:/127.0.0.1:64516 - R:localhost/127.0.0.1:46602]' for 'POST' to 'http://localhost:46602/session/3e6481e581549a1756a57b06f2c97c04/element/37f77ed6-053b-4f34-8f63-b3fdf0c1a23f/click'
[DEBUG] Using open Channel [id: 0xb07ac5c6, L:/127.0.0.1:64516 - R:localhost/127.0.0.1:46602] for POST '/session/3e6481e581549a1756a57b06f2c97c04/element/37f77ed6-053b-4f34-8f63-b3fdf0c1a23f/click'
[DEBUG] Entry count for : http://localhost:64518 : 1
[DEBUG] Entry count for : http://localhost:64475 : 1
[DEBUG] Entry count for : http://localhost:37337 : 1
[DEBUG] 

Request DefaultHttpRequest(decodeResult: success, version: HTTP/1.1)
POST /session/3e6481e581549a1756a57b06f2c97c04/element/37f77ed6-053b-4f34-8f63-b3fdf0c1a23f/click HTTP/1.1
User-Agent: selenium/4.8.1 (java windows)
Content-Length: 50
Content-Type: application/json; charset=utf-8
host: localhost:46602
accept: */*

Response DefaultHttpResponse(decodeResult: success, version: HTTP/1.1)
HTTP/1.1 200 OK
Content-Length: 14
Content-Type: application/json; charset=utf-8
cache-control: no-cache

[DEBUG] Adding key: http://localhost:46602 for channel [id: 0xb07ac5c6, L:/127.0.0.1:64516 - R:localhost/127.0.0.1:46602]
[DEBUG] Entry count for : http://localhost:64518 : 1
[DEBUG] Entry count for : http://localhost:46602 : 1
[DEBUG] Entry count for : http://localhost:64475 : 1
[DEBUG] Entry count for : http://localhost:37337 : 1
[DEBUG] Entry count for : http://localhost:64518 : 1
[DEBUG] Entry count for : http://localhost:46602 : 1
[DEBUG] Entry count for : http://localhost:64475 : 1
[DEBUG] Entry count for : http://localhost:37337 : 1
]]></system-out>
  </testcase>
  <testcase name="clickOnHomeButton" classname="UsingLoops.Amazon_UsingLoops" time="1.453">
    <system-out><![CDATA[[DEBUG] Using pooled Channel '[id: 0xb07ac5c6, L:/127.0.0.1:64516 - R:localhost/127.0.0.1:46602]' for 'POST' to 'http://localhost:46602/session/3e6481e581549a1756a57b06f2c97c04/element'
[DEBUG] Using open Channel [id: 0xb07ac5c6, L:/127.0.0.1:64516 - R:localhost/127.0.0.1:46602] for POST '/session/3e6481e581549a1756a57b06f2c97c04/element'
[DEBUG] 

Request DefaultHttpRequest(decodeResult: success, version: HTTP/1.1)
POST /session/3e6481e581549a1756a57b06f2c97c04/element HTTP/1.1
User-Agent: selenium/4.8.1 (java windows)
Content-Length: 62
Content-Type: application/json; charset=utf-8
host: localhost:46602
accept: */*

Response DefaultHttpResponse(decodeResult: success, version: HTTP/1.1)
HTTP/1.1 200 OK
Content-Length: 88
Content-Type: application/json; charset=utf-8
cache-control: no-cache

[DEBUG] Adding key: http://localhost:46602 for channel [id: 0xb07ac5c6, L:/127.0.0.1:64516 - R:localhost/127.0.0.1:46602]
[DEBUG] Using pooled Channel '[id: 0xb07ac5c6, L:/127.0.0.1:64516 - R:localhost/127.0.0.1:46602]' for 'POST' to 'http://localhost:46602/session/3e6481e581549a1756a57b06f2c97c04/element/aa4887c5-7d34-4f82-a1f2-b297c2374357/click'
[DEBUG] Using open Channel [id: 0xb07ac5c6, L:/127.0.0.1:64516 - R:localhost/127.0.0.1:46602] for POST '/session/3e6481e581549a1756a57b06f2c97c04/element/aa4887c5-7d34-4f82-a1f2-b297c2374357/click'
[DEBUG] Entry count for : http://localhost:64518 : 1
[DEBUG] Entry count for : http://localhost:64475 : 1
[DEBUG] Entry count for : http://localhost:37337 : 1
[DEBUG] 

Request DefaultHttpRequest(decodeResult: success, version: HTTP/1.1)
POST /session/3e6481e581549a1756a57b06f2c97c04/element/aa4887c5-7d34-4f82-a1f2-b297c2374357/click HTTP/1.1
User-Agent: selenium/4.8.1 (java windows)
Content-Length: 50
Content-Type: application/json; charset=utf-8
host: localhost:46602
accept: */*

Response DefaultHttpResponse(decodeResult: success, version: HTTP/1.1)
HTTP/1.1 200 OK
Content-Length: 14
Content-Type: application/json; charset=utf-8
cache-control: no-cache

[DEBUG] Adding key: http://localhost:46602 for channel [id: 0xb07ac5c6, L:/127.0.0.1:64516 - R:localhost/127.0.0.1:46602]
]]></system-out>
  </testcase>
  <testcase name="signOut" classname="UsingLoops.Amazon_UsingLoops" time="2.273">
    <failure message="element not interactable&#10;  (Session info: chrome=111.0.5563.65)&#10;Build info: version: &apos;4.8.1&apos;, revision: &apos;8ebccac989&apos;&#10;System info: os.name: &apos;Windows 11&apos;, os.arch: &apos;amd64&apos;, os.version: &apos;10.0&apos;, java.version: &apos;1.8.0_333&apos;&#10;Driver info: org.openqa.selenium.chrome.ChromeDriver&#10;Command: [3e6481e581549a1756a57b06f2c97c04, clickElement {id=0fa81cd8-61d3-4f74-8fb5-395b254dbfa6}]&#10;Capabilities {acceptInsecureCerts: false, browserName: chrome, browserVersion: 111.0.5563.65, chrome: {chromedriverVersion: 111.0.5563.64 (c710e93d5b63..., userDataDir: C:\Users\chowd\AppData\Loca...}, goog:chromeOptions: {debuggerAddress: localhost:64518}, networkConnectionEnabled: false, pageLoadStrategy: normal, platformName: WINDOWS, proxy: Proxy(), se:cdp: ws://localhost:64518/devtoo..., se:cdpVersion: 111.0.5563.65, setWindowRect: true, strictFileInteractability: false, timeouts: {implicit: 0, pageLoad: 300000, script: 30000}, unhandledPromptBehavior: dismiss and notify, webauthn:extension:credBlob: true, webauthn:extension:largeBlob: true, webauthn:extension:minPinLength: true, webauthn:extension:prf: true, webauthn:virtualAuthenticators: true}&#10;Element: [[ChromeDriver: chrome on WINDOWS (3e6481e581549a1756a57b06f2c97c04)] -&gt; xpath: //span[text() = &apos;Sign Out&apos;]]&#10;Session ID: 3e6481e581549a1756a57b06f2c97c04" type="org.openqa.selenium.ElementNotInteractableException"><![CDATA[org.openqa.selenium.ElementNotInteractableException: 
element not interactable
  (Session info: chrome=111.0.5563.65)
Build info: version: '4.8.1', revision: '8ebccac989'
System info: os.name: 'Windows 11', os.arch: 'amd64', os.version: '10.0', java.version: '1.8.0_333'
Driver info: org.openqa.selenium.chrome.ChromeDriver
Command: [3e6481e581549a1756a57b06f2c97c04, clickElement {id=0fa81cd8-61d3-4f74-8fb5-395b254dbfa6}]
Capabilities {acceptInsecureCerts: false, browserName: chrome, browserVersion: 111.0.5563.65, chrome: {chromedriverVersion: 111.0.5563.64 (c710e93d5b63..., userDataDir: C:\Users\chowd\AppData\Loca...}, goog:chromeOptions: {debuggerAddress: localhost:64518}, networkConnectionEnabled: false, pageLoadStrategy: normal, platformName: WINDOWS, proxy: Proxy(), se:cdp: ws://localhost:64518/devtoo..., se:cdpVersion: 111.0.5563.65, setWindowRect: true, strictFileInteractability: false, timeouts: {implicit: 0, pageLoad: 300000, script: 30000}, unhandledPromptBehavior: dismiss and notify, webauthn:extension:credBlob: true, webauthn:extension:largeBlob: true, webauthn:extension:minPinLength: true, webauthn:extension:prf: true, webauthn:virtualAuthenticators: true}
Element: [[ChromeDriver: chrome on WINDOWS (3e6481e581549a1756a57b06f2c97c04)] -> xpath: //span[text() = 'Sign Out']]
Session ID: 3e6481e581549a1756a57b06f2c97c04
	at sun.reflect.NativeConstructorAccessorImpl.newInstance0(Native Method)
	at sun.reflect.NativeConstructorAccessorImpl.newInstance(NativeConstructorAccessorImpl.java:62)
	at sun.reflect.DelegatingConstructorAccessorImpl.newInstance(DelegatingConstructorAccessorImpl.java:45)
	at java.lang.reflect.Constructor.newInstance(Constructor.java:423)
	at org.openqa.selenium.remote.codec.w3c.W3CHttpResponseCodec.createException(W3CHttpResponseCodec.java:200)
	at org.openqa.selenium.remote.codec.w3c.W3CHttpResponseCodec.decode(W3CHttpResponseCodec.java:133)
	at org.openqa.selenium.remote.codec.w3c.W3CHttpResponseCodec.decode(W3CHttpResponseCodec.java:53)
	at org.openqa.selenium.remote.HttpCommandExecutor.execute(HttpCommandExecutor.java:184)
	at org.openqa.selenium.remote.service.DriverCommandExecutor.invokeExecute(DriverCommandExecutor.java:167)
	at org.openqa.selenium.remote.service.DriverCommandExecutor.execute(DriverCommandExecutor.java:142)
	at org.openqa.selenium.remote.RemoteWebDriver.execute(RemoteWebDriver.java:543)
	at org.openqa.selenium.remote.RemoteWebElement.execute(RemoteWebElement.java:257)
	at org.openqa.selenium.remote.RemoteWebElement.click(RemoteWebElement.java:78)
	at UsingLoops.Amazon_UsingLoops.signOut(Amazon_UsingLoops.java:98)
	at sun.reflect.NativeMethodAccessorImpl.invoke0(Native Method)
	at sun.reflect.NativeMethodAccessorImpl.invoke(NativeMethodAccessorImpl.java:62)
	at sun.reflect.DelegatingMethodAccessorImpl.invoke(DelegatingMethodAccessorImpl.java:43)
	at java.lang.reflect.Method.invoke(Method.java:498)
	at org.testng.internal.MethodInvocationHelper.invokeMethod(MethodInvocationHelper.java:124)
	at org.testng.internal.Invoker.invokeMethod(Invoker.java:583)
	at org.testng.internal.Invoker.invokeTestMethod(Invoker.java:719)
	at org.testng.internal.Invoker.invokeTestMethods(Invoker.java:989)
	at org.testng.internal.TestMethodWorker.invokeTestMethods(TestMethodWorker.java:125)
	at org.testng.internal.TestMethodWorker.run(TestMethodWorker.java:109)
	at org.testng.TestRunner.privateRun(TestRunner.java:648)
	at org.testng.TestRunner.run(TestRunner.java:505)
	at org.testng.SuiteRunner.runTest(SuiteRunner.java:455)
	at org.testng.SuiteRunner.runSequentially(SuiteRunner.java:450)
	at org.testng.SuiteRunner.privateRun(SuiteRunner.java:415)
	at org.testng.SuiteRunner.run(SuiteRunner.java:364)
	at org.testng.SuiteRunnerWorker.runSuite(SuiteRunnerWorker.java:52)
	at org.testng.SuiteRunnerWorker.run(SuiteRunnerWorker.java:84)
	at org.testng.TestNG.runSuitesSequentially(TestNG.java:1208)
	at org.testng.TestNG.runSuitesLocally(TestNG.java:1137)
	at org.testng.TestNG.runSuites(TestNG.java:1049)
	at org.testng.TestNG.run(TestNG.java:1017)
	at org.apache.maven.surefire.testng.TestNGExecutor.run(TestNGExecutor.java:308)
	at org.apache.maven.surefire.testng.TestNGXmlTestSuite.execute(TestNGXmlTestSuite.java:71)
	at org.apache.maven.surefire.testng.TestNGProvider.invoke(TestNGProvider.java:113)
	at org.apache.maven.surefire.booter.ForkedBooter.runSuitesInProcess(ForkedBooter.java:385)
	at org.apache.maven.surefire.booter.ForkedBooter.execute(ForkedBooter.java:162)
	at org.apache.maven.surefire.booter.ForkedBooter.run(ForkedBooter.java:507)
	at org.apache.maven.surefire.booter.ForkedBooter.main(ForkedBooter.java:495)
]]></failure>
    <system-out><![CDATA[[DEBUG] Using pooled Channel '[id: 0xb07ac5c6, L:/127.0.0.1:64516 - R:localhost/127.0.0.1:46602]' for 'POST' to 'http://localhost:46602/session/3e6481e581549a1756a57b06f2c97c04/element'
[DEBUG] Using open Channel [id: 0xb07ac5c6, L:/127.0.0.1:64516 - R:localhost/127.0.0.1:46602] for POST '/session/3e6481e581549a1756a57b06f2c97c04/element'
[DEBUG] 

Request DefaultHttpRequest(decodeResult: success, version: HTTP/1.1)
POST /session/3e6481e581549a1756a57b06f2c97c04/element HTTP/1.1
User-Agent: selenium/4.8.1 (java windows)
Content-Length: 78
Content-Type: application/json; charset=utf-8
host: localhost:46602
accept: */*

Response DefaultHttpResponse(decodeResult: success, version: HTTP/1.1)
HTTP/1.1 200 OK
Content-Length: 88
Content-Type: application/json; charset=utf-8
cache-control: no-cache

[DEBUG] Adding key: http://localhost:46602 for channel [id: 0xb07ac5c6, L:/127.0.0.1:64516 - R:localhost/127.0.0.1:46602]
[DEBUG] Using pooled Channel '[id: 0xb07ac5c6, L:/127.0.0.1:64516 - R:localhost/127.0.0.1:46602]' for 'POST' to 'http://localhost:46602/session/3e6481e581549a1756a57b06f2c97c04/actions'
[DEBUG] Using open Channel [id: 0xb07ac5c6, L:/127.0.0.1:64516 - R:localhost/127.0.0.1:46602] for POST '/session/3e6481e581549a1756a57b06f2c97c04/actions'
[DEBUG] Entry count for : http://localhost:64518 : 1
[DEBUG] Entry count for : http://localhost:64475 : 1
[DEBUG] Entry count for : http://localhost:37337 : 1
[DEBUG] 

Request DefaultHttpRequest(decodeResult: success, version: HTTP/1.1)
POST /session/3e6481e581549a1756a57b06f2c97c04/actions HTTP/1.1
User-Agent: selenium/4.8.1 (java windows)
Content-Length: 480
Content-Type: application/json; charset=utf-8
host: localhost:46602
accept: */*

Response DefaultHttpResponse(decodeResult: success, version: HTTP/1.1)
HTTP/1.1 200 OK
Content-Length: 14
Content-Type: application/json; charset=utf-8
cache-control: no-cache

[DEBUG] Adding key: http://localhost:46602 for channel [id: 0xb07ac5c6, L:/127.0.0.1:64516 - R:localhost/127.0.0.1:46602]
[DEBUG] Entry count for : http://localhost:64518 : 1
[DEBUG] Entry count for : http://localhost:46602 : 1
[DEBUG] Entry count for : http://localhost:64475 : 1
[DEBUG] Entry count for : http://localhost:37337 : 1
[DEBUG] Using pooled Channel '[id: 0xb07ac5c6, L:/127.0.0.1:64516 - R:localhost/127.0.0.1:46602]' for 'POST' to 'http://localhost:46602/session/3e6481e581549a1756a57b06f2c97c04/element'
[DEBUG] Using open Channel [id: 0xb07ac5c6, L:/127.0.0.1:64516 - R:localhost/127.0.0.1:46602] for POST '/session/3e6481e581549a1756a57b06f2c97c04/element'
[DEBUG] 

Request DefaultHttpRequest(decodeResult: success, version: HTTP/1.1)
POST /session/3e6481e581549a1756a57b06f2c97c04/element HTTP/1.1
User-Agent: selenium/4.8.1 (java windows)
Content-Length: 74
Content-Type: application/json; charset=utf-8
host: localhost:46602
accept: */*

Response DefaultHttpResponse(decodeResult: success, version: HTTP/1.1)
HTTP/1.1 200 OK
Content-Length: 88
Content-Type: application/json; charset=utf-8
cache-control: no-cache

[DEBUG] Adding key: http://localhost:46602 for channel [id: 0xb07ac5c6, L:/127.0.0.1:64516 - R:localhost/127.0.0.1:46602]
[DEBUG] Using pooled Channel '[id: 0xb07ac5c6, L:/127.0.0.1:64516 - R:localhost/127.0.0.1:46602]' for 'POST' to 'http://localhost:46602/session/3e6481e581549a1756a57b06f2c97c04/element/0fa81cd8-61d3-4f74-8fb5-395b254dbfa6/click'
[DEBUG] Using open Channel [id: 0xb07ac5c6, L:/127.0.0.1:64516 - R:localhost/127.0.0.1:46602] for POST '/session/3e6481e581549a1756a57b06f2c97c04/element/0fa81cd8-61d3-4f74-8fb5-395b254dbfa6/click'
[DEBUG] 

Request DefaultHttpRequest(decodeResult: success, version: HTTP/1.1)
POST /session/3e6481e581549a1756a57b06f2c97c04/element/0fa81cd8-61d3-4f74-8fb5-395b254dbfa6/click HTTP/1.1
User-Agent: selenium/4.8.1 (java windows)
Content-Length: 50
Content-Type: application/json; charset=utf-8
host: localhost:46602
accept: */*

Response DefaultHttpResponse(decodeResult: success, version: HTTP/1.1)
HTTP/1.1 400 Bad Request
Content-Length: 886
Content-Type: application/json; charset=utf-8
cache-control: no-cache

[DEBUG] Adding key: http://localhost:46602 for channel [id: 0xb07ac5c6, L:/127.0.0.1:64516 - R:localhost/127.0.0.1:46602]
]]></system-out>
  </testcase>
</testsuite>