<?xml version="1.0" encoding="UTF-8"?>
<!-- Generated by org.testng.reporters.JUnitReportReporter -->
<testsuite hostname="LAPTOP-PLNO5R2G" failures="0" tests="6" name="opencart.FaceBook_CreateAnAccount_DropDown" time="5.740" errors="0" timestamp="2023-03-20T22:16:34 PDT" skipped="0">
  <testcase classname="opencart.FaceBook_CreateAnAccount_DropDown" name="clickOnCreateANewAccountButton" time="2.055"/>
  <system-out/>
  <testcase classname="opencart.FaceBook_CreateAnAccount_DropDown" name="userInformation" time="0.380"/>
  <system-out/>
  <testcase classname="opencart.FaceBook_CreateAnAccount_DropDown" name="userBirthdayDropdown" time="1.021"/>
  <system-out/>
  <testcase classname="opencart.FaceBook_CreateAnAccount_DropDown" name="selectGenderCustom" time="0.088"/>
  <system-out/>
  <testcase classname="opencart.FaceBook_CreateAnAccount_DropDown" name="selectGenderPronoun" time="2.105"/>
  <system-out/>
  <testcase classname="opencart.FaceBook_CreateAnAccount_DropDown" name="optionalGender" time="0.091"/>
  <system-out/>
</testsuite> <!-- opencart.FaceBook_CreateAnAccount_DropDown -->
