<?xml version="1.0" encoding="UTF-8"?>
<!-- Generated by org.testng.reporters.JUnitReportReporter -->
<testsuite hostname="LAPTOP-PLNO5R2G" failures="0" tests="9" name="UsingLoops.Amazon_UsingLoops" time="19.160" errors="0" timestamp="2023-03-21T22:32:54 PDT" skipped="0">
  <testcase classname="UsingLoops.Amazon_UsingLoops" name="openSignTab" time="0.634"/>
  <system-out/>
  <testcase classname="UsingLoops.Amazon_UsingLoops" name="userName" time="0.637"/>
  <system-out/>
  <testcase classname="UsingLoops.Amazon_UsingLoops" name="passWord" time="0.163"/>
  <system-out/>
  <testcase classname="UsingLoops.Amazon_UsingLoops" name="searchItem" time="3.829"/>
  <system-out/>
  <testcase classname="UsingLoops.Amazon_UsingLoops" name="chooseItem1" time="3.647"/>
  <system-out/>
  <testcase classname="UsingLoops.Amazon_UsingLoops" name="itemSize" time="0.059"/>
  <system-out/>
  <testcase classname="UsingLoops.Amazon_UsingLoops" name="addToCart" time="3.909"/>
  <system-out/>
  <testcase classname="UsingLoops.Amazon_UsingLoops" name="clickOnHomeButton" time="1.351"/>
  <system-out/>
  <testcase classname="UsingLoops.Amazon_UsingLoops" name="signOut" time="4.931"/>
  <system-out/>
</testsuite> <!-- UsingLoops.Amazon_UsingLoops -->
