<?xml version="1.0" encoding="UTF-8"?>
<!-- Generated by org.testng.reporters.JUnitReportReporter -->
<testsuite hostname="LAPTOP-PLNO5R2G" failures="0" tests="6" name="UsingLoops.FaceBook_CreateAnAccount_DropDown_UsingLoops" time="5.818" errors="0" timestamp="2023-03-20T23:03:55 PDT" skipped="0">
  <testcase classname="UsingLoops.FaceBook_CreateAnAccount_DropDown_UsingLoops" name="clickOnCreateANewAccountButton" time="2.065"/>
  <system-out/>
  <testcase classname="UsingLoops.FaceBook_CreateAnAccount_DropDown_UsingLoops" name="userInformation" time="0.388"/>
  <system-out/>
  <testcase classname="UsingLoops.FaceBook_CreateAnAccount_DropDown_UsingLoops" name="userBirthdayDropdown" time="1.068"/>
  <system-out/>
  <testcase classname="UsingLoops.FaceBook_CreateAnAccount_DropDown_UsingLoops" name="selectGenderCustom" time="0.094"/>
  <system-out/>
  <testcase classname="UsingLoops.FaceBook_CreateAnAccount_DropDown_UsingLoops" name="selectGenderPronoun" time="2.112"/>
  <system-out/>
  <testcase classname="UsingLoops.FaceBook_CreateAnAccount_DropDown_UsingLoops" name="optionalGender" time="0.091"/>
  <system-out/>
</testsuite> <!-- UsingLoops.FaceBook_CreateAnAccount_DropDown_UsingLoops -->
